============================================================================================== 
Warning! Mixing Conda and module environments may lead to corruption of the
user environment. 
We do not recommend users mixing those two environments unless absolutely
necessary. Note that 
SURF does not provide any support for Conda environment.
For more information, please refer to our software policy page:
https://servicedesk.surf.nl/wiki/display/WIKI/Software+policy+Snellius#SoftwarepolicySnellius-UseofAnacondaandMinicondaenvironmentsonSnellius 

Remember that many packages have already been installed on the system and can
be loaded using 
the 'module load <package__name>' command. If you are uncertain if a package is
already available 
on the system, please use 'module avail' or 'module spider' to search for it.
============================================================================================== 
Building Cython extensions...
Compiling lean_reinforcement/agent/mcts/mcts_cy/base_mcts_cy.pyx because it changed.
Compiling lean_reinforcement/agent/mcts/mcts_cy/alphazero_cy.pyx because it depends on lean_reinforcement/agent/mcts/mcts_cy/base_mcts_cy.pxd.
Compiling lean_reinforcement/agent/mcts/mcts_cy/guidedrollout_cy.pyx because it depends on lean_reinforcement/agent/mcts/mcts_cy/base_mcts_cy.pxd.
[1/3] Cythonizing lean_reinforcement/agent/mcts/mcts_cy/base_mcts_cy.pyx
[2/3] Cythonizing lean_reinforcement/agent/mcts/mcts_cy/alphazero_cy.pyx
[3/3] Cythonizing lean_reinforcement/agent/mcts/mcts_cy/guidedrollout_cy.pyx
running build_ext
building 'lean_reinforcement.agent.mcts.mcts_cy.base_mcts_cy' extension
/home/gkoopman/.conda/envs/lean-reinforcement/bin/x86_64-conda-linux-gnu-cc -march=nocona -mtune=haswell -ftree-vectorize -fPIC -fstack-protector-strong -fno-plt -O2 -ffunction-sections -pipe -isystem /home/gkoopman/.conda/envs/lean-reinforcement/include -I/home/gkoopman/.conda/envs/lean-reinforcement/targets/x86_64-linux/include -DNDEBUG -D_FORTIFY_SOURCE=2 -O2 -isystem /home/gkoopman/.conda/envs/lean-reinforcement/include -I/home/gkoopman/.conda/envs/lean-reinforcement/targets/x86_64-linux/include -fPIC -I/home/gkoopman/.conda/envs/lean-reinforcement/lib/python3.10/site-packages/numpy/_core/include -I/home/gkoopman/.conda/envs/lean-reinforcement/include/python3.10 -c lean_reinforcement/agent/mcts/mcts_cy/base_mcts_cy.c -o build/temp.linux-x86_64-cpython-310/lean_reinforcement/agent/mcts/mcts_cy/base_mcts_cy.o -O3
/home/gkoopman/.conda/envs/lean-reinforcement/bin/x86_64-conda-linux-gnu-cc -shared -Wl,--allow-shlib-undefined -Wl,-rpath,/home/gkoopman/.conda/envs/lean-reinforcement/lib -Wl,-rpath-link,/home/gkoopman/.conda/envs/lean-reinforcement/lib -L/home/gkoopman/.conda/envs/lean-reinforcement/lib -Wl,--allow-shlib-undefined -Wl,-rpath,/home/gkoopman/.conda/envs/lean-reinforcement/lib -Wl,-rpath-link,/home/gkoopman/.conda/envs/lean-reinforcement/lib -L/home/gkoopman/.conda/envs/lean-reinforcement/lib -Wl,-O2 -Wl,--sort-common -Wl,--as-needed -Wl,-z,relro -Wl,-z,now -Wl,--disable-new-dtags -Wl,--gc-sections -Wl,--allow-shlib-undefined -Wl,-rpath,/home/gkoopman/.conda/envs/lean-reinforcement/lib -Wl,-rpath-link,/home/gkoopman/.conda/envs/lean-reinforcement/lib -L/home/gkoopman/.conda/envs/lean-reinforcement/lib -L/home/gkoopman/.conda/envs/lean-reinforcement/targets/x86_64-linux/lib -L/home/gkoopman/.conda/envs/lean-reinforcement/targets/x86_64-linux/lib/stubs -march=nocona -mtune=haswell -ftree-vectorize -fPIC -fstack-protector-strong -fno-plt -O2 -ffunction-sections -pipe -isystem /home/gkoopman/.conda/envs/lean-reinforcement/include -I/home/gkoopman/.conda/envs/lean-reinforcement/targets/x86_64-linux/include -DNDEBUG -D_FORTIFY_SOURCE=2 -O2 -isystem /home/gkoopman/.conda/envs/lean-reinforcement/include -I/home/gkoopman/.conda/envs/lean-reinforcement/targets/x86_64-linux/include build/temp.linux-x86_64-cpython-310/lean_reinforcement/agent/mcts/mcts_cy/base_mcts_cy.o -o build/lib.linux-x86_64-cpython-310/lean_reinforcement/agent/mcts/mcts_cy/base_mcts_cy.cpython-310-x86_64-linux-gnu.so
building 'lean_reinforcement.agent.mcts.mcts_cy.alphazero_cy' extension
/home/gkoopman/.conda/envs/lean-reinforcement/bin/x86_64-conda-linux-gnu-cc -march=nocona -mtune=haswell -ftree-vectorize -fPIC -fstack-protector-strong -fno-plt -O2 -ffunction-sections -pipe -isystem /home/gkoopman/.conda/envs/lean-reinforcement/include -I/home/gkoopman/.conda/envs/lean-reinforcement/targets/x86_64-linux/include -DNDEBUG -D_FORTIFY_SOURCE=2 -O2 -isystem /home/gkoopman/.conda/envs/lean-reinforcement/include -I/home/gkoopman/.conda/envs/lean-reinforcement/targets/x86_64-linux/include -fPIC -I/home/gkoopman/.conda/envs/lean-reinforcement/lib/python3.10/site-packages/numpy/_core/include -I/home/gkoopman/.conda/envs/lean-reinforcement/include/python3.10 -c lean_reinforcement/agent/mcts/mcts_cy/alphazero_cy.c -o build/temp.linux-x86_64-cpython-310/lean_reinforcement/agent/mcts/mcts_cy/alphazero_cy.o -O3
/home/gkoopman/.conda/envs/lean-reinforcement/bin/x86_64-conda-linux-gnu-cc -shared -Wl,--allow-shlib-undefined -Wl,-rpath,/home/gkoopman/.conda/envs/lean-reinforcement/lib -Wl,-rpath-link,/home/gkoopman/.conda/envs/lean-reinforcement/lib -L/home/gkoopman/.conda/envs/lean-reinforcement/lib -Wl,--allow-shlib-undefined -Wl,-rpath,/home/gkoopman/.conda/envs/lean-reinforcement/lib -Wl,-rpath-link,/home/gkoopman/.conda/envs/lean-reinforcement/lib -L/home/gkoopman/.conda/envs/lean-reinforcement/lib -Wl,-O2 -Wl,--sort-common -Wl,--as-needed -Wl,-z,relro -Wl,-z,now -Wl,--disable-new-dtags -Wl,--gc-sections -Wl,--allow-shlib-undefined -Wl,-rpath,/home/gkoopman/.conda/envs/lean-reinforcement/lib -Wl,-rpath-link,/home/gkoopman/.conda/envs/lean-reinforcement/lib -L/home/gkoopman/.conda/envs/lean-reinforcement/lib -L/home/gkoopman/.conda/envs/lean-reinforcement/targets/x86_64-linux/lib -L/home/gkoopman/.conda/envs/lean-reinforcement/targets/x86_64-linux/lib/stubs -march=nocona -mtune=haswell -ftree-vectorize -fPIC -fstack-protector-strong -fno-plt -O2 -ffunction-sections -pipe -isystem /home/gkoopman/.conda/envs/lean-reinforcement/include -I/home/gkoopman/.conda/envs/lean-reinforcement/targets/x86_64-linux/include -DNDEBUG -D_FORTIFY_SOURCE=2 -O2 -isystem /home/gkoopman/.conda/envs/lean-reinforcement/include -I/home/gkoopman/.conda/envs/lean-reinforcement/targets/x86_64-linux/include build/temp.linux-x86_64-cpython-310/lean_reinforcement/agent/mcts/mcts_cy/alphazero_cy.o -o build/lib.linux-x86_64-cpython-310/lean_reinforcement/agent/mcts/mcts_cy/alphazero_cy.cpython-310-x86_64-linux-gnu.so
building 'lean_reinforcement.agent.mcts.mcts_cy.guidedrollout_cy' extension
/home/gkoopman/.conda/envs/lean-reinforcement/bin/x86_64-conda-linux-gnu-cc -march=nocona -mtune=haswell -ftree-vectorize -fPIC -fstack-protector-strong -fno-plt -O2 -ffunction-sections -pipe -isystem /home/gkoopman/.conda/envs/lean-reinforcement/include -I/home/gkoopman/.conda/envs/lean-reinforcement/targets/x86_64-linux/include -DNDEBUG -D_FORTIFY_SOURCE=2 -O2 -isystem /home/gkoopman/.conda/envs/lean-reinforcement/include -I/home/gkoopman/.conda/envs/lean-reinforcement/targets/x86_64-linux/include -fPIC -I/home/gkoopman/.conda/envs/lean-reinforcement/lib/python3.10/site-packages/numpy/_core/include -I/home/gkoopman/.conda/envs/lean-reinforcement/include/python3.10 -c lean_reinforcement/agent/mcts/mcts_cy/guidedrollout_cy.c -o build/temp.linux-x86_64-cpython-310/lean_reinforcement/agent/mcts/mcts_cy/guidedrollout_cy.o -O3
/home/gkoopman/.conda/envs/lean-reinforcement/bin/x86_64-conda-linux-gnu-cc -shared -Wl,--allow-shlib-undefined -Wl,-rpath,/home/gkoopman/.conda/envs/lean-reinforcement/lib -Wl,-rpath-link,/home/gkoopman/.conda/envs/lean-reinforcement/lib -L/home/gkoopman/.conda/envs/lean-reinforcement/lib -Wl,--allow-shlib-undefined -Wl,-rpath,/home/gkoopman/.conda/envs/lean-reinforcement/lib -Wl,-rpath-link,/home/gkoopman/.conda/envs/lean-reinforcement/lib -L/home/gkoopman/.conda/envs/lean-reinforcement/lib -Wl,-O2 -Wl,--sort-common -Wl,--as-needed -Wl,-z,relro -Wl,-z,now -Wl,--disable-new-dtags -Wl,--gc-sections -Wl,--allow-shlib-undefined -Wl,-rpath,/home/gkoopman/.conda/envs/lean-reinforcement/lib -Wl,-rpath-link,/home/gkoopman/.conda/envs/lean-reinforcement/lib -L/home/gkoopman/.conda/envs/lean-reinforcement/lib -L/home/gkoopman/.conda/envs/lean-reinforcement/targets/x86_64-linux/lib -L/home/gkoopman/.conda/envs/lean-reinforcement/targets/x86_64-linux/lib/stubs -march=nocona -mtune=haswell -ftree-vectorize -fPIC -fstack-protector-strong -fno-plt -O2 -ffunction-sections -pipe -isystem /home/gkoopman/.conda/envs/lean-reinforcement/include -I/home/gkoopman/.conda/envs/lean-reinforcement/targets/x86_64-linux/include -DNDEBUG -D_FORTIFY_SOURCE=2 -O2 -isystem /home/gkoopman/.conda/envs/lean-reinforcement/include -I/home/gkoopman/.conda/envs/lean-reinforcement/targets/x86_64-linux/include build/temp.linux-x86_64-cpython-310/lean_reinforcement/agent/mcts/mcts_cy/guidedrollout_cy.o -o build/lib.linux-x86_64-cpython-310/lean_reinforcement/agent/mcts/mcts_cy/guidedrollout_cy.cpython-310-x86_64-linux-gnu.so
copying build/lib.linux-x86_64-cpython-310/lean_reinforcement/agent/mcts/mcts_cy/base_mcts_cy.cpython-310-x86_64-linux-gnu.so -> lean_reinforcement/agent/mcts/mcts_cy
copying build/lib.linux-x86_64-cpython-310/lean_reinforcement/agent/mcts/mcts_cy/alphazero_cy.cpython-310-x86_64-linux-gnu.so -> lean_reinforcement/agent/mcts/mcts_cy
copying build/lib.linux-x86_64-cpython-310/lean_reinforcement/agent/mcts/mcts_cy/guidedrollout_cy.cpython-310-x86_64-linux-gnu.so -> lean_reinforcement/agent/mcts/mcts_cy
copying build/lib.linux-x86_64-cpython-310/ReProver/common_cy.cpython-310-x86_64-linux-gnu.so -> ReProver
Starting training run with distributed environment...
wandb: Currently logged in as: gerbennkoopman to https://api.wandb.ai. Use `wandb login --relogin` to force relogin
wandb: Tracking run with wandb version 0.23.1
wandb: Run data is saved locally in /gpfs/home1/gkoopman/lean_reinforcement/wandb/run-20260115_184253-hfqulhu3
wandb: Run `wandb offline` to turn off syncing.
wandb: Syncing run vivid-planet-76
wandb: ‚≠êÔ∏è View project at https://wandb.ai/gerbennkoopman-university-of-amsterdam/lean-reinforcement
wandb: üöÄ View run at https://wandb.ai/gerbennkoopman-university-of-amsterdam/lean-reinforcement/runs/hfqulhu3
2026-01-15 18:42:55.480 | INFO     | lean_reinforcement.training.trainer:_setup_models:56 - Using checkpoint directory: /gpfs/scratch1/shared/lean-reinforcement/checkpoints
2026-01-15 18:43:01.290 | INFO     | lean_reinforcement.agent.value_head:load_checkpoint:192 - Checkpoint loaded from /gpfs/scratch1/shared/lean-reinforcement/checkpoints/value_head_guided_rollout_latest.pth
2026-01-15 18:43:01.291 | INFO     | lean_reinforcement.training.trainer:_setup_models:77 - Resuming training from epoch 1
2026-01-15 18:43:01.291 | INFO     | lean_reinforcement.training.trainer:_log_gpu_memory:123 - After model initialization - GPU Memory: 1.12GB allocated, 1.23GB reserved
2026-01-15 18:43:01.292 | INFO     | lean_reinforcement.training.trainer:_setup_data:87 - Loading data from 'leandojo_benchmark_4/novel_premises'
2026-01-15 18:43:01.292 | INFO     | lean_reinforcement.training.trainer:_setup_data:92 - Loading indexed corpus from /gpfs/scratch1/shared/lean-reinforcement/indexed_corpus/indexed_corpus.pkl
2026-01-15 18:44:46.478 | INFO     | lean_dojo.data_extraction.trace:trace:248 - Loading the traced repo from /gpfs/scratch1/shared/lean-reinforcement/datasets/lean_dojo_cache/leanprover-community-mathlib4-29dcec074de168ac2bf835a77ef68bbe069194c5/mathlib4
2026-01-15 18:45:10,171	INFO worker.py:2003 -- Started a local Ray instance. View the dashboard at [1m[32m127.0.0.1:8265 [39m[22m
/home/gkoopman/.conda/envs/lean-reinforcement/lib/python3.10/site-packages/ray/_private/worker.py:2051: FutureWarning: Tip: In future versions of Ray, Ray will no longer override accelerator visible devices env var if num_gpus=0 or num_gpus=None (default). To enable this behavior and turn off this error message, set RAY_ACCEL_ENV_VAR_OVERRIDE_ON_ZERO=0
  warnings.warn(
  0%|          | 0/5674 [00:00<?, ?it/s]  0%|          | 1/5674 [00:02<3:53:31,  2.47s/it]  0%|          | 3/5674 [00:02<1:04:31,  1.46it/s]  0%|          | 6/5674 [00:02<26:52,  3.52it/s]    0%|          | 9/5674 [00:02<15:50,  5.96it/s]  0%|          | 13/5674 [00:02<09:36,  9.82it/s]  0%|          | 17/5674 [00:03<06:46, 13.93it/s]  0%|          | 21/5674 [00:03<05:18, 17.76it/s]  0%|          | 25/5674 [00:07<41:59,  2.24it/s]  1%|          | 30/5674 [00:08<26:47,  3.51it/s]  1%|          | 33/5674 [00:08<21:04,  4.46it/s]  1%|          | 37/5674 [00:08<15:11,  6.19it/s]  1%|          | 42/5674 [00:08<10:58,  8.55it/s]  1%|          | 49/5674 [00:08<06:58, 13.45it/s]  1%|          | 53/5674 [00:13<36:56,  2.54it/s]  1%|          | 58/5674 [00:13<26:00,  3.60it/s]  1%|          | 62/5674 [00:14<20:25,  4.58it/s]  1%|          | 65/5674 [00:14<16:40,  5.61it/s]  1%|          | 69/5674 [00:14<12:39,  7.38it/s]  1%|‚ñè         | 77/5674 [00:14<07:27, 12.50it/s]  1%|‚ñè         | 82/5674 [00:20<36:31,  2.55it/s]  2%|‚ñè         | 86/5674 [00:20<28:31,  3.26it/s]  2%|‚ñè         | 90/5674 [00:20<21:49,  4.27it/s]  2%|‚ñè         | 93/5674 [00:20<18:35,  5.00it/s]  2%|‚ñè         | 96/5674 [00:21<15:36,  5.96it/s]  2%|‚ñè         | 99/5674 [00:21<12:30,  7.43it/s]  2%|‚ñè         | 102/5674 [00:21<10:03,  9.23it/s]  2%|‚ñè         | 106/5674 [00:27<57:55,  1.60it/s]  2%|‚ñè         | 108/5674 [00:27<47:38,  1.95it/s]  2%|‚ñè         | 110/5674 [00:28<38:55,  2.38it/s]  2%|‚ñè         | 113/5674 [00:28<28:04,  3.30it/s]  2%|‚ñè         | 115/5674 [00:28<23:05,  4.01it/s]  2%|‚ñè         | 118/5674 [00:28<16:50,  5.50it/s]  2%|‚ñè         | 124/5674 [00:28<09:28,  9.76it/s]  2%|‚ñè         | 128/5674 [00:28<07:46, 11.90it/s]  2%|‚ñè         | 133/5674 [00:29<06:14, 14.78it/s]  2%|‚ñè         | 136/5674 [00:36<59:16,  1.56it/s]  2%|‚ñè         | 141/5674 [00:36<38:36,  2.39it/s]  3%|‚ñé         | 144/5674 [00:36<30:12,  3.05it/s]  3%|‚ñé         | 147/5674 [00:36<23:35,  3.90it/s]  3%|‚ñé         | 150/5674 [00:36<18:11,  5.06it/s]  3%|‚ñé         | 156/5674 [00:37<11:24,  8.06it/s]  3%|‚ñé         | 160/5674 [00:37<08:50, 10.39it/s]  3%|‚ñé         | 164/5674 [00:37<07:29, 12.27it/s]  3%|‚ñé         | 168/5674 [00:37<05:57, 15.41it/s]  3%|‚ñé         | 172/5674 [00:37<05:25, 16.91it/s]  3%|‚ñé         | 176/5674 [00:37<04:29, 20.37it/s]  3%|‚ñé         | 183/5674 [00:37<03:10, 28.79it/s]  3%|‚ñé         | 189/5674 [00:46<48:14,  1.89it/s]  3%|‚ñé         | 194/5674 [00:46<34:53,  2.62it/s]  4%|‚ñé         | 200/5674 [00:47<24:18,  3.75it/s]  4%|‚ñé         | 210/5674 [00:47<14:32,  6.26it/s]  4%|‚ñç         | 216/5674 [00:47<10:58,  8.29it/s]  4%|‚ñç         | 225/5674 [00:47<07:16, 12.48it/s]  4%|‚ñç         | 234/5674 [00:47<05:11, 17.49it/s]  4%|‚ñç         | 241/5674 [00:47<04:14, 21.37it/s]  4%|‚ñç         | 250/5674 [00:47<03:13, 28.02it/s]  5%|‚ñç         | 257/5674 [00:48<03:05, 29.24it/s]  5%|‚ñç         | 263/5674 [00:48<02:51, 31.53it/s]  5%|‚ñç         | 268/5674 [00:48<02:48, 32.10it/s]  5%|‚ñç         | 273/5674 [00:48<02:34, 34.94it/s]  5%|‚ñç         | 278/5674 [00:58<47:37,  1.89it/s]  5%|‚ñå         | 285/5674 [00:58<31:43,  2.83it/s]  5%|‚ñå         | 290/5674 [00:58<24:11,  3.71it/s]  5%|‚ñå         | 294/5674 [00:58<19:18,  4.65it/s]  5%|‚ñå         | 298/5674 [00:58<15:08,  5.92it/s]  5%|‚ñå         | 306/5674 [00:58<09:21,  9.56it/s]  5%|‚ñå         | 311/5674 [00:58<07:26, 12.02it/s]  6%|‚ñå         | 316/5674 [00:59<06:01, 14.82it/s]  6%|‚ñå         | 323/5674 [00:59<04:20, 20.52it/s]  6%|‚ñå         | 329/5674 [00:59<03:53, 22.93it/s]  6%|‚ñå         | 338/5674 [00:59<02:45, 32.25it/s]  6%|‚ñå         | 344/5674 [00:59<02:25, 36.52it/s]  6%|‚ñå         | 350/5674 [00:59<02:20, 37.88it/s]  6%|‚ñã         | 356/5674 [00:59<02:13, 39.74it/s]  6%|‚ñã         | 362/5674 [01:00<02:03, 43.19it/s]  7%|‚ñã         | 369/5674 [01:00<01:48, 48.79it/s]  7%|‚ñã         | 376/5674 [01:00<01:39, 53.39it/s]  7%|‚ñã         | 384/5674 [01:00<01:30, 58.56it/s]  7%|‚ñã         | 391/5674 [01:00<01:25, 61.48it/s]  7%|‚ñã         | 391/5674 [01:11<01:25, 61.48it/s]  7%|‚ñã         | 401/5674 [01:11<38:23,  2.29it/s]  7%|‚ñã         | 418/5674 [01:11<20:11,  4.34it/s]  8%|‚ñä         | 432/5674 [01:11<13:07,  6.66it/s]  8%|‚ñä         | 444/5674 [01:12<09:21,  9.31it/s]  8%|‚ñä         | 458/5674 [01:12<06:24, 13.58it/s]  8%|‚ñä         | 470/5674 [01:12<04:44, 18.29it/s]  8%|‚ñä         | 482/5674 [01:12<03:49, 22.58it/s]  9%|‚ñä         | 492/5674 [01:12<03:09, 27.39it/s]  9%|‚ñâ         | 501/5674 [01:12<02:51, 30.21it/s]  9%|‚ñâ         | 509/5674 [01:12<02:27, 34.96it/s]  9%|‚ñâ         | 517/5674 [01:13<02:15, 38.12it/s]  9%|‚ñâ         | 524/5674 [01:13<02:19, 36.83it/s]  9%|‚ñâ         | 530/5674 [01:13<02:30, 34.22it/s]  9%|‚ñâ         | 535/5674 [01:13<02:28, 34.64it/s] 10%|‚ñâ         | 543/5674 [01:13<02:30, 34.04it/s] 10%|‚ñâ         | 551/5674 [01:13<02:02, 41.67it/s] 10%|‚ñâ         | 557/5674 [01:14<02:17, 37.32it/s] 10%|‚ñâ         | 562/5674 [01:14<02:24, 35.29it/s] 10%|‚ñà         | 569/5674 [01:14<02:04, 41.09it/s] 10%|‚ñà         | 575/5674 [01:14<01:53, 44.73it/s] 10%|‚ñà         | 583/5674 [01:14<01:37, 52.32it/s] 10%|‚ñà         | 583/5674 [01:27<01:37, 52.32it/s] 10%|‚ñà         | 591/5674 [01:27<47:49,  1.77it/s] 11%|‚ñà         | 601/5674 [01:28<30:26,  2.78it/s] 11%|‚ñà         | 608/5674 [01:28<22:36,  3.73it/s] 11%|‚ñà         | 614/5674 [01:28<17:33,  4.81it/s] 11%|‚ñà         | 621/5674 [01:28<12:48,  6.58it/s] 11%|‚ñà         | 630/5674 [01:28<08:45,  9.60it/s] 11%|‚ñà‚ñè        | 640/5674 [01:28<06:05, 13.78it/s] 11%|‚ñà‚ñè        | 649/5674 [01:29<04:38, 18.04it/s] 12%|‚ñà‚ñè        | 655/5674 [01:29<04:11, 19.96it/s] 12%|‚ñà‚ñè        | 660/5674 [01:29<03:40, 22.72it/s] 12%|‚ñà‚ñè        | 668/5674 [01:29<02:50, 29.45it/s] 12%|‚ñà‚ñè        | 677/5674 [01:29<02:15, 36.84it/s] 12%|‚ñà‚ñè        | 687/5674 [01:29<01:52, 44.19it/s] 12%|‚ñà‚ñè        | 695/5674 [01:29<01:55, 42.97it/s] 12%|‚ñà‚ñè        | 701/5674 [01:30<01:48, 45.89it/s] 12%|‚ñà‚ñè        | 708/5674 [01:30<01:41, 48.97it/s] 13%|‚ñà‚ñé        | 714/5674 [01:30<01:50, 44.73it/s] 13%|‚ñà‚ñé        | 720/5674 [01:30<01:55, 42.78it/s] 13%|‚ñà‚ñé        | 726/5674 [01:30<01:57, 42.07it/s] 13%|‚ñà‚ñé        | 731/5674 [01:30<02:11, 37.68it/s] 13%|‚ñà‚ñé        | 736/5674 [01:30<02:16, 36.30it/s] 13%|‚ñà‚ñé        | 742/5674 [01:31<01:59, 41.26it/s] 13%|‚ñà‚ñé        | 747/5674 [01:31<01:59, 41.37it/s] 13%|‚ñà‚ñé        | 752/5674 [01:31<01:59, 41.18it/s] 13%|‚ñà‚ñé        | 758/5674 [01:31<01:54, 42.99it/s] 13%|‚ñà‚ñé        | 765/5674 [01:31<01:38, 49.69it/s] 13%|‚ñà‚ñé        | 765/5674 [01:47<01:38, 49.69it/s] 14%|‚ñà‚ñé        | 769/5674 [01:47<1:13:44,  1.11it/s] 14%|‚ñà‚ñé        | 777/5674 [01:47<45:29,  1.79it/s]   14%|‚ñà‚ñç        | 783/5674 [01:47<32:34,  2.50it/s] 14%|‚ñà‚ñç        | 789/5674 [01:47<23:35,  3.45it/s] 14%|‚ñà‚ñç        | 794/5674 [01:48<18:15,  4.45it/s] 14%|‚ñà‚ñç        | 799/5674 [01:48<14:00,  5.80it/s] 14%|‚ñà‚ñç        | 804/5674 [01:48<10:35,  7.66it/s] 14%|‚ñà‚ñç        | 810/5674 [01:48<07:36, 10.65it/s] 14%|‚ñà‚ñç        | 815/5674 [01:48<06:44, 12.01it/s] 14%|‚ñà‚ñç        | 819/5674 [01:48<05:50, 13.85it/s] 15%|‚ñà‚ñç        | 826/5674 [01:49<04:32, 17.77it/s] 15%|‚ñà‚ñç        | 830/5674 [01:49<04:05, 19.74it/s] 15%|‚ñà‚ñç        | 836/5674 [01:49<03:10, 25.43it/s] 15%|‚ñà‚ñç        | 841/5674 [01:49<02:43, 29.54it/s] 15%|‚ñà‚ñç        | 850/5674 [01:49<01:56, 41.26it/s] 15%|‚ñà‚ñå        | 856/5674 [01:49<01:58, 40.50it/s] 15%|‚ñà‚ñå        | 862/5674 [01:49<02:04, 38.75it/s] 15%|‚ñà‚ñå        | 868/5674 [01:49<01:58, 40.62it/s] 15%|‚ñà‚ñå        | 873/5674 [01:50<01:56, 41.19it/s] 15%|‚ñà‚ñå        | 878/5674 [01:50<02:12, 36.22it/s] 16%|‚ñà‚ñå        | 883/5674 [01:50<02:14, 35.59it/s] 16%|‚ñà‚ñå        | 887/5674 [01:50<02:30, 31.73it/s] 16%|‚ñà‚ñå        | 892/5674 [01:50<02:26, 32.74it/s] 16%|‚ñà‚ñå        | 896/5674 [01:50<02:40, 29.84it/s] 16%|‚ñà‚ñå        | 900/5674 [01:51<02:43, 29.12it/s] 16%|‚ñà‚ñå        | 906/5674 [01:51<02:30, 31.70it/s] 16%|‚ñà‚ñå        | 911/5674 [01:51<02:14, 35.43it/s] 16%|‚ñà‚ñå        | 917/5674 [01:51<01:56, 40.75it/s] 16%|‚ñà‚ñã        | 925/5674 [01:51<01:49, 43.31it/s] 16%|‚ñà‚ñã        | 925/5674 [02:10<01:49, 43.31it/s] 16%|‚ñà‚ñã        | 935/5674 [02:10<1:02:53,  1.26it/s] 17%|‚ñà‚ñã        | 939/5674 [02:10<51:15,  1.54it/s]   17%|‚ñà‚ñã        | 944/5674 [02:10<38:57,  2.02it/s] 17%|‚ñà‚ñã        | 950/5674 [02:10<27:31,  2.86it/s] 17%|‚ñà‚ñã        | 956/5674 [02:11<19:37,  4.01it/s] 17%|‚ñà‚ñã        | 961/5674 [02:11<14:54,  5.27it/s] 17%|‚ñà‚ñã        | 968/5674 [02:11<10:11,  7.70it/s] 17%|‚ñà‚ñã        | 973/5674 [02:11<08:08,  9.63it/s] 17%|‚ñà‚ñã        | 978/5674 [02:11<06:26, 12.14it/s] 17%|‚ñà‚ñã        | 983/5674 [02:11<05:07, 15.23it/s] 17%|‚ñà‚ñã        | 988/5674 [02:11<04:11, 18.63it/s] 18%|‚ñà‚ñä        | 993/5674 [02:11<03:28, 22.49it/s] 18%|‚ñà‚ñä        | 999/5674 [02:12<02:46, 28.07it/s] 18%|‚ñà‚ñä        | 1005/5674 [02:12<02:20, 33.25it/s] 18%|‚ñà‚ñä        | 1013/5674 [02:12<01:50, 42.18it/s] 18%|‚ñà‚ñä        | 1019/5674 [02:12<01:56, 40.11it/s] 18%|‚ñà‚ñä        | 1025/5674 [02:12<02:00, 38.51it/s] 18%|‚ñà‚ñä        | 1030/5674 [02:12<02:12, 35.12it/s] 18%|‚ñà‚ñä        | 1036/5674 [02:12<01:59, 38.88it/s] 18%|‚ñà‚ñä        | 1041/5674 [02:13<02:16, 34.00it/s] 18%|‚ñà‚ñä        | 1045/5674 [02:13<02:18, 33.36it/s] 18%|‚ñà‚ñä        | 1049/5674 [02:13<02:22, 32.39it/s] 19%|‚ñà‚ñä        | 1053/5674 [02:13<02:42, 28.40it/s] 19%|‚ñà‚ñä        | 1058/5674 [02:13<02:31, 30.40it/s] 19%|‚ñà‚ñä        | 1062/5674 [02:13<02:24, 31.81it/s] 19%|‚ñà‚ñâ        | 1066/5674 [02:13<02:42, 28.41it/s] 19%|‚ñà‚ñâ        | 1073/5674 [02:14<02:05, 36.63it/s] 19%|‚ñà‚ñâ        | 1081/5674 [02:14<01:41, 45.05it/s] 19%|‚ñà‚ñâ        | 1086/5674 [02:14<01:48, 42.21it/s] 19%|‚ñà‚ñâ        | 1094/5674 [02:14<01:30, 50.60it/s] 19%|‚ñà‚ñâ        | 1102/5674 [02:14<01:20, 56.57it/s] 20%|‚ñà‚ñâ        | 1108/5674 [02:14<01:21, 56.23it/s] 20%|‚ñà‚ñâ        | 1114/5674 [02:14<01:22, 55.39it/s] 20%|‚ñà‚ñâ        | 1120/5674 [02:14<01:31, 49.95it/s] 20%|‚ñà‚ñâ        | 1130/5674 [02:15<01:14, 61.13it/s] 20%|‚ñà‚ñà        | 1139/5674 [02:15<01:06, 67.78it/s] 20%|‚ñà‚ñà        | 1147/5674 [02:15<01:06, 68.00it/s] 20%|‚ñà‚ñà        | 1154/5674 [02:15<01:15, 59.68it/s] 20%|‚ñà‚ñà        | 1162/5674 [02:15<01:13, 61.04it/s] 21%|‚ñà‚ñà        | 1172/5674 [02:15<01:07, 66.44it/s] 21%|‚ñà‚ñà        | 1172/5674 [02:38<01:07, 66.44it/s] 21%|‚ñà‚ñà        | 1176/5674 [02:38<1:12:17,  1.04it/s] 21%|‚ñà‚ñà        | 1198/5674 [02:38<31:05,  2.40it/s]   21%|‚ñà‚ñà‚ñè       | 1210/5674 [02:38<21:39,  3.43it/s] 22%|‚ñà‚ñà‚ñè       | 1222/5674 [02:38<15:12,  4.88it/s] 22%|‚ñà‚ñà‚ñè       | 1234/5674 [02:38<10:46,  6.87it/s] 22%|‚ñà‚ñà‚ñè       | 1253/5674 [02:38<06:34, 11.22it/s] 22%|‚ñà‚ñà‚ñè       | 1272/5674 [02:38<04:17, 17.13it/s] 23%|‚ñà‚ñà‚ñé       | 1286/5674 [02:38<03:19, 21.95it/s] 23%|‚ñà‚ñà‚ñé       | 1299/5674 [02:39<02:35, 28.11it/s] 23%|‚ñà‚ñà‚ñé       | 1311/5674 [02:39<02:06, 34.40it/s] 23%|‚ñà‚ñà‚ñé       | 1324/5674 [02:39<01:40, 43.43it/s] 24%|‚ñà‚ñà‚ñé       | 1336/5674 [02:39<01:33, 46.22it/s] 24%|‚ñà‚ñà‚ñé       | 1347/5674 [02:39<01:20, 54.00it/s] 24%|‚ñà‚ñà‚ñç       | 1358/5674 [02:39<01:13, 58.41it/s] 24%|‚ñà‚ñà‚ñç       | 1368/5674 [02:39<01:08, 63.10it/s] 24%|‚ñà‚ñà‚ñç       | 1377/5674 [02:40<01:07, 63.85it/s] 24%|‚ñà‚ñà‚ñç       | 1386/5674 [02:40<01:15, 56.45it/s] 25%|‚ñà‚ñà‚ñç       | 1393/5674 [02:40<01:41, 42.34it/s] 25%|‚ñà‚ñà‚ñç       | 1399/5674 [02:40<01:37, 43.86it/s] 25%|‚ñà‚ñà‚ñç       | 1405/5674 [02:40<01:40, 42.66it/s] 25%|‚ñà‚ñà‚ñç       | 1410/5674 [02:40<01:41, 42.11it/s] 25%|‚ñà‚ñà‚ñç       | 1415/5674 [02:41<01:44, 40.64it/s] 25%|‚ñà‚ñà‚ñå       | 1423/5674 [02:41<01:34, 45.12it/s] 25%|‚ñà‚ñà‚ñå       | 1428/5674 [02:41<01:40, 42.07it/s] 25%|‚ñà‚ñà‚ñå       | 1435/5674 [02:41<01:36, 44.06it/s] 25%|‚ñà‚ñà‚ñå       | 1440/5674 [02:41<01:58, 35.81it/s] 25%|‚ñà‚ñà‚ñå       | 1444/5674 [02:41<01:55, 36.47it/s] 26%|‚ñà‚ñà‚ñå       | 1448/5674 [02:42<02:04, 33.86it/s] 26%|‚ñà‚ñà‚ñå       | 1455/5674 [02:42<01:40, 41.88it/s] 26%|‚ñà‚ñà‚ñå       | 1462/5674 [02:42<01:27, 48.24it/s] 26%|‚ñà‚ñà‚ñå       | 1468/5674 [02:42<01:30, 46.50it/s] 26%|‚ñà‚ñà‚ñå       | 1474/5674 [02:42<01:35, 43.87it/s] 26%|‚ñà‚ñà‚ñå       | 1482/5674 [02:42<01:33, 45.07it/s] 26%|‚ñà‚ñà‚ñå       | 1487/5674 [02:42<01:44, 39.91it/s] 26%|‚ñà‚ñà‚ñã       | 1493/5674 [02:42<01:36, 43.48it/s] 26%|‚ñà‚ñà‚ñã       | 1498/5674 [02:43<01:36, 43.26it/s] 26%|‚ñà‚ñà‚ñã       | 1503/5674 [02:43<01:36, 43.44it/s] 27%|‚ñà‚ñà‚ñã       | 1508/5674 [02:43<01:48, 38.32it/s] 27%|‚ñà‚ñà‚ñã       | 1513/5674 [02:43<01:52, 36.90it/s] 27%|‚ñà‚ñà‚ñã       | 1521/5674 [02:43<01:30, 45.70it/s] 27%|‚ñà‚ñà‚ñã       | 1527/5674 [02:43<01:37, 42.71it/s] 27%|‚ñà‚ñà‚ñã       | 1532/5674 [02:43<01:33, 44.14it/s] 27%|‚ñà‚ñà‚ñã       | 1537/5674 [02:44<01:41, 40.93it/s] 27%|‚ñà‚ñà‚ñã       | 1546/5674 [02:44<01:40, 40.89it/s] 27%|‚ñà‚ñà‚ñã       | 1551/5674 [02:44<02:09, 31.76it/s] 27%|‚ñà‚ñà‚ñã       | 1556/5674 [02:44<01:58, 34.86it/s] 27%|‚ñà‚ñà‚ñã       | 1556/5674 [03:13<01:58, 34.86it/s] 27%|‚ñà‚ñà‚ñã       | 1559/5674 [03:13<2:00:14,  1.75s/it] 28%|‚ñà‚ñà‚ñä       | 1565/5674 [03:13<1:19:40,  1.16s/it] 28%|‚ñà‚ñà‚ñä       | 1570/5674 [03:13<57:03,  1.20it/s]   28%|‚ñà‚ñà‚ñä       | 1574/5674 [03:13<44:11,  1.55it/s] 28%|‚ñà‚ñà‚ñä       | 1578/5674 [03:13<33:08,  2.06it/s] 28%|‚ñà‚ñà‚ñä       | 1583/5674 [03:14<23:25,  2.91it/s] 28%|‚ñà‚ñà‚ñä       | 1586/5674 [03:14<18:56,  3.60it/s] 28%|‚ñà‚ñà‚ñä       | 1592/5674 [03:14<12:09,  5.60it/s] 28%|‚ñà‚ñà‚ñä       | 1596/5674 [03:14<09:23,  7.24it/s] 28%|‚ñà‚ñà‚ñä       | 1600/5674 [03:14<07:28,  9.09it/s] 28%|‚ñà‚ñà‚ñä       | 1604/5674 [03:14<05:55, 11.43it/s] 28%|‚ñà‚ñà‚ñä       | 1608/5674 [03:14<04:57, 13.65it/s] 28%|‚ñà‚ñà‚ñä       | 1612/5674 [03:14<04:04, 16.61it/s] 29%|‚ñà‚ñà‚ñä       | 1618/5674 [03:14<02:56, 22.95it/s] 29%|‚ñà‚ñà‚ñä       | 1623/5674 [03:15<02:38, 25.55it/s] 29%|‚ñà‚ñà‚ñä       | 1627/5674 [03:15<02:28, 27.17it/s] 29%|‚ñà‚ñà‚ñâ       | 1632/5674 [03:15<02:07, 31.75it/s] 29%|‚ñà‚ñà‚ñâ       | 1637/5674 [03:15<02:18, 29.09it/s] 29%|‚ñà‚ñà‚ñâ       | 1641/5674 [03:15<02:10, 30.90it/s] 29%|‚ñà‚ñà‚ñâ       | 1645/5674 [03:15<02:16, 29.57it/s] 29%|‚ñà‚ñà‚ñâ       | 1650/5674 [03:15<02:02, 32.80it/s] 29%|‚ñà‚ñà‚ñâ       | 1657/5674 [03:16<01:39, 40.42it/s] 29%|‚ñà‚ñà‚ñâ       | 1663/5674 [03:16<01:31, 43.87it/s] 29%|‚ñà‚ñà‚ñâ       | 1668/5674 [03:16<01:38, 40.53it/s] 30%|‚ñà‚ñà‚ñâ       | 1676/5674 [03:16<01:20, 49.79it/s] 30%|‚ñà‚ñà‚ñâ       | 1683/5674 [03:16<01:16, 52.14it/s] 30%|‚ñà‚ñà‚ñâ       | 1689/5674 [03:16<01:25, 46.50it/s] 30%|‚ñà‚ñà‚ñâ       | 1697/5674 [03:16<01:15, 52.57it/s] 30%|‚ñà‚ñà‚ñà       | 1703/5674 [03:16<01:19, 49.88it/s] 30%|‚ñà‚ñà‚ñà       | 1710/5674 [03:17<01:19, 49.90it/s] 30%|‚ñà‚ñà‚ñà       | 1717/5674 [03:17<01:28, 44.93it/s] 30%|‚ñà‚ñà‚ñà       | 1725/5674 [03:17<01:17, 50.81it/s] 31%|‚ñà‚ñà‚ñà       | 1731/5674 [03:17<01:28, 44.44it/s] 31%|‚ñà‚ñà‚ñà       | 1741/5674 [03:17<01:12, 54.52it/s] 31%|‚ñà‚ñà‚ñà       | 1747/5674 [03:17<01:33, 42.07it/s] 31%|‚ñà‚ñà‚ñà       | 1755/5674 [03:18<01:19, 49.36it/s] 31%|‚ñà‚ñà‚ñà       | 1765/5674 [03:18<01:05, 60.11it/s] 31%|‚ñà‚ñà‚ñà       | 1772/5674 [03:18<01:12, 53.80it/s] 31%|‚ñà‚ñà‚ñà‚ñè      | 1779/5674 [03:18<01:29, 43.58it/s] 32%|‚ñà‚ñà‚ñà‚ñè      | 1788/5674 [03:18<01:14, 52.21it/s] 32%|‚ñà‚ñà‚ñà‚ñè      | 1799/5674 [03:18<01:06, 58.64it/s] 32%|‚ñà‚ñà‚ñà‚ñè      | 1806/5674 [03:18<01:14, 51.78it/s] 32%|‚ñà‚ñà‚ñà‚ñè      | 1815/5674 [03:19<01:07, 57.36it/s] 32%|‚ñà‚ñà‚ñà‚ñè      | 1822/5674 [03:19<01:07, 57.24it/s] 32%|‚ñà‚ñà‚ñà‚ñè      | 1831/5674 [03:19<01:00, 63.45it/s] 32%|‚ñà‚ñà‚ñà‚ñè      | 1838/5674 [03:19<01:02, 61.47it/s] 33%|‚ñà‚ñà‚ñà‚ñé      | 1845/5674 [03:19<01:02, 61.23it/s] 33%|‚ñà‚ñà‚ñà‚ñé      | 1855/5674 [03:19<00:54, 69.85it/s] 33%|‚ñà‚ñà‚ñà‚ñé      | 1863/5674 [03:19<00:54, 70.00it/s] 33%|‚ñà‚ñà‚ñà‚ñé      | 1871/5674 [03:19<01:02, 60.72it/s] 33%|‚ñà‚ñà‚ñà‚ñé      | 1885/5674 [03:20<00:47, 79.72it/s] 33%|‚ñà‚ñà‚ñà‚ñé      | 1894/5674 [03:20<00:49, 76.72it/s] 34%|‚ñà‚ñà‚ñà‚ñé      | 1903/5674 [03:20<00:52, 71.84it/s] 34%|‚ñà‚ñà‚ñà‚ñé      | 1911/5674 [03:20<00:55, 67.84it/s] 34%|‚ñà‚ñà‚ñà‚ñç      | 1919/5674 [03:20<00:57, 64.79it/s] 34%|‚ñà‚ñà‚ñà‚ñç      | 1919/5674 [03:53<00:57, 64.79it/s] 34%|‚ñà‚ñà‚ñà‚ñç      | 1920/5674 [03:53<1:37:28,  1.56s/it] 34%|‚ñà‚ñà‚ñà‚ñç      | 1928/5674 [03:53<1:03:42,  1.02s/it] 34%|‚ñà‚ñà‚ñà‚ñç      | 1935/5674 [03:53<44:52,  1.39it/s]   34%|‚ñà‚ñà‚ñà‚ñç      | 1941/5674 [03:54<33:00,  1.88it/s] 34%|‚ñà‚ñà‚ñà‚ñç      | 1950/5674 [03:54<21:06,  2.94it/s] 35%|‚ñà‚ñà‚ñà‚ñç      | 1958/5674 [03:54<14:37,  4.24it/s] 35%|‚ñà‚ñà‚ñà‚ñç      | 1970/5674 [03:54<08:53,  6.95it/s] 35%|‚ñà‚ñà‚ñà‚ñç      | 1978/5674 [03:54<06:43,  9.17it/s] 35%|‚ñà‚ñà‚ñà‚ñå      | 1989/5674 [03:54<04:32, 13.53it/s] 35%|‚ñà‚ñà‚ñà‚ñå      | 2002/5674 [03:54<03:01, 20.18it/s] 35%|‚ñà‚ñà‚ñà‚ñå      | 2012/5674 [03:54<02:26, 25.05it/s] 36%|‚ñà‚ñà‚ñà‚ñå      | 2021/5674 [03:55<02:02, 29.75it/s] 36%|‚ñà‚ñà‚ñà‚ñå      | 2031/5674 [03:55<01:36, 37.64it/s] 36%|‚ñà‚ñà‚ñà‚ñå      | 2040/5674 [03:55<01:28, 41.17it/s] 36%|‚ñà‚ñà‚ñà‚ñå      | 2048/5674 [03:55<01:19, 45.55it/s] 36%|‚ñà‚ñà‚ñà‚ñå      | 2056/5674 [03:55<01:14, 48.75it/s] 36%|‚ñà‚ñà‚ñà‚ñã      | 2067/5674 [03:55<01:06, 54.23it/s] 37%|‚ñà‚ñà‚ñà‚ñã      | 2074/5674 [03:55<01:06, 53.78it/s] 37%|‚ñà‚ñà‚ñà‚ñã      | 2081/5674 [03:55<01:05, 54.91it/s] 37%|‚ñà‚ñà‚ñà‚ñã      | 2088/5674 [03:56<01:18, 45.46it/s] 37%|‚ñà‚ñà‚ñà‚ñã      | 2094/5674 [03:56<01:21, 44.05it/s] 37%|‚ñà‚ñà‚ñà‚ñã      | 2100/5674 [03:56<01:15, 47.08it/s] 37%|‚ñà‚ñà‚ñà‚ñã      | 2106/5674 [03:56<01:22, 43.01it/s] 37%|‚ñà‚ñà‚ñà‚ñã      | 2111/5674 [03:56<01:27, 40.95it/s] 37%|‚ñà‚ñà‚ñà‚ñã      | 2117/5674 [03:56<01:20, 44.09it/s] 37%|‚ñà‚ñà‚ñà‚ñã      | 2125/5674 [03:57<01:11, 49.60it/s] 38%|‚ñà‚ñà‚ñà‚ñä      | 2131/5674 [03:57<01:19, 44.79it/s] 38%|‚ñà‚ñà‚ñà‚ñä      | 2139/5674 [03:57<01:07, 52.73it/s] 38%|‚ñà‚ñà‚ñà‚ñä      | 2145/5674 [03:57<01:05, 54.13it/s] 38%|‚ñà‚ñà‚ñà‚ñä      | 2153/5674 [03:57<01:01, 57.05it/s] 38%|‚ñà‚ñà‚ñà‚ñä      | 2163/5674 [03:57<00:51, 67.91it/s] 38%|‚ñà‚ñà‚ñà‚ñä      | 2171/5674 [03:57<01:08, 50.87it/s] 38%|‚ñà‚ñà‚ñà‚ñä      | 2181/5674 [03:57<00:56, 61.29it/s] 39%|‚ñà‚ñà‚ñà‚ñä      | 2189/5674 [03:58<00:58, 59.44it/s] 39%|‚ñà‚ñà‚ñà‚ñä      | 2196/5674 [03:58<01:05, 53.50it/s] 39%|‚ñà‚ñà‚ñà‚ñâ      | 2204/5674 [03:58<00:59, 58.68it/s] 39%|‚ñà‚ñà‚ñà‚ñâ      | 2211/5674 [03:58<01:08, 50.33it/s] 39%|‚ñà‚ñà‚ñà‚ñâ      | 2219/5674 [03:58<01:01, 56.62it/s] 39%|‚ñà‚ñà‚ñà‚ñâ      | 2226/5674 [03:58<01:30, 38.30it/s] 39%|‚ñà‚ñà‚ñà‚ñâ      | 2232/5674 [03:59<01:51, 30.82it/s] 39%|‚ñà‚ñà‚ñà‚ñâ      | 2239/5674 [03:59<01:44, 32.78it/s] 40%|‚ñà‚ñà‚ñà‚ñâ      | 2244/5674 [03:59<01:39, 34.53it/s] 40%|‚ñà‚ñà‚ñà‚ñâ      | 2249/5674 [03:59<01:36, 35.58it/s] 40%|‚ñà‚ñà‚ñà‚ñâ      | 2254/5674 [03:59<01:40, 34.15it/s] 40%|‚ñà‚ñà‚ñà‚ñâ      | 2259/5674 [04:00<01:34, 36.04it/s] 40%|‚ñà‚ñà‚ñà‚ñâ      | 2266/5674 [04:00<01:22, 41.43it/s] 40%|‚ñà‚ñà‚ñà‚ñà      | 2271/5674 [04:00<01:46, 32.08it/s] 40%|‚ñà‚ñà‚ñà‚ñà      | 2276/5674 [04:00<01:39, 34.06it/s] 40%|‚ñà‚ñà‚ñà‚ñà      | 2284/5674 [04:00<01:20, 42.31it/s] 40%|‚ñà‚ñà‚ñà‚ñà      | 2289/5674 [04:00<01:29, 37.69it/s] 40%|‚ñà‚ñà‚ñà‚ñà      | 2296/5674 [04:00<01:16, 44.12it/s] 41%|‚ñà‚ñà‚ñà‚ñà      | 2306/5674 [04:01<01:00, 56.12it/s] 41%|‚ñà‚ñà‚ñà‚ñà      | 2313/5674 [04:01<01:17, 43.33it/s] 41%|‚ñà‚ñà‚ñà‚ñà      | 2321/5674 [04:01<01:07, 49.61it/s] 41%|‚ñà‚ñà‚ñà‚ñà      | 2327/5674 [04:01<01:11, 46.91it/s] 41%|‚ñà‚ñà‚ñà‚ñà      | 2333/5674 [04:01<01:16, 43.50it/s] 41%|‚ñà‚ñà‚ñà‚ñà      | 2338/5674 [04:01<01:15, 44.47it/s] 41%|‚ñà‚ñà‚ñà‚ñà‚ñè     | 2343/5674 [04:01<01:19, 42.02it/s] 41%|‚ñà‚ñà‚ñà‚ñà‚ñè     | 2349/5674 [04:02<01:13, 44.99it/s] 42%|‚ñà‚ñà‚ñà‚ñà‚ñè     | 2356/5674 [04:02<01:11, 46.09it/s] 42%|‚ñà‚ñà‚ñà‚ñà‚ñè     | 2361/5674 [04:02<01:20, 41.33it/s] 42%|‚ñà‚ñà‚ñà‚ñà‚ñè     | 2366/5674 [04:02<01:20, 40.89it/s] 42%|‚ñà‚ñà‚ñà‚ñà‚ñè     | 2372/5674 [04:02<01:17, 42.48it/s] 42%|‚ñà‚ñà‚ñà‚ñà‚ñè     | 2372/5674 [04:43<01:17, 42.48it/s] 42%|‚ñà‚ñà‚ñà‚ñà‚ñè     | 2376/5674 [04:43<2:10:00,  2.37s/it] 42%|‚ñà‚ñà‚ñà‚ñà‚ñè     | 2383/5674 [04:43<1:22:36,  1.51s/it] 42%|‚ñà‚ñà‚ñà‚ñà‚ñè     | 2393/5674 [04:43<47:23,  1.15it/s]   42%|‚ñà‚ñà‚ñà‚ñà‚ñè     | 2400/5674 [04:43<33:46,  1.62it/s] 42%|‚ñà‚ñà‚ñà‚ñà‚ñè     | 2409/5674 [04:43<21:58,  2.48it/s] 43%|‚ñà‚ñà‚ñà‚ñà‚ñé     | 2416/5674 [04:44<16:05,  3.37it/s] 43%|‚ñà‚ñà‚ñà‚ñà‚ñé     | 2426/5674 [04:44<10:23,  5.21it/s] 43%|‚ñà‚ñà‚ñà‚ñà‚ñé     | 2433/5674 [04:44<08:06,  6.66it/s] 43%|‚ñà‚ñà‚ñà‚ñà‚ñé     | 2441/5674 [04:44<05:54,  9.11it/s] 43%|‚ñà‚ñà‚ñà‚ñà‚ñé     | 2450/5674 [04:44<04:10, 12.86it/s] 43%|‚ñà‚ñà‚ñà‚ñà‚ñé     | 2457/5674 [04:44<03:26, 15.55it/s] 43%|‚ñà‚ñà‚ñà‚ñà‚ñé     | 2465/5674 [04:45<02:37, 20.33it/s] 44%|‚ñà‚ñà‚ñà‚ñà‚ñé     | 2471/5674 [04:45<02:23, 22.32it/s] 44%|‚ñà‚ñà‚ñà‚ñà‚ñé     | 2477/5674 [04:45<02:03, 25.98it/s] 44%|‚ñà‚ñà‚ñà‚ñà‚ñç     | 2484/5674 [04:45<01:39, 32.05it/s] 44%|‚ñà‚ñà‚ñà‚ñà‚ñç     | 2493/5674 [04:45<01:18, 40.35it/s] 44%|‚ñà‚ñà‚ñà‚ñà‚ñç     | 2500/5674 [04:45<01:11, 44.60it/s] 44%|‚ñà‚ñà‚ñà‚ñà‚ñç     | 2507/5674 [04:45<01:10, 44.99it/s] 44%|‚ñà‚ñà‚ñà‚ñà‚ñç     | 2513/5674 [04:45<01:07, 46.67it/s] 44%|‚ñà‚ñà‚ñà‚ñà‚ñç     | 2519/5674 [04:46<01:08, 45.78it/s] 45%|‚ñà‚ñà‚ñà‚ñà‚ñç     | 2525/5674 [04:46<01:10, 44.36it/s] 45%|‚ñà‚ñà‚ñà‚ñà‚ñç     | 2530/5674 [04:46<01:19, 39.76it/s] 45%|‚ñà‚ñà‚ñà‚ñà‚ñç     | 2536/5674 [04:46<01:15, 41.53it/s] 45%|‚ñà‚ñà‚ñà‚ñà‚ñç     | 2542/5674 [04:46<01:09, 45.13it/s] 45%|‚ñà‚ñà‚ñà‚ñà‚ñç     | 2547/5674 [04:46<01:08, 45.34it/s] 45%|‚ñà‚ñà‚ñà‚ñà‚ñç     | 2552/5674 [04:46<01:17, 40.22it/s] 45%|‚ñà‚ñà‚ñà‚ñà‚ñå     | 2557/5674 [04:47<01:18, 39.60it/s] 45%|‚ñà‚ñà‚ñà‚ñà‚ñå     | 2562/5674 [04:47<01:15, 41.15it/s] 45%|‚ñà‚ñà‚ñà‚ñà‚ñå     | 2567/5674 [04:47<01:13, 42.54it/s] 45%|‚ñà‚ñà‚ñà‚ñà‚ñå     | 2572/5674 [04:47<01:18, 39.58it/s] 45%|‚ñà‚ñà‚ñà‚ñà‚ñå     | 2577/5674 [04:47<01:22, 37.58it/s] 45%|‚ñà‚ñà‚ñà‚ñà‚ñå     | 2581/5674 [04:47<01:34, 32.71it/s] 46%|‚ñà‚ñà‚ñà‚ñà‚ñå     | 2585/5674 [04:47<01:41, 30.33it/s] 46%|‚ñà‚ñà‚ñà‚ñà‚ñå     | 2589/5674 [04:47<01:35, 32.29it/s] 46%|‚ñà‚ñà‚ñà‚ñà‚ñå     | 2593/5674 [04:48<01:32, 33.23it/s] 46%|‚ñà‚ñà‚ñà‚ñà‚ñå     | 2598/5674 [04:48<01:27, 35.35it/s] 46%|‚ñà‚ñà‚ñà‚ñà‚ñå     | 2602/5674 [04:48<01:40, 30.44it/s] 46%|‚ñà‚ñà‚ñà‚ñà‚ñå     | 2611/5674 [04:48<01:11, 42.70it/s] 46%|‚ñà‚ñà‚ñà‚ñà‚ñå     | 2617/5674 [04:48<01:11, 42.88it/s] 46%|‚ñà‚ñà‚ñà‚ñà‚ñå     | 2622/5674 [04:48<01:16, 40.02it/s] 46%|‚ñà‚ñà‚ñà‚ñà‚ñã     | 2629/5674 [04:48<01:08, 44.75it/s] 46%|‚ñà‚ñà‚ñà‚ñà‚ñã     | 2634/5674 [04:49<02:21, 21.50it/s] 46%|‚ñà‚ñà‚ñà‚ñà‚ñã     | 2638/5674 [04:49<02:13, 22.72it/s] 47%|‚ñà‚ñà‚ñà‚ñà‚ñã     | 2644/5674 [04:49<01:48, 27.81it/s] 47%|‚ñà‚ñà‚ñà‚ñà‚ñã     | 2649/5674 [04:49<01:39, 30.53it/s] 47%|‚ñà‚ñà‚ñà‚ñà‚ñã     | 2655/5674 [04:49<01:24, 35.74it/s] 47%|‚ñà‚ñà‚ñà‚ñà‚ñã     | 2662/5674 [04:50<01:12, 41.82it/s] 47%|‚ñà‚ñà‚ñà‚ñà‚ñã     | 2672/5674 [04:50<00:55, 54.24it/s] 47%|‚ñà‚ñà‚ñà‚ñà‚ñã     | 2682/5674 [04:50<00:46, 64.98it/s] 47%|‚ñà‚ñà‚ñà‚ñà‚ñã     | 2690/5674 [04:50<01:14, 40.19it/s] 48%|‚ñà‚ñà‚ñà‚ñà‚ñä     | 2697/5674 [04:50<01:07, 44.09it/s] 48%|‚ñà‚ñà‚ñà‚ñà‚ñä     | 2703/5674 [04:50<01:10, 41.89it/s] 48%|‚ñà‚ñà‚ñà‚ñà‚ñä     | 2709/5674 [04:51<01:10, 42.16it/s] 48%|‚ñà‚ñà‚ñà‚ñà‚ñä     | 2716/5674 [04:51<01:03, 46.72it/s] 48%|‚ñà‚ñà‚ñà‚ñà‚ñä     | 2722/5674 [04:51<01:01, 48.32it/s] 48%|‚ñà‚ñà‚ñà‚ñà‚ñä     | 2728/5674 [04:51<01:16, 38.46it/s] 48%|‚ñà‚ñà‚ñà‚ñà‚ñä     | 2733/5674 [04:51<01:31, 32.11it/s] 48%|‚ñà‚ñà‚ñà‚ñà‚ñä     | 2738/5674 [04:52<01:43, 28.39it/s] 48%|‚ñà‚ñà‚ñà‚ñà‚ñä     | 2743/5674 [04:52<01:32, 31.73it/s] 48%|‚ñà‚ñà‚ñà‚ñà‚ñä     | 2747/5674 [04:52<01:30, 32.37it/s] 49%|‚ñà‚ñà‚ñà‚ñà‚ñä     | 2752/5674 [04:52<01:23, 35.07it/s] 49%|‚ñà‚ñà‚ñà‚ñà‚ñä     | 2757/5674 [04:52<01:32, 31.66it/s] 49%|‚ñà‚ñà‚ñà‚ñà‚ñä     | 2763/5674 [04:52<01:18, 37.24it/s] 49%|‚ñà‚ñà‚ñà‚ñà‚ñâ     | 2770/5674 [04:52<01:04, 44.70it/s] 49%|‚ñà‚ñà‚ñà‚ñà‚ñâ     | 2775/5674 [04:52<01:05, 43.97it/s] 49%|‚ñà‚ñà‚ñà‚ñà‚ñâ     | 2783/5674 [04:52<00:55, 52.09it/s] 49%|‚ñà‚ñà‚ñà‚ñà‚ñâ     | 2792/5674 [04:53<00:47, 60.99it/s] 49%|‚ñà‚ñà‚ñà‚ñà‚ñâ     | 2799/5674 [04:53<00:56, 50.49it/s] 49%|‚ñà‚ñà‚ñà‚ñà‚ñâ     | 2805/5674 [04:53<00:59, 47.94it/s] 50%|‚ñà‚ñà‚ñà‚ñà‚ñâ     | 2811/5674 [04:53<00:59, 48.00it/s] 50%|‚ñà‚ñà‚ñà‚ñà‚ñâ     | 2817/5674 [04:53<01:10, 40.51it/s] 50%|‚ñà‚ñà‚ñà‚ñà‚ñâ     | 2822/5674 [04:53<01:12, 39.10it/s] 50%|‚ñà‚ñà‚ñà‚ñà‚ñâ     | 2828/5674 [04:53<01:06, 42.97it/s] 50%|‚ñà‚ñà‚ñà‚ñà‚ñà     | 2838/5674 [04:54<00:51, 54.79it/s] 50%|‚ñà‚ñà‚ñà‚ñà‚ñà     | 2844/5674 [04:54<00:51, 54.65it/s] 50%|‚ñà‚ñà‚ñà‚ñà‚ñà     | 2851/5674 [04:54<00:50, 56.11it/s] 50%|‚ñà‚ñà‚ñà‚ñà‚ñà     | 2858/5674 [04:54<00:47, 58.72it/s] 50%|‚ñà‚ñà‚ñà‚ñà‚ñà     | 2865/5674 [04:54<00:48, 57.38it/s] 51%|‚ñà‚ñà‚ñà‚ñà‚ñà     | 2871/5674 [04:54<00:51, 54.09it/s] 51%|‚ñà‚ñà‚ñà‚ñà‚ñà     | 2877/5674 [04:54<00:53, 52.42it/s] 51%|‚ñà‚ñà‚ñà‚ñà‚ñà     | 2885/5674 [04:54<00:50, 55.19it/s] 51%|‚ñà‚ñà‚ñà‚ñà‚ñà     | 2891/5674 [04:55<01:04, 43.19it/s] 51%|‚ñà‚ñà‚ñà‚ñà‚ñà     | 2897/5674 [04:55<01:00, 45.63it/s] 51%|‚ñà‚ñà‚ñà‚ñà‚ñà     | 2904/5674 [04:55<00:58, 47.34it/s] 51%|‚ñà‚ñà‚ñà‚ñà‚ñà‚ñè    | 2909/5674 [04:55<01:00, 45.40it/s] 51%|‚ñà‚ñà‚ñà‚ñà‚ñà‚ñè    | 2909/5674 [05:45<01:00, 45.40it/s] 51%|‚ñà‚ñà‚ñà‚ñà‚ñà‚ñè    | 2912/5674 [05:45<2:13:34,  2.90s/it] 51%|‚ñà‚ñà‚ñà‚ñà‚ñà‚ñè    | 2916/5674 [05:45<1:40:39,  2.19s/it] 51%|‚ñà‚ñà‚ñà‚ñà‚ñà‚ñè    | 2921/5674 [05:45<1:10:17,  1.53s/it] 52%|‚ñà‚ñà‚ñà‚ñà‚ñà‚ñè    | 2925/5674 [05:45<52:21,  1.14s/it]   52%|‚ñà‚ñà‚ñà‚ñà‚ñà‚ñè    | 2931/5674 [05:46<33:51,  1.35it/s] 52%|‚ñà‚ñà‚ñà‚ñà‚ñà‚ñè    | 2937/5674 [05:46<22:38,  2.02it/s] 52%|‚ñà‚ñà‚ñà‚ñà‚ñà‚ñè    | 2942/5674 [05:46<16:28,  2.76it/s] 52%|‚ñà‚ñà‚ñà‚ñà‚ñà‚ñè    | 2947/5674 [05:46<11:58,  3.79it/s] 52%|‚ñà‚ñà‚ñà‚ñà‚ñà‚ñè    | 2954/5674 [05:46<07:52,  5.76it/s] 52%|‚ñà‚ñà‚ñà‚ñà‚ñà‚ñè    | 2960/5674 [05:46<05:39,  8.00it/s] 52%|‚ñà‚ñà‚ñà‚ñà‚ñà‚ñè    | 2967/5674 [05:46<04:01, 11.21it/s] 52%|‚ñà‚ñà‚ñà‚ñà‚ñà‚ñè    | 2972/5674 [05:46<03:15, 13.82it/s] 52%|‚ñà‚ñà‚ñà‚ñà‚ñà‚ñè    | 2977/5674 [05:47<02:43, 16.52it/s] 53%|‚ñà‚ñà‚ñà‚ñà‚ñà‚ñé    | 2982/5674 [05:47<02:15, 19.84it/s] 53%|‚ñà‚ñà‚ñà‚ñà‚ñà‚ñé    | 2987/5674 [05:47<01:55, 23.31it/s] 53%|‚ñà‚ñà‚ñà‚ñà‚ñà‚ñé    | 2992/5674 [05:47<01:56, 22.95it/s] 53%|‚ñà‚ñà‚ñà‚ñà‚ñà‚ñé    | 2998/5674 [05:47<01:37, 27.33it/s] 53%|‚ñà‚ñà‚ñà‚ñà‚ñà‚ñé    | 3002/5674 [05:47<01:33, 28.57it/s] 53%|‚ñà‚ñà‚ñà‚ñà‚ñà‚ñé    | 3006/5674 [05:47<01:28, 30.07it/s] 53%|‚ñà‚ñà‚ñà‚ñà‚ñà‚ñé    | 3012/5674 [05:48<01:13, 36.18it/s] 53%|‚ñà‚ñà‚ñà‚ñà‚ñà‚ñé    | 3018/5674 [05:48<01:03, 41.59it/s] 53%|‚ñà‚ñà‚ñà‚ñà‚ñà‚ñé    | 3023/5674 [05:48<01:16, 34.83it/s] 53%|‚ñà‚ñà‚ñà‚ñà‚ñà‚ñé    | 3029/5674 [05:48<01:08, 38.85it/s] 54%|‚ñà‚ñà‚ñà‚ñà‚ñà‚ñé    | 3036/5674 [05:48<01:02, 41.95it/s] 54%|‚ñà‚ñà‚ñà‚ñà‚ñà‚ñé    | 3043/5674 [05:48<00:58, 45.14it/s] 54%|‚ñà‚ñà‚ñà‚ñà‚ñà‚ñé    | 3048/5674 [05:48<00:56, 46.20it/s] 54%|‚ñà‚ñà‚ñà‚ñà‚ñà‚ñç    | 3055/5674 [05:48<00:52, 50.18it/s] 54%|‚ñà‚ñà‚ñà‚ñà‚ñà‚ñç    | 3063/5674 [05:49<00:45, 56.97it/s] 54%|‚ñà‚ñà‚ñà‚ñà‚ñà‚ñç    | 3069/5674 [05:49<00:45, 57.72it/s] 54%|‚ñà‚ñà‚ñà‚ñà‚ñà‚ñç    | 3075/5674 [05:49<00:52, 49.56it/s] 54%|‚ñà‚ñà‚ñà‚ñà‚ñà‚ñç    | 3081/5674 [05:49<00:56, 46.15it/s] 54%|‚ñà‚ñà‚ñà‚ñà‚ñà‚ñç    | 3086/5674 [05:50<02:01, 21.38it/s] 54%|‚ñà‚ñà‚ñà‚ñà‚ñà‚ñç    | 3090/5674 [05:50<01:55, 22.35it/s] 55%|‚ñà‚ñà‚ñà‚ñà‚ñà‚ñç    | 3096/5674 [05:50<01:37, 26.42it/s] 55%|‚ñà‚ñà‚ñà‚ñà‚ñà‚ñç    | 3101/5674 [05:50<01:25, 30.08it/s] 55%|‚ñà‚ñà‚ñà‚ñà‚ñà‚ñç    | 3107/5674 [05:50<01:23, 30.88it/s] 55%|‚ñà‚ñà‚ñà‚ñà‚ñà‚ñç    | 3111/5674 [05:50<01:19, 32.32it/s] 55%|‚ñà‚ñà‚ñà‚ñà‚ñà‚ñç    | 3119/5674 [05:50<01:02, 41.13it/s] 55%|‚ñà‚ñà‚ñà‚ñà‚ñà‚ñå    | 3126/5674 [05:50<00:53, 47.37it/s] 55%|‚ñà‚ñà‚ñà‚ñà‚ñà‚ñå    | 3133/5674 [05:51<00:49, 51.49it/s] 55%|‚ñà‚ñà‚ñà‚ñà‚ñà‚ñå    | 3139/5674 [05:51<00:49, 51.40it/s] 55%|‚ñà‚ñà‚ñà‚ñà‚ñà‚ñå    | 3145/5674 [05:51<00:58, 43.37it/s] 56%|‚ñà‚ñà‚ñà‚ñà‚ñà‚ñå    | 3150/5674 [05:51<01:02, 40.57it/s] 56%|‚ñà‚ñà‚ñà‚ñà‚ñà‚ñå    | 3157/5674 [05:51<00:53, 47.28it/s] 56%|‚ñà‚ñà‚ñà‚ñà‚ñà‚ñå    | 3163/5674 [05:51<00:51, 49.09it/s] 56%|‚ñà‚ñà‚ñà‚ñà‚ñà‚ñå    | 3170/5674 [05:51<00:49, 50.48it/s] 56%|‚ñà‚ñà‚ñà‚ñà‚ñà‚ñå    | 3176/5674 [05:52<00:54, 45.97it/s] 56%|‚ñà‚ñà‚ñà‚ñà‚ñà‚ñå    | 3183/5674 [05:52<00:54, 46.10it/s] 56%|‚ñà‚ñà‚ñà‚ñà‚ñà‚ñå    | 3188/5674 [05:52<00:53, 46.39it/s] 56%|‚ñà‚ñà‚ñà‚ñà‚ñà‚ñã    | 3193/5674 [05:52<00:55, 44.81it/s] 56%|‚ñà‚ñà‚ñà‚ñà‚ñà‚ñã    | 3200/5674 [05:52<00:49, 49.69it/s] 57%|‚ñà‚ñà‚ñà‚ñà‚ñà‚ñã    | 3211/5674 [05:52<00:41, 60.04it/s] 57%|‚ñà‚ñà‚ñà‚ñà‚ñà‚ñã    | 3221/5674 [05:52<00:39, 62.81it/s] 57%|‚ñà‚ñà‚ñà‚ñà‚ñà‚ñã    | 3228/5674 [05:52<00:38, 63.85it/s] 57%|‚ñà‚ñà‚ñà‚ñà‚ñà‚ñã    | 3235/5674 [05:53<00:38, 62.96it/s] 57%|‚ñà‚ñà‚ñà‚ñà‚ñà‚ñã    | 3245/5674 [05:53<00:33, 72.22it/s] 57%|‚ñà‚ñà‚ñà‚ñà‚ñà‚ñã    | 3256/5674 [05:53<00:29, 81.20it/s] 58%|‚ñà‚ñà‚ñà‚ñà‚ñà‚ñä    | 3265/5674 [05:53<00:33, 72.63it/s] 58%|‚ñà‚ñà‚ñà‚ñà‚ñà‚ñä    | 3273/5674 [05:53<00:43, 55.78it/s] 58%|‚ñà‚ñà‚ñà‚ñà‚ñà‚ñä    | 3280/5674 [05:53<00:42, 56.02it/s] 58%|‚ñà‚ñà‚ñà‚ñà‚ñà‚ñä    | 3287/5674 [05:53<00:42, 56.55it/s] 58%|‚ñà‚ñà‚ñà‚ñà‚ñà‚ñä    | 3294/5674 [05:54<00:49, 47.62it/s] 58%|‚ñà‚ñà‚ñà‚ñà‚ñà‚ñä    | 3300/5674 [05:54<01:04, 37.00it/s] 58%|‚ñà‚ñà‚ñà‚ñà‚ñà‚ñä    | 3305/5674 [05:54<01:08, 34.44it/s] 58%|‚ñà‚ñà‚ñà‚ñà‚ñà‚ñä    | 3311/5674 [05:54<01:01, 38.12it/s] 58%|‚ñà‚ñà‚ñà‚ñà‚ñà‚ñä    | 3317/5674 [05:54<01:06, 35.61it/s] 59%|‚ñà‚ñà‚ñà‚ñà‚ñà‚ñä    | 3325/5674 [05:55<01:04, 36.67it/s] 59%|‚ñà‚ñà‚ñà‚ñà‚ñà‚ñâ    | 3334/5674 [05:55<00:50, 46.01it/s] 59%|‚ñà‚ñà‚ñà‚ñà‚ñà‚ñâ    | 3340/5674 [05:55<01:16, 30.41it/s] 59%|‚ñà‚ñà‚ñà‚ñà‚ñà‚ñâ    | 3346/5674 [05:55<01:09, 33.71it/s] 59%|‚ñà‚ñà‚ñà‚ñà‚ñà‚ñâ    | 3354/5674 [05:55<00:56, 41.39it/s] 59%|‚ñà‚ñà‚ñà‚ñà‚ñà‚ñâ    | 3360/5674 [05:55<00:51, 44.59it/s] 59%|‚ñà‚ñà‚ñà‚ñà‚ñà‚ñâ    | 3370/5674 [05:55<00:40, 56.20it/s] 60%|‚ñà‚ñà‚ñà‚ñà‚ñà‚ñâ    | 3377/5674 [05:56<00:48, 47.57it/s] 60%|‚ñà‚ñà‚ñà‚ñà‚ñà‚ñâ    | 3383/5674 [05:56<00:53, 43.20it/s] 60%|‚ñà‚ñà‚ñà‚ñà‚ñà‚ñâ    | 3389/5674 [05:56<00:49, 45.78it/s] 60%|‚ñà‚ñà‚ñà‚ñà‚ñà‚ñâ    | 3395/5674 [05:56<01:00, 37.78it/s] 60%|‚ñà‚ñà‚ñà‚ñà‚ñà‚ñâ    | 3400/5674 [05:56<01:10, 32.17it/s] 60%|‚ñà‚ñà‚ñà‚ñà‚ñà‚ñà    | 3405/5674 [05:57<01:04, 34.95it/s] 60%|‚ñà‚ñà‚ñà‚ñà‚ñà‚ñà    | 3409/5674 [05:57<01:12, 31.38it/s] 60%|‚ñà‚ñà‚ñà‚ñà‚ñà‚ñà    | 3414/5674 [05:57<01:08, 33.24it/s] 60%|‚ñà‚ñà‚ñà‚ñà‚ñà‚ñà    | 3419/5674 [05:57<01:09, 32.27it/s] 60%|‚ñà‚ñà‚ñà‚ñà‚ñà‚ñà    | 3423/5674 [05:57<01:08, 32.71it/s] 60%|‚ñà‚ñà‚ñà‚ñà‚ñà‚ñà    | 3427/5674 [05:57<01:13, 30.44it/s] 60%|‚ñà‚ñà‚ñà‚ñà‚ñà‚ñà    | 3432/5674 [05:57<01:07, 33.23it/s] 61%|‚ñà‚ñà‚ñà‚ñà‚ñà‚ñà    | 3436/5674 [05:58<01:19, 28.23it/s] 61%|‚ñà‚ñà‚ñà‚ñà‚ñà‚ñà    | 3444/5674 [05:58<00:57, 38.57it/s] 61%|‚ñà‚ñà‚ñà‚ñà‚ñà‚ñà    | 3449/5674 [05:58<00:57, 38.65it/s] 61%|‚ñà‚ñà‚ñà‚ñà‚ñà‚ñà    | 3454/5674 [05:58<00:59, 37.17it/s] 61%|‚ñà‚ñà‚ñà‚ñà‚ñà‚ñà    | 3458/5674 [05:58<00:59, 37.48it/s] 61%|‚ñà‚ñà‚ñà‚ñà‚ñà‚ñà    | 3466/5674 [05:58<00:58, 37.74it/s] 61%|‚ñà‚ñà‚ñà‚ñà‚ñà‚ñà    | 3474/5674 [05:58<00:48, 45.13it/s] 61%|‚ñà‚ñà‚ñà‚ñà‚ñà‚ñà‚ñè   | 3482/5674 [05:59<00:41, 52.23it/s] 62%|‚ñà‚ñà‚ñà‚ñà‚ñà‚ñà‚ñè   | 3491/5674 [05:59<00:36, 59.87it/s] 62%|‚ñà‚ñà‚ñà‚ñà‚ñà‚ñà‚ñè   | 3499/5674 [05:59<00:34, 62.65it/s] 62%|‚ñà‚ñà‚ñà‚ñà‚ñà‚ñà‚ñè   | 3506/5674 [05:59<00:39, 55.17it/s] 62%|‚ñà‚ñà‚ñà‚ñà‚ñà‚ñà‚ñè   | 3512/5674 [05:59<00:44, 48.98it/s] 62%|‚ñà‚ñà‚ñà‚ñà‚ñà‚ñà‚ñè   | 3512/5674 [07:01<00:44, 48.98it/s] 62%|‚ñà‚ñà‚ñà‚ñà‚ñà‚ñà‚ñè   | 3516/5674 [07:01<1:50:08,  3.06s/it] 62%|‚ñà‚ñà‚ñà‚ñà‚ñà‚ñà‚ñè   | 3519/5674 [07:01<1:31:07,  2.54s/it] 62%|‚ñà‚ñà‚ñà‚ñà‚ñà‚ñà‚ñè   | 3524/5674 [07:01<1:04:34,  1.80s/it] 62%|‚ñà‚ñà‚ñà‚ñà‚ñà‚ñà‚ñè   | 3529/5674 [07:02<45:54,  1.28s/it]   62%|‚ñà‚ñà‚ñà‚ñà‚ñà‚ñà‚ñè   | 3533/5674 [07:02<34:30,  1.03it/s] 62%|‚ñà‚ñà‚ñà‚ñà‚ñà‚ñà‚ñè   | 3537/5674 [07:02<25:43,  1.38it/s] 62%|‚ñà‚ñà‚ñà‚ñà‚ñà‚ñà‚ñè   | 3546/5674 [07:02<14:03,  2.52it/s] 63%|‚ñà‚ñà‚ñà‚ñà‚ñà‚ñà‚ñé   | 3560/5674 [07:02<07:02,  5.00it/s] 63%|‚ñà‚ñà‚ñà‚ñà‚ñà‚ñà‚ñé   | 3569/5674 [07:02<04:55,  7.12it/s] 63%|‚ñà‚ñà‚ñà‚ñà‚ñà‚ñà‚ñé   | 3577/5674 [07:02<03:44,  9.34it/s] 63%|‚ñà‚ñà‚ñà‚ñà‚ñà‚ñà‚ñé   | 3591/5674 [07:03<02:17, 15.20it/s] 63%|‚ñà‚ñà‚ñà‚ñà‚ñà‚ñà‚ñé   | 3600/5674 [07:03<01:54, 18.16it/s] 64%|‚ñà‚ñà‚ñà‚ñà‚ñà‚ñà‚ñé   | 3608/5674 [07:03<01:31, 22.65it/s] 64%|‚ñà‚ñà‚ñà‚ñà‚ñà‚ñà‚ñé   | 3617/5674 [07:03<01:11, 28.92it/s] 64%|‚ñà‚ñà‚ñà‚ñà‚ñà‚ñà‚ñç   | 3625/5674 [07:03<00:59, 34.24it/s] 64%|‚ñà‚ñà‚ñà‚ñà‚ñà‚ñà‚ñç   | 3633/5674 [07:03<00:59, 34.27it/s] 64%|‚ñà‚ñà‚ñà‚ñà‚ñà‚ñà‚ñç   | 3640/5674 [07:04<00:59, 34.40it/s] 64%|‚ñà‚ñà‚ñà‚ñà‚ñà‚ñà‚ñç   | 3648/5674 [07:04<00:57, 35.07it/s] 64%|‚ñà‚ñà‚ñà‚ñà‚ñà‚ñà‚ñç   | 3656/5674 [07:04<00:50, 39.73it/s] 65%|‚ñà‚ñà‚ñà‚ñà‚ñà‚ñà‚ñç   | 3662/5674 [07:04<01:02, 31.98it/s] 65%|‚ñà‚ñà‚ñà‚ñà‚ñà‚ñà‚ñç   | 3668/5674 [07:04<00:56, 35.35it/s] 65%|‚ñà‚ñà‚ñà‚ñà‚ñà‚ñà‚ñç   | 3673/5674 [07:05<01:00, 33.09it/s] 65%|‚ñà‚ñà‚ñà‚ñà‚ñà‚ñà‚ñç   | 3679/5674 [07:05<00:52, 37.68it/s] 65%|‚ñà‚ñà‚ñà‚ñà‚ñà‚ñà‚ñç   | 3684/5674 [07:05<00:52, 38.15it/s] 65%|‚ñà‚ñà‚ñà‚ñà‚ñà‚ñà‚ñå   | 3689/5674 [07:05<00:56, 35.37it/s] 65%|‚ñà‚ñà‚ñà‚ñà‚ñà‚ñà‚ñå   | 3694/5674 [07:05<00:51, 38.32it/s] 65%|‚ñà‚ñà‚ñà‚ñà‚ñà‚ñà‚ñå   | 3699/5674 [07:05<00:51, 38.34it/s] 65%|‚ñà‚ñà‚ñà‚ñà‚ñà‚ñà‚ñå   | 3706/5674 [07:05<00:44, 44.03it/s] 65%|‚ñà‚ñà‚ñà‚ñà‚ñà‚ñà‚ñå   | 3711/5674 [07:05<00:43, 45.37it/s] 66%|‚ñà‚ñà‚ñà‚ñà‚ñà‚ñà‚ñå   | 3719/5674 [07:06<00:37, 52.02it/s] 66%|‚ñà‚ñà‚ñà‚ñà‚ñà‚ñà‚ñå   | 3725/5674 [07:06<00:38, 51.19it/s] 66%|‚ñà‚ñà‚ñà‚ñà‚ñà‚ñà‚ñå   | 3731/5674 [07:06<00:36, 53.18it/s] 66%|‚ñà‚ñà‚ñà‚ñà‚ñà‚ñà‚ñå   | 3737/5674 [07:06<00:35, 54.32it/s] 66%|‚ñà‚ñà‚ñà‚ñà‚ñà‚ñà‚ñå   | 3747/5674 [07:06<00:31, 61.46it/s] 66%|‚ñà‚ñà‚ñà‚ñà‚ñà‚ñà‚ñå   | 3756/5674 [07:06<00:33, 57.71it/s] 66%|‚ñà‚ñà‚ñà‚ñà‚ñà‚ñà‚ñã   | 3765/5674 [07:06<00:30, 63.56it/s] 66%|‚ñà‚ñà‚ñà‚ñà‚ñà‚ñà‚ñã   | 3772/5674 [07:06<00:32, 57.68it/s] 67%|‚ñà‚ñà‚ñà‚ñà‚ñà‚ñà‚ñã   | 3782/5674 [07:07<00:28, 67.32it/s] 67%|‚ñà‚ñà‚ñà‚ñà‚ñà‚ñà‚ñã   | 3791/5674 [07:07<00:25, 73.01it/s] 67%|‚ñà‚ñà‚ñà‚ñà‚ñà‚ñà‚ñã   | 3799/5674 [07:07<00:35, 53.54it/s] 67%|‚ñà‚ñà‚ñà‚ñà‚ñà‚ñà‚ñã   | 3806/5674 [07:07<00:37, 49.68it/s] 67%|‚ñà‚ñà‚ñà‚ñà‚ñà‚ñà‚ñã   | 3813/5674 [07:07<00:36, 51.55it/s] 67%|‚ñà‚ñà‚ñà‚ñà‚ñà‚ñà‚ñã   | 3823/5674 [07:07<00:29, 61.78it/s] 68%|‚ñà‚ñà‚ñà‚ñà‚ñà‚ñà‚ñä   | 3831/5674 [07:07<00:28, 65.67it/s] 68%|‚ñà‚ñà‚ñà‚ñà‚ñà‚ñà‚ñä   | 3839/5674 [07:08<00:35, 52.02it/s] 68%|‚ñà‚ñà‚ñà‚ñà‚ñà‚ñà‚ñä   | 3846/5674 [07:08<00:35, 50.95it/s] 68%|‚ñà‚ñà‚ñà‚ñà‚ñà‚ñà‚ñä   | 3857/5674 [07:08<00:28, 63.47it/s] 68%|‚ñà‚ñà‚ñà‚ñà‚ñà‚ñà‚ñä   | 3865/5674 [07:08<00:28, 62.80it/s] 68%|‚ñà‚ñà‚ñà‚ñà‚ñà‚ñà‚ñä   | 3872/5674 [07:08<00:40, 44.84it/s] 68%|‚ñà‚ñà‚ñà‚ñà‚ñà‚ñà‚ñä   | 3880/5674 [07:08<00:35, 50.38it/s] 69%|‚ñà‚ñà‚ñà‚ñà‚ñà‚ñà‚ñä   | 3889/5674 [07:08<00:30, 58.05it/s] 69%|‚ñà‚ñà‚ñà‚ñà‚ñà‚ñà‚ñä   | 3897/5674 [07:09<00:28, 62.07it/s] 69%|‚ñà‚ñà‚ñà‚ñà‚ñà‚ñà‚ñâ   | 3906/5674 [07:09<00:28, 62.06it/s] 69%|‚ñà‚ñà‚ñà‚ñà‚ñà‚ñà‚ñâ   | 3916/5674 [07:09<00:24, 70.85it/s] 69%|‚ñà‚ñà‚ñà‚ñà‚ñà‚ñà‚ñâ   | 3924/5674 [07:09<00:28, 60.65it/s] 69%|‚ñà‚ñà‚ñà‚ñà‚ñà‚ñà‚ñâ   | 3931/5674 [07:09<00:33, 51.80it/s] 69%|‚ñà‚ñà‚ñà‚ñà‚ñà‚ñà‚ñâ   | 3937/5674 [07:09<00:35, 49.07it/s] 69%|‚ñà‚ñà‚ñà‚ñà‚ñà‚ñà‚ñâ   | 3943/5674 [07:10<00:36, 46.86it/s] 70%|‚ñà‚ñà‚ñà‚ñà‚ñà‚ñà‚ñâ   | 3948/5674 [07:10<00:38, 44.69it/s] 70%|‚ñà‚ñà‚ñà‚ñà‚ñà‚ñà‚ñâ   | 3955/5674 [07:10<00:34, 50.02it/s] 70%|‚ñà‚ñà‚ñà‚ñà‚ñà‚ñà‚ñâ   | 3962/5674 [07:10<00:31, 54.40it/s] 70%|‚ñà‚ñà‚ñà‚ñà‚ñà‚ñà‚ñâ   | 3968/5674 [07:10<00:33, 51.18it/s] 70%|‚ñà‚ñà‚ñà‚ñà‚ñà‚ñà‚ñà   | 3975/5674 [07:10<00:31, 54.53it/s] 70%|‚ñà‚ñà‚ñà‚ñà‚ñà‚ñà‚ñà   | 3981/5674 [07:10<00:30, 54.81it/s] 70%|‚ñà‚ñà‚ñà‚ñà‚ñà‚ñà‚ñà   | 3987/5674 [07:10<00:31, 53.66it/s] 70%|‚ñà‚ñà‚ñà‚ñà‚ñà‚ñà‚ñà   | 3993/5674 [07:10<00:30, 54.61it/s] 70%|‚ñà‚ñà‚ñà‚ñà‚ñà‚ñà‚ñà   | 3999/5674 [07:11<00:34, 48.19it/s] 71%|‚ñà‚ñà‚ñà‚ñà‚ñà‚ñà‚ñà   | 4004/5674 [07:11<00:34, 48.16it/s] 71%|‚ñà‚ñà‚ñà‚ñà‚ñà‚ñà‚ñà   | 4009/5674 [07:11<00:38, 42.77it/s] 71%|‚ñà‚ñà‚ñà‚ñà‚ñà‚ñà‚ñà   | 4014/5674 [07:11<00:39, 41.61it/s] 71%|‚ñà‚ñà‚ñà‚ñà‚ñà‚ñà‚ñà   | 4019/5674 [07:11<00:40, 41.29it/s] 71%|‚ñà‚ñà‚ñà‚ñà‚ñà‚ñà‚ñà   | 4028/5674 [07:11<00:31, 51.90it/s] 71%|‚ñà‚ñà‚ñà‚ñà‚ñà‚ñà‚ñà   | 4036/5674 [07:11<00:27, 58.64it/s] 71%|‚ñà‚ñà‚ñà‚ñà‚ñà‚ñà‚ñà‚ñè  | 4043/5674 [07:12<00:35, 46.11it/s] 71%|‚ñà‚ñà‚ñà‚ñà‚ñà‚ñà‚ñà‚ñè  | 4053/5674 [07:12<00:30, 53.29it/s] 72%|‚ñà‚ñà‚ñà‚ñà‚ñà‚ñà‚ñà‚ñè  | 4059/5674 [07:12<00:29, 54.40it/s] 72%|‚ñà‚ñà‚ñà‚ñà‚ñà‚ñà‚ñà‚ñè  | 4065/5674 [07:12<00:30, 52.18it/s] 72%|‚ñà‚ñà‚ñà‚ñà‚ñà‚ñà‚ñà‚ñè  | 4071/5674 [07:12<00:32, 49.81it/s] 72%|‚ñà‚ñà‚ñà‚ñà‚ñà‚ñà‚ñà‚ñè  | 4082/5674 [07:12<00:26, 59.03it/s] 72%|‚ñà‚ñà‚ñà‚ñà‚ñà‚ñà‚ñà‚ñè  | 4090/5674 [07:12<00:26, 58.85it/s] 72%|‚ñà‚ñà‚ñà‚ñà‚ñà‚ñà‚ñà‚ñè  | 4096/5674 [07:12<00:31, 50.88it/s] 72%|‚ñà‚ñà‚ñà‚ñà‚ñà‚ñà‚ñà‚ñè  | 4103/5674 [07:13<00:29, 53.24it/s] 72%|‚ñà‚ñà‚ñà‚ñà‚ñà‚ñà‚ñà‚ñè  | 4109/5674 [07:13<00:31, 49.12it/s] 73%|‚ñà‚ñà‚ñà‚ñà‚ñà‚ñà‚ñà‚ñé  | 4117/5674 [07:13<00:27, 56.29it/s] 73%|‚ñà‚ñà‚ñà‚ñà‚ñà‚ñà‚ñà‚ñé  | 4123/5674 [07:13<00:31, 49.30it/s] 73%|‚ñà‚ñà‚ñà‚ñà‚ñà‚ñà‚ñà‚ñé  | 4132/5674 [07:13<00:26, 57.19it/s] 73%|‚ñà‚ñà‚ñà‚ñà‚ñà‚ñà‚ñà‚ñé  | 4139/5674 [07:13<00:38, 39.45it/s] 73%|‚ñà‚ñà‚ñà‚ñà‚ñà‚ñà‚ñà‚ñé  | 4144/5674 [07:14<00:40, 38.03it/s] 73%|‚ñà‚ñà‚ñà‚ñà‚ñà‚ñà‚ñà‚ñé  | 4151/5674 [07:14<00:35, 42.55it/s] 73%|‚ñà‚ñà‚ñà‚ñà‚ñà‚ñà‚ñà‚ñé  | 4156/5674 [07:14<00:45, 33.08it/s] 73%|‚ñà‚ñà‚ñà‚ñà‚ñà‚ñà‚ñà‚ñé  | 4163/5674 [07:14<00:40, 37.49it/s] 73%|‚ñà‚ñà‚ñà‚ñà‚ñà‚ñà‚ñà‚ñé  | 4168/5674 [07:14<00:39, 38.55it/s] 74%|‚ñà‚ñà‚ñà‚ñà‚ñà‚ñà‚ñà‚ñé  | 4175/5674 [07:14<00:34, 42.97it/s] 74%|‚ñà‚ñà‚ñà‚ñà‚ñà‚ñà‚ñà‚ñé  | 4181/5674 [07:14<00:32, 46.60it/s] 74%|‚ñà‚ñà‚ñà‚ñà‚ñà‚ñà‚ñà‚ñç  | 4188/5674 [07:15<00:28, 51.84it/s] 74%|‚ñà‚ñà‚ñà‚ñà‚ñà‚ñà‚ñà‚ñç  | 4197/5674 [07:15<00:27, 53.96it/s] 74%|‚ñà‚ñà‚ñà‚ñà‚ñà‚ñà‚ñà‚ñç  | 4206/5674 [07:15<00:23, 61.20it/s] 74%|‚ñà‚ñà‚ñà‚ñà‚ñà‚ñà‚ñà‚ñç  | 4216/5674 [07:15<00:22, 64.07it/s] 74%|‚ñà‚ñà‚ñà‚ñà‚ñà‚ñà‚ñà‚ñç  | 4223/5674 [07:15<00:23, 60.58it/s] 75%|‚ñà‚ñà‚ñà‚ñà‚ñà‚ñà‚ñà‚ñç  | 4230/5674 [07:15<00:35, 40.60it/s] 75%|‚ñà‚ñà‚ñà‚ñà‚ñà‚ñà‚ñà‚ñç  | 4235/5674 [07:16<00:43, 33.31it/s] 75%|‚ñà‚ñà‚ñà‚ñà‚ñà‚ñà‚ñà‚ñç  | 4242/5674 [07:16<00:36, 39.01it/s] 75%|‚ñà‚ñà‚ñà‚ñà‚ñà‚ñà‚ñà‚ñç  | 4247/5674 [07:16<00:42, 33.25it/s] 75%|‚ñà‚ñà‚ñà‚ñà‚ñà‚ñà‚ñà‚ñç  | 4254/5674 [07:16<00:38, 37.09it/s] 75%|‚ñà‚ñà‚ñà‚ñà‚ñà‚ñà‚ñà‚ñå  | 4261/5674 [07:16<00:33, 42.27it/s] 75%|‚ñà‚ñà‚ñà‚ñà‚ñà‚ñà‚ñà‚ñå  | 4267/5674 [07:16<00:34, 40.95it/s] 75%|‚ñà‚ñà‚ñà‚ñà‚ñà‚ñà‚ñà‚ñå  | 4272/5674 [07:17<00:33, 42.14it/s] 75%|‚ñà‚ñà‚ñà‚ñà‚ñà‚ñà‚ñà‚ñå  | 4280/5674 [07:17<00:31, 44.17it/s] 76%|‚ñà‚ñà‚ñà‚ñà‚ñà‚ñà‚ñà‚ñå  | 4286/5674 [07:17<00:30, 45.14it/s] 76%|‚ñà‚ñà‚ñà‚ñà‚ñà‚ñà‚ñà‚ñå  | 4291/5674 [07:17<00:33, 41.31it/s] 76%|‚ñà‚ñà‚ñà‚ñà‚ñà‚ñà‚ñà‚ñå  | 4299/5674 [07:17<00:27, 49.12it/s] 76%|‚ñà‚ñà‚ñà‚ñà‚ñà‚ñà‚ñà‚ñå  | 4305/5674 [07:17<00:35, 38.69it/s] 76%|‚ñà‚ñà‚ñà‚ñà‚ñà‚ñà‚ñà‚ñå  | 4312/5674 [07:17<00:30, 44.82it/s] 76%|‚ñà‚ñà‚ñà‚ñà‚ñà‚ñà‚ñà‚ñå  | 4319/5674 [07:18<00:26, 50.20it/s] 76%|‚ñà‚ñà‚ñà‚ñà‚ñà‚ñà‚ñà‚ñã  | 4327/5674 [07:18<00:29, 45.39it/s] 76%|‚ñà‚ñà‚ñà‚ñà‚ñà‚ñà‚ñà‚ñã  | 4333/5674 [07:18<00:27, 48.13it/s] 77%|‚ñà‚ñà‚ñà‚ñà‚ñà‚ñà‚ñà‚ñã  | 4341/5674 [07:18<00:26, 49.84it/s] 77%|‚ñà‚ñà‚ñà‚ñà‚ñà‚ñà‚ñà‚ñã  | 4349/5674 [07:18<00:23, 55.44it/s] 77%|‚ñà‚ñà‚ñà‚ñà‚ñà‚ñà‚ñà‚ñã  | 4357/5674 [07:18<00:22, 57.55it/s] 77%|‚ñà‚ñà‚ñà‚ñà‚ñà‚ñà‚ñà‚ñã  | 4365/5674 [07:18<00:21, 61.63it/s] 77%|‚ñà‚ñà‚ñà‚ñà‚ñà‚ñà‚ñà‚ñã  | 4372/5674 [07:18<00:23, 56.25it/s] 77%|‚ñà‚ñà‚ñà‚ñà‚ñà‚ñà‚ñà‚ñã  | 4380/5674 [07:19<00:20, 61.89it/s] 77%|‚ñà‚ñà‚ñà‚ñà‚ñà‚ñà‚ñà‚ñã  | 4387/5674 [07:19<00:23, 54.52it/s] 78%|‚ñà‚ñà‚ñà‚ñà‚ñà‚ñà‚ñà‚ñä  | 4398/5674 [07:19<00:19, 66.19it/s] 78%|‚ñà‚ñà‚ñà‚ñà‚ñà‚ñà‚ñà‚ñä  | 4398/5674 [08:36<00:19, 66.19it/s] 78%|‚ñà‚ñà‚ñà‚ñà‚ñà‚ñà‚ñà‚ñä  | 4401/5674 [08:36<1:12:16,  3.41s/it] 78%|‚ñà‚ñà‚ñà‚ñà‚ñà‚ñà‚ñà‚ñä  | 4408/5674 [08:37<50:06,  2.37s/it]   78%|‚ñà‚ñà‚ñà‚ñà‚ñà‚ñà‚ñà‚ñä  | 4415/5674 [08:37<34:51,  1.66s/it] 78%|‚ñà‚ñà‚ñà‚ñà‚ñà‚ñà‚ñà‚ñä  | 4422/5674 [08:37<24:18,  1.17s/it] 78%|‚ñà‚ñà‚ñà‚ñà‚ñà‚ñà‚ñà‚ñä  | 4429/5674 [08:37<17:02,  1.22it/s] 78%|‚ñà‚ñà‚ñà‚ñà‚ñà‚ñà‚ñà‚ñä  | 4435/5674 [08:37<12:33,  1.65it/s] 78%|‚ñà‚ñà‚ñà‚ñà‚ñà‚ñà‚ñà‚ñä  | 4445/5674 [08:37<07:39,  2.67it/s] 78%|‚ñà‚ñà‚ñà‚ñà‚ñà‚ñà‚ñà‚ñä  | 4453/5674 [08:37<05:21,  3.80it/s] 79%|‚ñà‚ñà‚ñà‚ñà‚ñà‚ñà‚ñà‚ñä  | 4460/5674 [08:38<04:02,  5.01it/s] 79%|‚ñà‚ñà‚ñà‚ñà‚ñà‚ñà‚ñà‚ñâ  | 4478/5674 [08:38<02:03,  9.72it/s] 79%|‚ñà‚ñà‚ñà‚ñà‚ñà‚ñà‚ñà‚ñâ  | 4493/5674 [08:38<01:19, 14.90it/s] 79%|‚ñà‚ñà‚ñà‚ñà‚ñà‚ñà‚ñà‚ñâ  | 4507/5674 [08:38<00:55, 21.11it/s] 80%|‚ñà‚ñà‚ñà‚ñà‚ñà‚ñà‚ñà‚ñâ  | 4522/5674 [08:38<00:38, 29.75it/s] 80%|‚ñà‚ñà‚ñà‚ñà‚ñà‚ñà‚ñà‚ñâ  | 4536/5674 [08:38<00:28, 39.29it/s] 80%|‚ñà‚ñà‚ñà‚ñà‚ñà‚ñà‚ñà‚ñà  | 4549/5674 [08:38<00:26, 42.64it/s] 80%|‚ñà‚ñà‚ñà‚ñà‚ñà‚ñà‚ñà‚ñà  | 4564/5674 [08:39<00:20, 55.15it/s] 81%|‚ñà‚ñà‚ñà‚ñà‚ñà‚ñà‚ñà‚ñà  | 4584/5674 [08:39<00:14, 75.17it/s] 81%|‚ñà‚ñà‚ñà‚ñà‚ñà‚ñà‚ñà‚ñà  | 4598/5674 [08:39<00:12, 83.91it/s] 81%|‚ñà‚ñà‚ñà‚ñà‚ñà‚ñà‚ñà‚ñà‚ñè | 4611/5674 [08:39<00:12, 82.05it/s] 81%|‚ñà‚ñà‚ñà‚ñà‚ñà‚ñà‚ñà‚ñà‚ñè | 4623/5674 [08:39<00:13, 77.96it/s] 82%|‚ñà‚ñà‚ñà‚ñà‚ñà‚ñà‚ñà‚ñà‚ñè | 4634/5674 [08:39<00:12, 82.35it/s] 82%|‚ñà‚ñà‚ñà‚ñà‚ñà‚ñà‚ñà‚ñà‚ñè | 4652/5674 [08:39<00:09, 102.99it/s] 82%|‚ñà‚ñà‚ñà‚ñà‚ñà‚ñà‚ñà‚ñà‚ñè | 4665/5674 [08:40<00:10, 99.16it/s]  82%|‚ñà‚ñà‚ñà‚ñà‚ñà‚ñà‚ñà‚ñà‚ñè | 4677/5674 [08:40<00:10, 99.68it/s] 83%|‚ñà‚ñà‚ñà‚ñà‚ñà‚ñà‚ñà‚ñà‚ñé | 4688/5674 [08:40<00:10, 92.93it/s] 83%|‚ñà‚ñà‚ñà‚ñà‚ñà‚ñà‚ñà‚ñà‚ñé | 4699/5674 [08:40<00:10, 91.82it/s] 83%|‚ñà‚ñà‚ñà‚ñà‚ñà‚ñà‚ñà‚ñà‚ñé | 4709/5674 [08:41<00:38, 24.93it/s] 83%|‚ñà‚ñà‚ñà‚ñà‚ñà‚ñà‚ñà‚ñà‚ñé | 4717/5674 [08:42<00:43, 22.18it/s] 83%|‚ñà‚ñà‚ñà‚ñà‚ñà‚ñà‚ñà‚ñà‚ñé | 4725/5674 [08:42<00:35, 26.73it/s] 83%|‚ñà‚ñà‚ñà‚ñà‚ñà‚ñà‚ñà‚ñà‚ñé | 4731/5674 [08:42<00:31, 30.04it/s] 83%|‚ñà‚ñà‚ñà‚ñà‚ñà‚ñà‚ñà‚ñà‚ñé | 4737/5674 [08:42<00:30, 30.41it/s] 84%|‚ñà‚ñà‚ñà‚ñà‚ñà‚ñà‚ñà‚ñà‚ñé | 4751/5674 [08:42<00:20, 45.52it/s] 84%|‚ñà‚ñà‚ñà‚ñà‚ñà‚ñà‚ñà‚ñà‚ñç | 4760/5674 [08:42<00:22, 39.84it/s] 84%|‚ñà‚ñà‚ñà‚ñà‚ñà‚ñà‚ñà‚ñà‚ñç | 4776/5674 [08:43<00:15, 58.05it/s] 84%|‚ñà‚ñà‚ñà‚ñà‚ñà‚ñà‚ñà‚ñà‚ñç | 4785/5674 [08:43<00:19, 46.43it/s] 85%|‚ñà‚ñà‚ñà‚ñà‚ñà‚ñà‚ñà‚ñà‚ñç | 4800/5674 [08:43<00:14, 62.18it/s] 85%|‚ñà‚ñà‚ñà‚ñà‚ñà‚ñà‚ñà‚ñà‚ñç | 4810/5674 [08:43<00:13, 64.98it/s] 85%|‚ñà‚ñà‚ñà‚ñà‚ñà‚ñà‚ñà‚ñà‚ñç | 4819/5674 [08:43<00:13, 64.01it/s] 85%|‚ñà‚ñà‚ñà‚ñà‚ñà‚ñà‚ñà‚ñà‚ñå | 4839/5674 [08:43<00:09, 90.85it/s] 85%|‚ñà‚ñà‚ñà‚ñà‚ñà‚ñà‚ñà‚ñà‚ñå | 4851/5674 [08:43<00:09, 86.02it/s] 86%|‚ñà‚ñà‚ñà‚ñà‚ñà‚ñà‚ñà‚ñà‚ñå | 4864/5674 [08:44<00:08, 92.48it/s] 86%|‚ñà‚ñà‚ñà‚ñà‚ñà‚ñà‚ñà‚ñà‚ñå | 4879/5674 [08:44<00:07, 105.48it/s] 86%|‚ñà‚ñà‚ñà‚ñà‚ñà‚ñà‚ñà‚ñà‚ñå | 4891/5674 [08:44<00:07, 104.34it/s] 86%|‚ñà‚ñà‚ñà‚ñà‚ñà‚ñà‚ñà‚ñà‚ñã | 4903/5674 [08:44<00:08, 94.62it/s]  87%|‚ñà‚ñà‚ñà‚ñà‚ñà‚ñà‚ñà‚ñà‚ñã | 4914/5674 [08:44<00:07, 97.17it/s] 87%|‚ñà‚ñà‚ñà‚ñà‚ñà‚ñà‚ñà‚ñà‚ñã | 4925/5674 [08:44<00:07, 95.52it/s] 87%|‚ñà‚ñà‚ñà‚ñà‚ñà‚ñà‚ñà‚ñà‚ñã | 4935/5674 [08:44<00:07, 95.25it/s] 87%|‚ñà‚ñà‚ñà‚ñà‚ñà‚ñà‚ñà‚ñà‚ñã | 4945/5674 [08:44<00:08, 82.89it/s] 87%|‚ñà‚ñà‚ñà‚ñà‚ñà‚ñà‚ñà‚ñà‚ñã | 4958/5674 [08:45<00:08, 87.49it/s] 88%|‚ñà‚ñà‚ñà‚ñà‚ñà‚ñà‚ñà‚ñà‚ñä | 4968/5674 [08:45<00:08, 78.50it/s] 88%|‚ñà‚ñà‚ñà‚ñà‚ñà‚ñà‚ñà‚ñà‚ñä | 4982/5674 [08:45<00:07, 91.10it/s] 88%|‚ñà‚ñà‚ñà‚ñà‚ñà‚ñà‚ñà‚ñà‚ñä | 4992/5674 [08:45<00:08, 77.56it/s] 88%|‚ñà‚ñà‚ñà‚ñà‚ñà‚ñà‚ñà‚ñà‚ñä | 5004/5674 [08:45<00:07, 86.59it/s] 88%|‚ñà‚ñà‚ñà‚ñà‚ñà‚ñà‚ñà‚ñà‚ñä | 5015/5674 [08:45<00:07, 91.48it/s] 89%|‚ñà‚ñà‚ñà‚ñà‚ñà‚ñà‚ñà‚ñà‚ñä | 5025/5674 [08:45<00:07, 87.53it/s] 89%|‚ñà‚ñà‚ñà‚ñà‚ñà‚ñà‚ñà‚ñà‚ñä | 5035/5674 [08:46<00:07, 79.99it/s] 89%|‚ñà‚ñà‚ñà‚ñà‚ñà‚ñà‚ñà‚ñà‚ñâ | 5045/5674 [08:46<00:08, 77.98it/s] 89%|‚ñà‚ñà‚ñà‚ñà‚ñà‚ñà‚ñà‚ñà‚ñâ | 5056/5674 [08:46<00:07, 82.59it/s] 89%|‚ñà‚ñà‚ñà‚ñà‚ñà‚ñà‚ñà‚ñà‚ñâ | 5066/5674 [08:46<00:07, 86.18it/s] 89%|‚ñà‚ñà‚ñà‚ñà‚ñà‚ñà‚ñà‚ñà‚ñâ | 5078/5674 [08:46<00:06, 94.43it/s] 90%|‚ñà‚ñà‚ñà‚ñà‚ñà‚ñà‚ñà‚ñà‚ñâ | 5088/5674 [08:46<00:06, 85.00it/s] 90%|‚ñà‚ñà‚ñà‚ñà‚ñà‚ñà‚ñà‚ñà‚ñâ | 5098/5674 [08:46<00:06, 85.32it/s] 90%|‚ñà‚ñà‚ñà‚ñà‚ñà‚ñà‚ñà‚ñà‚ñà | 5107/5674 [08:46<00:07, 76.76it/s] 90%|‚ñà‚ñà‚ñà‚ñà‚ñà‚ñà‚ñà‚ñà‚ñà | 5115/5674 [08:47<00:07, 73.63it/s] 90%|‚ñà‚ñà‚ñà‚ñà‚ñà‚ñà‚ñà‚ñà‚ñà | 5128/5674 [08:47<00:06, 87.15it/s] 91%|‚ñà‚ñà‚ñà‚ñà‚ñà‚ñà‚ñà‚ñà‚ñà | 5141/5674 [08:47<00:05, 98.17it/s] 91%|‚ñà‚ñà‚ñà‚ñà‚ñà‚ñà‚ñà‚ñà‚ñà | 5152/5674 [08:47<00:06, 79.63it/s] 91%|‚ñà‚ñà‚ñà‚ñà‚ñà‚ñà‚ñà‚ñà‚ñà | 5162/5674 [08:47<00:06, 83.60it/s] 91%|‚ñà‚ñà‚ñà‚ñà‚ñà‚ñà‚ñà‚ñà‚ñà | 5172/5674 [08:47<00:06, 80.43it/s] 91%|‚ñà‚ñà‚ñà‚ñà‚ñà‚ñà‚ñà‚ñà‚ñà‚ñè| 5181/5674 [08:47<00:06, 81.21it/s] 91%|‚ñà‚ñà‚ñà‚ñà‚ñà‚ñà‚ñà‚ñà‚ñà‚ñè| 5191/5674 [08:47<00:05, 85.76it/s] 92%|‚ñà‚ñà‚ñà‚ñà‚ñà‚ñà‚ñà‚ñà‚ñà‚ñè| 5205/5674 [08:48<00:05, 84.93it/s] 92%|‚ñà‚ñà‚ñà‚ñà‚ñà‚ñà‚ñà‚ñà‚ñà‚ñè| 5214/5674 [08:48<00:06, 70.65it/s] 92%|‚ñà‚ñà‚ñà‚ñà‚ñà‚ñà‚ñà‚ñà‚ñà‚ñè| 5222/5674 [08:48<00:07, 60.50it/s] 92%|‚ñà‚ñà‚ñà‚ñà‚ñà‚ñà‚ñà‚ñà‚ñà‚ñè| 5232/5674 [08:48<00:06, 68.08it/s] 92%|‚ñà‚ñà‚ñà‚ñà‚ñà‚ñà‚ñà‚ñà‚ñà‚ñè| 5240/5674 [08:48<00:06, 64.13it/s] 92%|‚ñà‚ñà‚ñà‚ñà‚ñà‚ñà‚ñà‚ñà‚ñà‚ñè| 5247/5674 [08:48<00:06, 61.85it/s] 93%|‚ñà‚ñà‚ñà‚ñà‚ñà‚ñà‚ñà‚ñà‚ñà‚ñé| 5257/5674 [08:48<00:05, 70.18it/s] 93%|‚ñà‚ñà‚ñà‚ñà‚ñà‚ñà‚ñà‚ñà‚ñà‚ñé| 5265/5674 [08:49<00:06, 65.11it/s] 93%|‚ñà‚ñà‚ñà‚ñà‚ñà‚ñà‚ñà‚ñà‚ñà‚ñé| 5273/5674 [08:49<00:05, 67.87it/s] 93%|‚ñà‚ñà‚ñà‚ñà‚ñà‚ñà‚ñà‚ñà‚ñà‚ñé| 5286/5674 [08:49<00:04, 78.95it/s] 93%|‚ñà‚ñà‚ñà‚ñà‚ñà‚ñà‚ñà‚ñà‚ñà‚ñé| 5297/5674 [08:49<00:04, 86.76it/s] 94%|‚ñà‚ñà‚ñà‚ñà‚ñà‚ñà‚ñà‚ñà‚ñà‚ñé| 5306/5674 [08:49<00:04, 81.60it/s] 94%|‚ñà‚ñà‚ñà‚ñà‚ñà‚ñà‚ñà‚ñà‚ñà‚ñé| 5315/5674 [08:49<00:04, 73.92it/s] 94%|‚ñà‚ñà‚ñà‚ñà‚ñà‚ñà‚ñà‚ñà‚ñà‚ñç| 5325/5674 [08:49<00:04, 79.14it/s] 94%|‚ñà‚ñà‚ñà‚ñà‚ñà‚ñà‚ñà‚ñà‚ñà‚ñç| 5335/5674 [08:49<00:04, 81.44it/s] 94%|‚ñà‚ñà‚ñà‚ñà‚ñà‚ñà‚ñà‚ñà‚ñà‚ñç| 5345/5674 [08:50<00:04, 80.80it/s] 94%|‚ñà‚ñà‚ñà‚ñà‚ñà‚ñà‚ñà‚ñà‚ñà‚ñç| 5354/5674 [08:50<00:04, 65.05it/s] 95%|‚ñà‚ñà‚ñà‚ñà‚ñà‚ñà‚ñà‚ñà‚ñà‚ñç| 5362/5674 [08:50<00:05, 59.72it/s] 95%|‚ñà‚ñà‚ñà‚ñà‚ñà‚ñà‚ñà‚ñà‚ñà‚ñç| 5369/5674 [08:51<00:10, 29.66it/s] 95%|‚ñà‚ñà‚ñà‚ñà‚ñà‚ñà‚ñà‚ñà‚ñà‚ñç| 5378/5674 [08:51<00:07, 37.14it/s] 95%|‚ñà‚ñà‚ñà‚ñà‚ñà‚ñà‚ñà‚ñà‚ñà‚ñç| 5389/5674 [08:51<00:05, 48.28it/s] 95%|‚ñà‚ñà‚ñà‚ñà‚ñà‚ñà‚ñà‚ñà‚ñà‚ñå| 5401/5674 [08:51<00:04, 59.68it/s] 95%|‚ñà‚ñà‚ñà‚ñà‚ñà‚ñà‚ñà‚ñà‚ñà‚ñå| 5410/5674 [08:51<00:04, 63.59it/s] 96%|‚ñà‚ñà‚ñà‚ñà‚ñà‚ñà‚ñà‚ñà‚ñà‚ñå| 5421/5674 [08:51<00:03, 73.18it/s] 96%|‚ñà‚ñà‚ñà‚ñà‚ñà‚ñà‚ñà‚ñà‚ñà‚ñå| 5430/5674 [08:51<00:03, 67.30it/s] 96%|‚ñà‚ñà‚ñà‚ñà‚ñà‚ñà‚ñà‚ñà‚ñà‚ñå| 5438/5674 [08:51<00:03, 65.80it/s] 96%|‚ñà‚ñà‚ñà‚ñà‚ñà‚ñà‚ñà‚ñà‚ñà‚ñå| 5451/5674 [08:51<00:02, 77.95it/s] 96%|‚ñà‚ñà‚ñà‚ñà‚ñà‚ñà‚ñà‚ñà‚ñà‚ñå| 5460/5674 [08:52<00:03, 69.24it/s] 96%|‚ñà‚ñà‚ñà‚ñà‚ñà‚ñà‚ñà‚ñà‚ñà‚ñã| 5469/5674 [08:52<00:02, 72.24it/s] 97%|‚ñà‚ñà‚ñà‚ñà‚ñà‚ñà‚ñà‚ñà‚ñà‚ñã| 5479/5674 [08:52<00:02, 77.77it/s] 97%|‚ñà‚ñà‚ñà‚ñà‚ñà‚ñà‚ñà‚ñà‚ñà‚ñã| 5488/5674 [08:52<00:02, 68.73it/s] 97%|‚ñà‚ñà‚ñà‚ñà‚ñà‚ñà‚ñà‚ñà‚ñà‚ñã| 5502/5674 [08:52<00:02, 85.37it/s] 97%|‚ñà‚ñà‚ñà‚ñà‚ñà‚ñà‚ñà‚ñà‚ñà‚ñã| 5512/5674 [08:52<00:01, 87.28it/s] 97%|‚ñà‚ñà‚ñà‚ñà‚ñà‚ñà‚ñà‚ñà‚ñà‚ñã| 5522/5674 [08:52<00:01, 82.82it/s] 97%|‚ñà‚ñà‚ñà‚ñà‚ñà‚ñà‚ñà‚ñà‚ñà‚ñã| 5531/5674 [08:53<00:02, 69.87it/s] 98%|‚ñà‚ñà‚ñà‚ñà‚ñà‚ñà‚ñà‚ñà‚ñà‚ñä| 5541/5674 [08:53<00:01, 75.24it/s] 98%|‚ñà‚ñà‚ñà‚ñà‚ñà‚ñà‚ñà‚ñà‚ñà‚ñä| 5550/5674 [08:53<00:01, 71.87it/s] 98%|‚ñà‚ñà‚ñà‚ñà‚ñà‚ñà‚ñà‚ñà‚ñà‚ñä| 5564/5674 [08:53<00:01, 76.01it/s] 98%|‚ñà‚ñà‚ñà‚ñà‚ñà‚ñà‚ñà‚ñà‚ñà‚ñä| 5580/5674 [08:53<00:01, 89.76it/s] 99%|‚ñà‚ñà‚ñà‚ñà‚ñà‚ñà‚ñà‚ñà‚ñà‚ñä| 5590/5674 [08:53<00:01, 78.89it/s] 99%|‚ñà‚ñà‚ñà‚ñà‚ñà‚ñà‚ñà‚ñà‚ñà‚ñä| 5599/5674 [08:53<00:01, 72.58it/s] 99%|‚ñà‚ñà‚ñà‚ñà‚ñà‚ñà‚ñà‚ñà‚ñà‚ñâ| 5607/5674 [08:54<00:01, 64.32it/s] 99%|‚ñà‚ñà‚ñà‚ñà‚ñà‚ñà‚ñà‚ñà‚ñà‚ñâ| 5614/5674 [08:54<00:01, 55.35it/s] 99%|‚ñà‚ñà‚ñà‚ñà‚ñà‚ñà‚ñà‚ñà‚ñà‚ñâ| 5625/5674 [08:54<00:00, 65.70it/s] 99%|‚ñà‚ñà‚ñà‚ñà‚ñà‚ñà‚ñà‚ñà‚ñà‚ñâ| 5633/5674 [08:54<00:00, 61.86it/s]100%|‚ñà‚ñà‚ñà‚ñà‚ñà‚ñà‚ñà‚ñà‚ñà‚ñâ| 5646/5674 [08:54<00:00, 75.31it/s]100%|‚ñà‚ñà‚ñà‚ñà‚ñà‚ñà‚ñà‚ñà‚ñà‚ñâ| 5655/5674 [08:54<00:00, 58.40it/s]100%|‚ñà‚ñà‚ñà‚ñà‚ñà‚ñà‚ñà‚ñà‚ñà‚ñâ| 5662/5674 [08:55<00:00, 51.44it/s]100%|‚ñà‚ñà‚ñà‚ñà‚ñà‚ñà‚ñà‚ñà‚ñà‚ñâ| 5668/5674 [09:04<00:02,  2.63it/s]100%|‚ñà‚ñà‚ñà‚ñà‚ñà‚ñà‚ñà‚ñà‚ñà‚ñâ| 5668/5674 [09:17<00:02,  2.63it/s]100%|‚ñà‚ñà‚ñà‚ñà‚ñà‚ñà‚ñà‚ñà‚ñà‚ñâ| 5671/5674 [09:19<00:02,  1.03it/s]100%|‚ñà‚ñà‚ñà‚ñà‚ñà‚ñà‚ñà‚ñà‚ñà‚ñâ| 5673/5674 [09:20<00:00,  1.08it/s]100%|‚ñà‚ñà‚ñà‚ñà‚ñà‚ñà‚ñà‚ñà‚ñà‚ñà| 5674/5674 [09:22<00:00, 10.09it/s]
urllib3.exceptions.ResponseError: too many 504 error responses

The above exception was the direct cause of the following exception:

Traceback (most recent call last):
  File "/home/gkoopman/.conda/envs/lean-reinforcement/lib/python3.10/site-packages/requests/adapters.py", line 644, in send
    resp = conn.urlopen(
  File "/home/gkoopman/.conda/envs/lean-reinforcement/lib/python3.10/site-packages/urllib3/connectionpool.py", line 942, in urlopen
    return self.urlopen(
  File "/home/gkoopman/.conda/envs/lean-reinforcement/lib/python3.10/site-packages/urllib3/connectionpool.py", line 942, in urlopen
    return self.urlopen(
  File "/home/gkoopman/.conda/envs/lean-reinforcement/lib/python3.10/site-packages/urllib3/connectionpool.py", line 942, in urlopen
    return self.urlopen(
  [Previous line repeated 7 more times]
  File "/home/gkoopman/.conda/envs/lean-reinforcement/lib/python3.10/site-packages/urllib3/connectionpool.py", line 932, in urlopen
    retries = retries.increment(method, url, response=response, _pool=self)
  File "/home/gkoopman/.conda/envs/lean-reinforcement/lib/python3.10/site-packages/github/GithubRetry.py", line 208, in increment
    return super().increment(method, url, response, error, _pool, _stacktrace)
  File "/home/gkoopman/.conda/envs/lean-reinforcement/lib/python3.10/site-packages/urllib3/util/retry.py", line 519, in increment
    raise MaxRetryError(_pool, url, reason) from reason  # type: ignore[arg-type]
urllib3.exceptions.MaxRetryError: HTTPSConnectionPool(host='api.github.com', port=443): Max retries exceeded with url: /repos/leanprover/lean4 (Caused by ResponseError('too many 504 error responses'))

During handling of the above exception, another exception occurred:

Traceback (most recent call last):
  File "/home/gkoopman/.conda/envs/lean-reinforcement/lib/python3.10/runpy.py", line 196, in _run_module_as_main
    return _run_code(code, main_globals, None,
  File "/home/gkoopman/.conda/envs/lean-reinforcement/lib/python3.10/runpy.py", line 86, in _run_code
    exec(code, run_globals)
  File "/gpfs/home1/gkoopman/lean_reinforcement/lean_reinforcement/training/train.py", line 15, in <module>
    trainer = Trainer(args)
  File "/gpfs/home1/gkoopman/lean_reinforcement/lean_reinforcement/training/trainer.py", line 52, in __init__
    self._setup_data()
  File "/gpfs/home1/gkoopman/lean_reinforcement/lean_reinforcement/training/trainer.py", line 107, in _setup_data
    self.dataloader.trace_repo()
  File "/gpfs/home1/gkoopman/lean_reinforcement/lean_reinforcement/utilities/dataloader.py", line 68, in trace_repo
    traced_repo = trace(repo)
  File "/home/gkoopman/.conda/envs/lean-reinforcement/lib/python3.10/site-packages/lean_dojo/data_extraction/trace.py", line 249, in trace
    traced_repo = TracedRepo.load_from_disk(cached_path, build_deps)
  File "/home/gkoopman/.conda/envs/lean-reinforcement/lib/python3.10/site-packages/lean_dojo/data_extraction/traced_data.py", line 1217, in load_from_disk
    dependencies = repo.get_dependencies(root_dir)
  File "/home/gkoopman/.conda/envs/lean-reinforcement/lib/python3.10/site-packages/lean_dojo/data_extraction/lean.py", line 659, in get_dependencies
    commit = get_lean4_commit_from_config(toolchain)
  File "/home/gkoopman/.conda/envs/lean-reinforcement/lib/python3.10/site-packages/lean_dojo/data_extraction/lean.py", line 454, in get_lean4_commit_from_config
    LEAN4_REPO = GITHUB.get_repo("leanprover/lean4")
  File "/home/gkoopman/.conda/envs/lean-reinforcement/lib/python3.10/site-packages/github/MainClass.py", line 479, in get_repo
    headers, data = self.__requester.requestJsonAndCheck("GET", url)
  File "/home/gkoopman/.conda/envs/lean-reinforcement/lib/python3.10/site-packages/github/Requester.py", line 624, in requestJsonAndCheck
    *self.requestJson(
  File "/home/gkoopman/.conda/envs/lean-reinforcement/lib/python3.10/site-packages/github/Requester.py", line 1046, in requestJson
    status, responseHeaders, output = self.__requestEncode(
  File "/home/gkoopman/.conda/envs/lean-reinforcement/lib/python3.10/site-packages/github/Requester.py", line 1185, in __requestEncode
    status, responseHeaders, output = self.__requestRaw(
  File "/home/gkoopman/.conda/envs/lean-reinforcement/lib/python3.10/site-packages/github/Requester.py", line 1223, in __requestRaw
    response = cnx.getresponse()
  File "/home/gkoopman/.conda/envs/lean-reinforcement/lib/python3.10/site-packages/github/Requester.py", line 213, in getresponse
    r = verb(
  File "/home/gkoopman/.conda/envs/lean-reinforcement/lib/python3.10/site-packages/requests/sessions.py", line 602, in get
    return self.request("GET", url, **kwargs)
  File "/home/gkoopman/.conda/envs/lean-reinforcement/lib/python3.10/site-packages/requests/sessions.py", line 589, in request
    resp = self.send(prep, **send_kwargs)
  File "/home/gkoopman/.conda/envs/lean-reinforcement/lib/python3.10/site-packages/requests/sessions.py", line 703, in send
    r = adapter.send(request, **kwargs)
  File "/home/gkoopman/.conda/envs/lean-reinforcement/lib/python3.10/site-packages/requests/adapters.py", line 668, in send
    raise RetryError(e, request=request)
requests.exceptions.RetryError: HTTPSConnectionPool(host='api.github.com', port=443): Max retries exceeded with url: /repos/leanprover/lean4 (Caused by ResponseError('too many 504 error responses'))
urllib3.exceptions.ResponseError: too many 504 error responses

The above exception was the direct cause of the following exception:

Traceback (most recent call last):
  File "/home/gkoopman/.conda/envs/lean-reinforcement/lib/python3.10/site-packages/requests/adapters.py", line 644, in send
    resp = conn.urlopen(
  File "/home/gkoopman/.conda/envs/lean-reinforcement/lib/python3.10/site-packages/urllib3/connectionpool.py", line 942, in urlopen
    return self.urlopen(
  File "/home/gkoopman/.conda/envs/lean-reinforcement/lib/python3.10/site-packages/urllib3/connectionpool.py", line 942, in urlopen
    return self.urlopen(
  File "/home/gkoopman/.conda/envs/lean-reinforcement/lib/python3.10/site-packages/urllib3/connectionpool.py", line 942, in urlopen
    return self.urlopen(
  [Previous line repeated 7 more times]
  File "/home/gkoopman/.conda/envs/lean-reinforcement/lib/python3.10/site-packages/urllib3/connectionpool.py", line 932, in urlopen
    retries = retries.increment(method, url, response=response, _pool=self)
  File "/home/gkoopman/.conda/envs/lean-reinforcement/lib/python3.10/site-packages/github/GithubRetry.py", line 208, in increment
    return super().increment(method, url, response, error, _pool, _stacktrace)
  File "/home/gkoopman/.conda/envs/lean-reinforcement/lib/python3.10/site-packages/urllib3/util/retry.py", line 519, in increment
    raise MaxRetryError(_pool, url, reason) from reason  # type: ignore[arg-type]
urllib3.exceptions.MaxRetryError: HTTPSConnectionPool(host='api.github.com', port=443): Max retries exceeded with url: /repos/leanprover/lean4 (Caused by ResponseError('too many 504 error responses'))

During handling of the above exception, another exception occurred:

Traceback (most recent call last):
  File "/home/gkoopman/.conda/envs/lean-reinforcement/lib/python3.10/runpy.py", line 196, in _run_module_as_main
    return _run_code(code, main_globals, None,
  File "/home/gkoopman/.conda/envs/lean-reinforcement/lib/python3.10/runpy.py", line 86, in _run_code
    exec(code, run_globals)
  File "/gpfs/home1/gkoopman/lean_reinforcement/lean_reinforcement/training/train.py", line 15, in <module>
    trainer = Trainer(args)
  File "/gpfs/home1/gkoopman/lean_reinforcement/lean_reinforcement/training/trainer.py", line 52, in __init__
    self._setup_data()
  File "/gpfs/home1/gkoopman/lean_reinforcement/lean_reinforcement/training/trainer.py", line 107, in _setup_data
    self.dataloader.trace_repo()
  File "/gpfs/home1/gkoopman/lean_reinforcement/lean_reinforcement/utilities/dataloader.py", line 68, in trace_repo
    traced_repo = trace(repo)
  File "/home/gkoopman/.conda/envs/lean-reinforcement/lib/python3.10/site-packages/lean_dojo/data_extraction/trace.py", line 249, in trace
    traced_repo = TracedRepo.load_from_disk(cached_path, build_deps)
  File "/home/gkoopman/.conda/envs/lean-reinforcement/lib/python3.10/site-packages/lean_dojo/data_extraction/traced_data.py", line 1217, in load_from_disk
    dependencies = repo.get_dependencies(root_dir)
  File "/home/gkoopman/.conda/envs/lean-reinforcement/lib/python3.10/site-packages/lean_dojo/data_extraction/lean.py", line 659, in get_dependencies
    commit = get_lean4_commit_from_config(toolchain)
  File "/home/gkoopman/.conda/envs/lean-reinforcement/lib/python3.10/site-packages/lean_dojo/data_extraction/lean.py", line 454, in get_lean4_commit_from_config
    LEAN4_REPO = GITHUB.get_repo("leanprover/lean4")
  File "/home/gkoopman/.conda/envs/lean-reinforcement/lib/python3.10/site-packages/github/MainClass.py", line 479, in get_repo
    headers, data = self.__requester.requestJsonAndCheck("GET", url)
  File "/home/gkoopman/.conda/envs/lean-reinforcement/lib/python3.10/site-packages/github/Requester.py", line 624, in requestJsonAndCheck
    *self.requestJson(
  File "/home/gkoopman/.conda/envs/lean-reinforcement/lib/python3.10/site-packages/github/Requester.py", line 1046, in requestJson
    status, responseHeaders, output = self.__requestEncode(
  File "/home/gkoopman/.conda/envs/lean-reinforcement/lib/python3.10/site-packages/github/Requester.py", line 1185, in __requestEncode
    status, responseHeaders, output = self.__requestRaw(
  File "/home/gkoopman/.conda/envs/lean-reinforcement/lib/python3.10/site-packages/github/Requester.py", line 1223, in __requestRaw
    response = cnx.getresponse()
  File "/home/gkoopman/.conda/envs/lean-reinforcement/lib/python3.10/site-packages/github/Requester.py", line 213, in getresponse
    r = verb(
  File "/home/gkoopman/.conda/envs/lean-reinforcement/lib/python3.10/site-packages/requests/sessions.py", line 602, in get
    return self.request("GET", url, **kwargs)
  File "/home/gkoopman/.conda/envs/lean-reinforcement/lib/python3.10/site-packages/requests/sessions.py", line 589, in request
    resp = self.send(prep, **send_kwargs)
  File "/home/gkoopman/.conda/envs/lean-reinforcement/lib/python3.10/site-packages/requests/sessions.py", line 703, in send
    r = adapter.send(request, **kwargs)
  File "/home/gkoopman/.conda/envs/lean-reinforcement/lib/python3.10/site-packages/requests/adapters.py", line 668, in send
    raise RetryError(e, request=request)
requests.exceptions.RetryError: HTTPSConnectionPool(host='api.github.com', port=443): Max retries exceeded with url: /repos/leanprover/lean4 (Caused by ResponseError('too many 504 error responses'))
[1;34mwandb[0m: 
[1;34mwandb[0m: üöÄ View run [33mvivid-planet-76[0m at: [34mhttps://wandb.ai/gerbennkoopman-university-of-amsterdam/lean-reinforcement/runs/hfqulhu3[0m
[1;34mwandb[0m: Find logs at: [1;35m../../../gpfs/home1/gkoopman/lean_reinforcement/wandb/run-20260115_184253-hfqulhu3/logs[0m
srun: Job step aborted: Waiting up to 32 seconds for job step to finish.
[2026-01-15T18:56:09.219] error: *** JOB 18388573 ON gcn45 CANCELLED AT 2026-01-15T18:56:09 DUE to SIGNAL Terminated ***
[2026-01-15T18:56:09.219] error: *** STEP 18388573.0 ON gcn45 CANCELLED AT 2026-01-15T18:56:09 DUE to SIGNAL Terminated ***
