============================================================================================== 
Warning! Mixing Conda and module environments may lead to corruption of the
user environment. 
We do not recommend users mixing those two environments unless absolutely
necessary. Note that 
SURF does not provide any support for Conda environment.
For more information, please refer to our software policy page:
https://servicedesk.surf.nl/wiki/display/WIKI/Software+policy+Snellius#SoftwarepolicySnellius-UseofAnacondaandMinicondaenvironmentsonSnellius 

Remember that many packages have already been installed on the system and can
be loaded using 
the 'module load <package__name>' command. If you are uncertain if a package is
already available 
on the system, please use 'module avail' or 'module spider' to search for it.
============================================================================================== 
Starting training run with distributed environment...
wandb: Currently logged in as: gerbennkoopman to https://api.wandb.ai. Use `wandb login --relogin` to force relogin
wandb: Tracking run with wandb version 0.22.3
wandb: Run data is saved locally in /gpfs/home1/gkoopman/lean_reinforcement/wandb/run-20251108_154717-ytokqr74
wandb: Run `wandb offline` to turn off syncing.
wandb: Syncing run fast-bird-3
wandb: ‚≠êÔ∏è View project at https://wandb.ai/gerbennkoopman-university-of-amsterdam/lean-reinforcement
wandb: üöÄ View run at https://wandb.ai/gerbennkoopman-university-of-amsterdam/lean-reinforcement/runs/ytokqr74
2025-11-08 15:47:18.533 | WARNING  | src.utilities.checkpoint:get_checkpoint_dir:28 - CHECKPOINT_DIR not set in environment, using ./checkpoints
2025-11-08 15:47:18.533 | INFO     | __main__:main:269 - Using checkpoint directory: checkpoints
2025-11-08 15:47:21.333 | INFO     | __main__:log_gpu_memory:253 - After model initialization - GPU Memory: 1.12GB allocated, 1.23GB reserved
2025-11-08 15:47:21.333 | INFO     | __main__:main:287 - Loading data from 'leandojo_benchmark_4/novel_premises'
2025-11-08 15:47:21.333 | INFO     | ReProver.common:__init__:201 - Building the corpus from leandojo_benchmark_4/corpus.jsonl
2025-11-08 15:48:06.997 | INFO     | lean_dojo.data_extraction.trace:trace:248 - Loading the traced repo from /gpfs/scratch1/shared/lean-reinforcement/datasets/lean_dojo_cache/leanprover-community-mathlib4-29dcec074de168ac2bf835a77ef68bbe069194c5/mathlib4
2025-11-08 15:48:20,266	INFO worker.py:2003 -- Started a local Ray instance. View the dashboard at [1m[32m127.0.0.1:8265 [39m[22m
/home/gkoopman/.conda/envs/lean-reinforcement/lib/python3.10/site-packages/ray/_private/worker.py:2051: FutureWarning: Tip: In future versions of Ray, Ray will no longer override accelerator visible devices env var if num_gpus=0 or num_gpus=None (default). To enable this behavior and turn off this error message, set RAY_ACCEL_ENV_VAR_OVERRIDE_ON_ZERO=0
  warnings.warn(
  0%|          | 0/5674 [00:00<?, ?it/s]  0%|          | 1/5674 [00:01<2:44:49,  1.74s/it]  0%|          | 8/5674 [00:05<1:07:06,  1.41it/s]  0%|          | 12/5674 [00:06<39:36,  2.38it/s]   0%|          | 14/5674 [00:06<31:34,  2.99it/s]  0%|          | 18/5674 [00:06<20:17,  4.64it/s]  0%|          | 22/5674 [00:06<13:56,  6.76it/s]  1%|          | 29/5674 [00:06<08:02, 11.69it/s]  1%|          | 33/5674 [00:10<34:33,  2.72it/s]  1%|          | 38/5674 [00:11<23:45,  3.95it/s]  1%|          | 46/5674 [00:11<14:17,  6.56it/s]  1%|          | 50/5674 [00:11<11:30,  8.15it/s]  1%|          | 56/5674 [00:11<08:13, 11.38it/s]  1%|          | 61/5674 [00:11<06:38, 14.08it/s]  1%|          | 67/5674 [00:11<05:05, 18.36it/s]  1%|‚ñè         | 72/5674 [00:16<29:44,  3.14it/s]  1%|‚ñè         | 76/5674 [00:16<23:38,  3.95it/s]  1%|‚ñè         | 79/5674 [00:17<19:30,  4.78it/s]  2%|‚ñè         | 86/5674 [00:17<12:16,  7.59it/s]  2%|‚ñè         | 91/5674 [00:17<09:40,  9.62it/s]  2%|‚ñè         | 95/5674 [00:23<40:24,  2.30it/s]  2%|‚ñè         | 98/5674 [00:23<32:29,  2.86it/s]  2%|‚ñè         | 103/5674 [00:23<22:36,  4.11it/s]  2%|‚ñè         | 109/5674 [00:23<15:11,  6.10it/s]  2%|‚ñè         | 113/5674 [00:23<13:17,  6.98it/s]  2%|‚ñè         | 116/5674 [00:23<11:17,  8.21it/s]  2%|‚ñè         | 122/5674 [00:24<07:41, 12.04it/s]  2%|‚ñè         | 126/5674 [00:30<44:07,  2.10it/s]  2%|‚ñè         | 129/5674 [00:30<35:06,  2.63it/s]  2%|‚ñè         | 132/5674 [00:30<27:45,  3.33it/s]  2%|‚ñè         | 136/5674 [00:30<20:11,  4.57it/s]  2%|‚ñè         | 139/5674 [00:30<16:22,  5.63it/s]  3%|‚ñé         | 142/5674 [00:31<13:22,  6.90it/s]  3%|‚ñé         | 145/5674 [00:31<10:41,  8.62it/s]  3%|‚ñé         | 148/5674 [00:31<09:22,  9.83it/s]  3%|‚ñé         | 152/5674 [00:31<06:58, 13.21it/s]  3%|‚ñé         | 155/5674 [00:38<1:07:24,  1.36it/s]  3%|‚ñé         | 164/5674 [00:39<31:40,  2.90it/s]    3%|‚ñé         | 168/5674 [00:39<25:02,  3.66it/s]  3%|‚ñé         | 174/5674 [00:39<16:51,  5.44it/s]  3%|‚ñé         | 178/5674 [00:39<13:15,  6.91it/s]  3%|‚ñé         | 182/5674 [00:39<10:26,  8.77it/s]  3%|‚ñé         | 188/5674 [00:39<07:16, 12.56it/s]  3%|‚ñé         | 195/5674 [00:39<05:02, 18.10it/s]  4%|‚ñé         | 203/5674 [00:39<03:35, 25.43it/s]  4%|‚ñé         | 209/5674 [00:40<03:34, 25.47it/s]  4%|‚ñç         | 214/5674 [00:40<03:29, 26.10it/s]  4%|‚ñç         | 225/5674 [00:40<02:22, 38.28it/s]  4%|‚ñç         | 235/5674 [00:49<30:07,  3.01it/s]  4%|‚ñç         | 241/5674 [00:49<23:20,  3.88it/s]  4%|‚ñç         | 246/5674 [00:49<18:38,  4.85it/s]  4%|‚ñç         | 252/5674 [00:49<13:57,  6.48it/s]  5%|‚ñç         | 257/5674 [00:49<11:33,  7.81it/s]  5%|‚ñç         | 261/5674 [00:49<09:34,  9.43it/s]  5%|‚ñç         | 266/5674 [00:49<07:24, 12.16it/s]  5%|‚ñç         | 271/5674 [00:50<05:52, 15.32it/s]  5%|‚ñç         | 276/5674 [00:50<04:58, 18.10it/s]  5%|‚ñå         | 285/5674 [00:50<03:20, 26.92it/s]  5%|‚ñå         | 292/5674 [00:50<02:40, 33.51it/s]  5%|‚ñå         | 298/5674 [00:50<02:46, 32.33it/s]  5%|‚ñå         | 303/5674 [00:50<02:55, 30.61it/s]  5%|‚ñå         | 309/5674 [00:50<02:35, 34.50it/s]  6%|‚ñå         | 314/5674 [00:51<02:33, 35.01it/s]  6%|‚ñå         | 319/5674 [01:01<50:34,  1.76it/s]  6%|‚ñå         | 322/5674 [01:01<41:44,  2.14it/s]  6%|‚ñå         | 328/5674 [01:01<27:35,  3.23it/s]  6%|‚ñå         | 332/5674 [01:01<21:14,  4.19it/s]  6%|‚ñå         | 341/5674 [01:01<12:12,  7.28it/s]  6%|‚ñå         | 347/5674 [01:01<09:13,  9.63it/s]  6%|‚ñå         | 352/5674 [01:01<07:16, 12.18it/s]  6%|‚ñã         | 360/5674 [01:01<04:58, 17.82it/s]  6%|‚ñã         | 366/5674 [01:01<03:58, 22.28it/s]  7%|‚ñã         | 375/5674 [01:02<02:55, 30.28it/s]  7%|‚ñã         | 386/5674 [01:02<02:11, 40.13it/s]  7%|‚ñã         | 393/5674 [01:02<01:58, 44.46it/s]  7%|‚ñã         | 408/5674 [01:02<01:23, 63.03it/s]  7%|‚ñã         | 421/5674 [01:02<01:08, 76.81it/s]  8%|‚ñä         | 436/5674 [01:02<00:55, 93.67it/s]  8%|‚ñä         | 451/5674 [01:02<00:50, 102.79it/s]  8%|‚ñä         | 463/5674 [01:02<00:53, 98.29it/s]   8%|‚ñä         | 474/5674 [01:03<00:56, 91.67it/s]  9%|‚ñä         | 484/5674 [01:03<01:08, 76.16it/s]  9%|‚ñä         | 493/5674 [01:03<01:18, 65.89it/s]  9%|‚ñâ         | 501/5674 [01:03<01:26, 59.96it/s]  9%|‚ñâ         | 501/5674 [01:15<01:26, 59.96it/s]  9%|‚ñâ         | 504/5674 [01:15<39:48,  2.16it/s]  9%|‚ñâ         | 507/5674 [01:15<34:51,  2.47it/s]  9%|‚ñâ         | 513/5674 [01:15<25:52,  3.33it/s]  9%|‚ñâ         | 523/5674 [01:15<15:43,  5.46it/s]  9%|‚ñâ         | 529/5674 [01:15<12:07,  7.07it/s]  9%|‚ñâ         | 535/5674 [01:16<09:22,  9.14it/s] 10%|‚ñâ         | 543/5674 [01:16<06:34, 13.00it/s] 10%|‚ñâ         | 554/5674 [01:16<04:27, 19.16it/s] 10%|‚ñâ         | 561/5674 [01:16<03:36, 23.64it/s] 10%|‚ñà         | 568/5674 [01:16<02:58, 28.55it/s] 10%|‚ñà         | 577/5674 [01:16<02:38, 32.22it/s] 10%|‚ñà         | 590/5674 [01:16<01:55, 43.86it/s] 11%|‚ñà         | 602/5674 [01:17<01:30, 55.75it/s] 11%|‚ñà         | 611/5674 [01:17<01:44, 48.63it/s] 11%|‚ñà         | 618/5674 [01:17<02:02, 41.30it/s] 11%|‚ñà         | 625/5674 [01:17<01:50, 45.89it/s] 11%|‚ñà         | 632/5674 [01:17<01:40, 50.20it/s] 11%|‚ñà‚ñè        | 639/5674 [01:17<01:35, 52.76it/s] 11%|‚ñà‚ñè        | 646/5674 [01:18<01:51, 44.98it/s] 12%|‚ñà‚ñè        | 655/5674 [01:18<01:32, 54.15it/s] 12%|‚ñà‚ñè        | 662/5674 [01:18<01:27, 57.38it/s] 12%|‚ñà‚ñè        | 662/5674 [01:32<01:27, 57.38it/s] 12%|‚ñà‚ñè        | 667/5674 [01:32<51:45,  1.61it/s] 12%|‚ñà‚ñè        | 672/5674 [01:32<39:49,  2.09it/s] 12%|‚ñà‚ñè        | 679/5674 [01:32<27:19,  3.05it/s] 12%|‚ñà‚ñè        | 686/5674 [01:32<19:16,  4.31it/s] 12%|‚ñà‚ñè        | 692/5674 [01:32<14:22,  5.78it/s] 12%|‚ñà‚ñè        | 702/5674 [01:32<08:57,  9.25it/s] 12%|‚ñà‚ñè        | 709/5674 [01:32<06:54, 11.99it/s] 13%|‚ñà‚ñé        | 716/5674 [01:33<05:22, 15.39it/s] 13%|‚ñà‚ñé        | 722/5674 [01:33<04:28, 18.47it/s] 13%|‚ñà‚ñé        | 728/5674 [01:33<03:48, 21.61it/s] 13%|‚ñà‚ñé        | 733/5674 [01:33<03:43, 22.10it/s] 13%|‚ñà‚ñé        | 742/5674 [01:33<02:38, 31.11it/s] 13%|‚ñà‚ñé        | 748/5674 [01:33<02:38, 31.00it/s] 13%|‚ñà‚ñé        | 756/5674 [01:33<02:07, 38.43it/s] 13%|‚ñà‚ñé        | 762/5674 [01:34<02:11, 37.32it/s] 14%|‚ñà‚ñé        | 767/5674 [01:34<02:16, 35.83it/s] 14%|‚ñà‚ñé        | 772/5674 [01:34<02:45, 29.60it/s] 14%|‚ñà‚ñç        | 781/5674 [01:34<02:05, 38.99it/s] 14%|‚ñà‚ñç        | 788/5674 [01:34<02:02, 39.89it/s] 14%|‚ñà‚ñç        | 793/5674 [01:35<02:27, 32.99it/s] 14%|‚ñà‚ñç        | 797/5674 [01:35<02:23, 33.95it/s] 14%|‚ñà‚ñç        | 802/5674 [01:35<02:32, 31.98it/s] 14%|‚ñà‚ñç        | 808/5674 [01:35<02:24, 33.78it/s] 14%|‚ñà‚ñç        | 812/5674 [01:35<02:18, 35.01it/s] 14%|‚ñà‚ñç        | 819/5674 [01:35<01:56, 41.72it/s] 14%|‚ñà‚ñç        | 819/5674 [01:52<01:56, 41.72it/s] 15%|‚ñà‚ñç        | 824/5674 [01:52<1:13:47,  1.10it/s] 15%|‚ñà‚ñç        | 828/5674 [01:52<56:44,  1.42it/s]   15%|‚ñà‚ñç        | 835/5674 [01:52<36:02,  2.24it/s] 15%|‚ñà‚ñç        | 841/5674 [01:52<25:07,  3.21it/s] 15%|‚ñà‚ñç        | 846/5674 [01:52<19:04,  4.22it/s] 15%|‚ñà‚ñç        | 851/5674 [01:52<14:17,  5.62it/s] 15%|‚ñà‚ñå        | 856/5674 [01:52<10:42,  7.50it/s] 15%|‚ñà‚ñå        | 861/5674 [01:53<08:24,  9.54it/s] 15%|‚ñà‚ñå        | 865/5674 [01:53<06:54, 11.59it/s] 15%|‚ñà‚ñå        | 870/5674 [01:53<05:23, 14.87it/s] 15%|‚ñà‚ñå        | 874/5674 [01:53<04:47, 16.70it/s] 15%|‚ñà‚ñå        | 879/5674 [01:53<03:50, 20.77it/s] 16%|‚ñà‚ñå        | 883/5674 [01:53<03:28, 23.00it/s] 16%|‚ñà‚ñå        | 889/5674 [01:53<02:45, 28.87it/s] 16%|‚ñà‚ñå        | 894/5674 [01:53<02:51, 27.94it/s] 16%|‚ñà‚ñå        | 899/5674 [01:54<02:29, 32.04it/s] 16%|‚ñà‚ñå        | 905/5674 [01:54<02:08, 37.17it/s] 16%|‚ñà‚ñå        | 910/5674 [01:54<02:05, 38.06it/s] 16%|‚ñà‚ñå        | 919/5674 [01:54<01:38, 48.51it/s] 16%|‚ñà‚ñã        | 931/5674 [01:54<01:11, 65.99it/s] 17%|‚ñà‚ñã        | 939/5674 [01:54<01:25, 55.22it/s] 17%|‚ñà‚ñã        | 946/5674 [01:54<01:25, 55.45it/s] 17%|‚ñà‚ñã        | 953/5674 [01:55<01:48, 43.60it/s] 17%|‚ñà‚ñã        | 961/5674 [01:55<01:45, 44.66it/s] 17%|‚ñà‚ñã        | 966/5674 [01:55<01:52, 41.85it/s] 17%|‚ñà‚ñã        | 972/5674 [01:55<01:43, 45.45it/s] 17%|‚ñà‚ñã        | 977/5674 [01:55<01:54, 41.17it/s] 17%|‚ñà‚ñã        | 982/5674 [01:55<02:01, 38.62it/s] 17%|‚ñà‚ñã        | 989/5674 [01:55<01:51, 41.87it/s] 18%|‚ñà‚ñä        | 996/5674 [01:56<01:40, 46.59it/s] 18%|‚ñà‚ñä        | 1002/5674 [01:56<01:38, 47.66it/s] 18%|‚ñà‚ñä        | 1007/5674 [01:56<01:46, 43.93it/s] 18%|‚ñà‚ñä        | 1012/5674 [01:56<02:08, 36.26it/s] 18%|‚ñà‚ñä        | 1012/5674 [02:16<02:08, 36.26it/s] 18%|‚ñà‚ñä        | 1017/5674 [02:16<1:27:27,  1.13s/it] 18%|‚ñà‚ñä        | 1019/5674 [02:16<1:16:07,  1.02it/s] 18%|‚ñà‚ñä        | 1024/5674 [02:16<51:43,  1.50it/s]   18%|‚ñà‚ñä        | 1029/5674 [02:16<35:46,  2.16it/s] 18%|‚ñà‚ñä        | 1033/5674 [02:17<26:51,  2.88it/s] 18%|‚ñà‚ñä        | 1037/5674 [02:17<20:27,  3.78it/s] 18%|‚ñà‚ñä        | 1046/5674 [02:17<11:14,  6.86it/s] 19%|‚ñà‚ñä        | 1054/5674 [02:17<07:27, 10.31it/s] 19%|‚ñà‚ñä        | 1063/5674 [02:17<05:00, 15.36it/s] 19%|‚ñà‚ñâ        | 1070/5674 [02:17<04:21, 17.64it/s] 19%|‚ñà‚ñâ        | 1076/5674 [02:17<03:38, 21.09it/s] 19%|‚ñà‚ñâ        | 1083/5674 [02:18<02:52, 26.58it/s] 19%|‚ñà‚ñâ        | 1089/5674 [02:18<02:29, 30.63it/s] 19%|‚ñà‚ñâ        | 1095/5674 [02:18<02:32, 30.01it/s] 19%|‚ñà‚ñâ        | 1101/5674 [02:18<02:11, 34.80it/s] 20%|‚ñà‚ñâ        | 1107/5674 [02:18<02:06, 36.21it/s] 20%|‚ñà‚ñâ        | 1113/5674 [02:18<01:58, 38.46it/s] 20%|‚ñà‚ñâ        | 1125/5674 [02:18<01:23, 54.26it/s] 20%|‚ñà‚ñâ        | 1132/5674 [02:19<01:22, 54.99it/s] 20%|‚ñà‚ñà        | 1139/5674 [02:19<01:24, 53.66it/s] 20%|‚ñà‚ñà        | 1146/5674 [02:19<01:26, 52.30it/s] 20%|‚ñà‚ñà        | 1154/5674 [02:19<01:16, 58.72it/s] 21%|‚ñà‚ñà        | 1164/5674 [02:19<01:05, 68.90it/s] 21%|‚ñà‚ñà        | 1183/5674 [02:19<00:45, 99.41it/s] 21%|‚ñà‚ñà        | 1194/5674 [02:19<00:46, 95.40it/s] 21%|‚ñà‚ñà‚ñè       | 1210/5674 [02:19<00:44, 100.37it/s] 22%|‚ñà‚ñà‚ñè       | 1229/5674 [02:20<00:36, 120.15it/s] 22%|‚ñà‚ñà‚ñè       | 1248/5674 [02:20<00:34, 127.14it/s] 22%|‚ñà‚ñà‚ñè       | 1265/5674 [02:20<00:33, 131.65it/s] 23%|‚ñà‚ñà‚ñé       | 1279/5674 [02:20<00:35, 122.73it/s] 23%|‚ñà‚ñà‚ñé       | 1293/5674 [02:20<00:36, 119.25it/s] 23%|‚ñà‚ñà‚ñé       | 1310/5674 [02:20<00:33, 130.51it/s] 23%|‚ñà‚ñà‚ñé       | 1324/5674 [02:20<00:35, 124.16it/s] 24%|‚ñà‚ñà‚ñé       | 1338/5674 [02:20<00:34, 124.17it/s] 24%|‚ñà‚ñà‚ñç       | 1351/5674 [02:21<00:38, 110.87it/s] 24%|‚ñà‚ñà‚ñç       | 1363/5674 [02:21<00:43, 98.13it/s]  24%|‚ñà‚ñà‚ñç       | 1374/5674 [02:21<00:53, 81.01it/s] 24%|‚ñà‚ñà‚ñç       | 1383/5674 [02:21<01:01, 70.14it/s] 25%|‚ñà‚ñà‚ñç       | 1391/5674 [02:21<01:11, 60.12it/s] 25%|‚ñà‚ñà‚ñç       | 1398/5674 [02:22<01:32, 46.13it/s] 25%|‚ñà‚ñà‚ñç       | 1398/5674 [02:45<01:32, 46.13it/s] 25%|‚ñà‚ñà‚ñç       | 1403/5674 [02:45<1:03:01,  1.13it/s] 25%|‚ñà‚ñà‚ñç       | 1410/5674 [02:45<46:23,  1.53it/s]   25%|‚ñà‚ñà‚ñç       | 1416/5674 [02:45<35:14,  2.01it/s] 25%|‚ñà‚ñà‚ñå       | 1424/5674 [02:46<24:14,  2.92it/s] 25%|‚ñà‚ñà‚ñå       | 1430/5674 [02:46<18:23,  3.85it/s] 25%|‚ñà‚ñà‚ñå       | 1436/5674 [02:46<14:14,  4.96it/s] 25%|‚ñà‚ñà‚ñå       | 1445/5674 [02:46<09:23,  7.51it/s] 26%|‚ñà‚ñà‚ñå       | 1452/5674 [02:46<07:06,  9.90it/s] 26%|‚ñà‚ñà‚ñå       | 1459/5674 [02:46<05:20, 13.14it/s] 26%|‚ñà‚ñà‚ñå       | 1467/5674 [02:46<03:54, 17.98it/s] 26%|‚ñà‚ñà‚ñå       | 1474/5674 [02:47<03:08, 22.24it/s] 26%|‚ñà‚ñà‚ñå       | 1480/5674 [02:47<02:42, 25.79it/s] 26%|‚ñà‚ñà‚ñå       | 1486/5674 [02:47<02:52, 24.29it/s] 26%|‚ñà‚ñà‚ñã       | 1491/5674 [02:47<02:51, 24.46it/s] 26%|‚ñà‚ñà‚ñã       | 1495/5674 [02:47<02:40, 26.00it/s] 27%|‚ñà‚ñà‚ñã       | 1505/5674 [02:47<02:03, 33.75it/s] 27%|‚ñà‚ñà‚ñã       | 1512/5674 [02:48<01:48, 38.52it/s] 27%|‚ñà‚ñà‚ñã       | 1517/5674 [02:48<02:23, 28.87it/s] 27%|‚ñà‚ñà‚ñã       | 1525/5674 [02:48<01:54, 36.18it/s] 27%|‚ñà‚ñà‚ñã       | 1534/5674 [02:48<01:31, 45.36it/s] 27%|‚ñà‚ñà‚ñã       | 1540/5674 [02:48<01:29, 46.14it/s] 27%|‚ñà‚ñà‚ñã       | 1546/5674 [02:48<01:25, 48.20it/s] 27%|‚ñà‚ñà‚ñã       | 1552/5674 [02:48<01:28, 46.49it/s] 27%|‚ñà‚ñà‚ñã       | 1558/5674 [02:49<01:36, 42.46it/s] 28%|‚ñà‚ñà‚ñä       | 1563/5674 [02:49<02:15, 30.37it/s] 28%|‚ñà‚ñà‚ñä       | 1567/5674 [02:49<02:42, 25.28it/s] 28%|‚ñà‚ñà‚ñä       | 1571/5674 [02:49<02:30, 27.26it/s] 28%|‚ñà‚ñà‚ñä       | 1575/5674 [02:50<03:38, 18.72it/s] 28%|‚ñà‚ñà‚ñä       | 1579/5674 [02:50<03:17, 20.69it/s] 28%|‚ñà‚ñà‚ñä       | 1584/5674 [02:50<02:47, 24.42it/s] 28%|‚ñà‚ñà‚ñä       | 1589/5674 [02:50<02:28, 27.58it/s] 28%|‚ñà‚ñà‚ñä       | 1593/5674 [02:50<02:31, 26.96it/s] 28%|‚ñà‚ñà‚ñä       | 1601/5674 [02:50<01:51, 36.65it/s] 28%|‚ñà‚ñà‚ñä       | 1606/5674 [02:51<02:10, 31.10it/s] 28%|‚ñà‚ñà‚ñä       | 1612/5674 [02:51<01:50, 36.71it/s] 28%|‚ñà‚ñà‚ñä       | 1617/5674 [02:51<01:47, 37.91it/s] 29%|‚ñà‚ñà‚ñä       | 1623/5674 [02:51<01:35, 42.26it/s] 29%|‚ñà‚ñà‚ñä       | 1628/5674 [02:51<01:47, 37.53it/s] 29%|‚ñà‚ñà‚ñâ       | 1634/5674 [02:51<01:38, 41.10it/s] 29%|‚ñà‚ñà‚ñâ       | 1639/5674 [02:51<01:37, 41.35it/s] 29%|‚ñà‚ñà‚ñâ       | 1644/5674 [02:51<01:35, 42.38it/s] 29%|‚ñà‚ñà‚ñâ       | 1649/5674 [02:52<02:05, 32.09it/s] 29%|‚ñà‚ñà‚ñâ       | 1649/5674 [03:21<02:05, 32.09it/s] 29%|‚ñà‚ñà‚ñâ       | 1652/5674 [03:21<2:12:03,  1.97s/it] 29%|‚ñà‚ñà‚ñâ       | 1655/5674 [03:21<1:43:32,  1.55s/it] 29%|‚ñà‚ñà‚ñâ       | 1659/5674 [03:21<1:13:28,  1.10s/it] 29%|‚ñà‚ñà‚ñâ       | 1664/5674 [03:22<48:30,  1.38it/s]   29%|‚ñà‚ñà‚ñâ       | 1668/5674 [03:22<35:30,  1.88it/s] 29%|‚ñà‚ñà‚ñâ       | 1672/5674 [03:22<25:49,  2.58it/s] 30%|‚ñà‚ñà‚ñâ       | 1678/5674 [03:22<16:38,  4.00it/s] 30%|‚ñà‚ñà‚ñâ       | 1684/5674 [03:22<11:09,  5.96it/s] 30%|‚ñà‚ñà‚ñâ       | 1694/5674 [03:22<06:21, 10.42it/s] 30%|‚ñà‚ñà‚ñâ       | 1700/5674 [03:22<05:20, 12.40it/s] 30%|‚ñà‚ñà‚ñà       | 1705/5674 [03:23<04:35, 14.40it/s] 30%|‚ñà‚ñà‚ñà       | 1712/5674 [03:23<03:23, 19.47it/s] 30%|‚ñà‚ñà‚ñà       | 1717/5674 [03:23<03:13, 20.49it/s] 30%|‚ñà‚ñà‚ñà       | 1725/5674 [03:23<02:20, 28.08it/s] 31%|‚ñà‚ñà‚ñà       | 1733/5674 [03:23<01:56, 33.69it/s] 31%|‚ñà‚ñà‚ñà       | 1740/5674 [03:23<01:41, 38.62it/s] 31%|‚ñà‚ñà‚ñà       | 1746/5674 [03:23<01:33, 41.96it/s] 31%|‚ñà‚ñà‚ñà       | 1755/5674 [03:24<01:21, 48.13it/s] 31%|‚ñà‚ñà‚ñà       | 1762/5674 [03:24<01:14, 52.33it/s] 31%|‚ñà‚ñà‚ñà       | 1771/5674 [03:24<01:06, 58.68it/s] 31%|‚ñà‚ñà‚ñà‚ñè      | 1784/5674 [03:24<00:51, 75.20it/s] 32%|‚ñà‚ñà‚ñà‚ñè      | 1793/5674 [03:24<00:50, 77.08it/s] 32%|‚ñà‚ñà‚ñà‚ñè      | 1802/5674 [03:24<00:48, 79.06it/s] 32%|‚ñà‚ñà‚ñà‚ñè      | 1811/5674 [03:24<00:52, 74.00it/s] 32%|‚ñà‚ñà‚ñà‚ñè      | 1819/5674 [03:24<01:00, 63.73it/s] 32%|‚ñà‚ñà‚ñà‚ñè      | 1831/5674 [03:25<01:03, 60.09it/s] 32%|‚ñà‚ñà‚ñà‚ñè      | 1838/5674 [03:25<01:07, 56.75it/s] 32%|‚ñà‚ñà‚ñà‚ñè      | 1844/5674 [03:25<01:11, 53.50it/s] 33%|‚ñà‚ñà‚ñà‚ñé      | 1857/5674 [03:25<00:54, 69.41it/s] 33%|‚ñà‚ñà‚ñà‚ñé      | 1866/5674 [03:25<00:54, 69.81it/s] 33%|‚ñà‚ñà‚ñà‚ñé      | 1874/5674 [03:25<00:54, 69.92it/s] 33%|‚ñà‚ñà‚ñà‚ñé      | 1882/5674 [03:25<00:59, 63.45it/s] 33%|‚ñà‚ñà‚ñà‚ñé      | 1889/5674 [03:26<01:04, 58.63it/s] 33%|‚ñà‚ñà‚ñà‚ñé      | 1896/5674 [03:26<01:03, 59.81it/s] 34%|‚ñà‚ñà‚ñà‚ñé      | 1905/5674 [03:26<00:58, 64.28it/s] 34%|‚ñà‚ñà‚ñà‚ñé      | 1914/5674 [03:26<00:53, 70.15it/s] 34%|‚ñà‚ñà‚ñà‚ñç      | 1922/5674 [03:26<00:53, 69.91it/s] 34%|‚ñà‚ñà‚ñà‚ñç      | 1930/5674 [03:26<00:57, 65.47it/s] 34%|‚ñà‚ñà‚ñà‚ñç      | 1941/5674 [03:26<00:49, 74.97it/s] 34%|‚ñà‚ñà‚ñà‚ñç      | 1949/5674 [03:26<00:51, 72.76it/s] 34%|‚ñà‚ñà‚ñà‚ñç      | 1957/5674 [03:26<00:50, 73.98it/s] 35%|‚ñà‚ñà‚ñà‚ñç      | 1968/5674 [03:27<00:44, 82.85it/s] 35%|‚ñà‚ñà‚ñà‚ñç      | 1977/5674 [03:27<00:48, 76.32it/s] 35%|‚ñà‚ñà‚ñà‚ñå      | 1987/5674 [03:27<00:46, 78.92it/s] 35%|‚ñà‚ñà‚ñà‚ñå      | 1999/5674 [03:27<00:42, 86.44it/s] 35%|‚ñà‚ñà‚ñà‚ñå      | 2008/5674 [03:27<00:45, 80.66it/s] 36%|‚ñà‚ñà‚ñà‚ñå      | 2017/5674 [03:27<00:48, 76.06it/s] 36%|‚ñà‚ñà‚ñà‚ñå      | 2025/5674 [03:27<00:48, 75.89it/s] 36%|‚ñà‚ñà‚ñà‚ñå      | 2034/5674 [03:27<00:51, 71.20it/s] 36%|‚ñà‚ñà‚ñà‚ñå      | 2042/5674 [03:28<00:56, 64.70it/s] 36%|‚ñà‚ñà‚ñà‚ñå      | 2050/5674 [03:28<00:55, 65.42it/s] 36%|‚ñà‚ñà‚ñà‚ñã      | 2057/5674 [03:28<01:02, 57.69it/s] 36%|‚ñà‚ñà‚ñà‚ñã      | 2063/5674 [03:28<01:04, 55.82it/s] 37%|‚ñà‚ñà‚ñà‚ñã      | 2073/5674 [03:28<00:57, 62.73it/s] 37%|‚ñà‚ñà‚ñà‚ñã      | 2080/5674 [03:28<00:56, 63.34it/s] 37%|‚ñà‚ñà‚ñà‚ñã      | 2087/5674 [03:28<01:13, 48.86it/s] 37%|‚ñà‚ñà‚ñà‚ñã      | 2093/5674 [03:29<01:11, 50.29it/s] 37%|‚ñà‚ñà‚ñà‚ñã      | 2099/5674 [03:29<01:20, 44.51it/s] 37%|‚ñà‚ñà‚ñà‚ñã      | 2104/5674 [03:29<01:46, 33.62it/s] 37%|‚ñà‚ñà‚ñà‚ñã      | 2113/5674 [03:29<01:21, 43.91it/s] 37%|‚ñà‚ñà‚ñà‚ñã      | 2119/5674 [03:29<01:16, 46.21it/s] 37%|‚ñà‚ñà‚ñà‚ñã      | 2119/5674 [04:04<01:16, 46.21it/s] 37%|‚ñà‚ñà‚ñà‚ñã      | 2124/5674 [04:04<1:39:38,  1.68s/it] 38%|‚ñà‚ñà‚ñà‚ñä      | 2131/5674 [04:04<1:07:24,  1.14s/it] 38%|‚ñà‚ñà‚ñà‚ñä      | 2137/5674 [04:04<48:28,  1.22it/s]   38%|‚ñà‚ñà‚ñà‚ñä      | 2147/5674 [04:04<29:06,  2.02it/s] 38%|‚ñà‚ñà‚ñà‚ñä      | 2158/5674 [04:04<17:57,  3.26it/s] 38%|‚ñà‚ñà‚ñà‚ñä      | 2168/5674 [04:04<12:07,  4.82it/s] 38%|‚ñà‚ñà‚ñà‚ñä      | 2176/5674 [04:05<09:07,  6.38it/s] 38%|‚ñà‚ñà‚ñà‚ñä      | 2184/5674 [04:05<06:44,  8.62it/s] 39%|‚ñà‚ñà‚ñà‚ñä      | 2192/5674 [04:05<05:04, 11.45it/s] 39%|‚ñà‚ñà‚ñà‚ñâ      | 2200/5674 [04:05<03:48, 15.21it/s] 39%|‚ñà‚ñà‚ñà‚ñâ      | 2207/5674 [04:05<03:00, 19.17it/s] 39%|‚ñà‚ñà‚ñà‚ñâ      | 2214/5674 [04:05<02:40, 21.52it/s] 39%|‚ñà‚ñà‚ñà‚ñâ      | 2220/5674 [04:05<02:15, 25.47it/s] 39%|‚ñà‚ñà‚ñà‚ñâ      | 2226/5674 [04:06<02:06, 27.25it/s] 39%|‚ñà‚ñà‚ñà‚ñâ      | 2234/5674 [04:06<01:40, 34.24it/s] 39%|‚ñà‚ñà‚ñà‚ñâ      | 2240/5674 [04:06<01:29, 38.31it/s] 40%|‚ñà‚ñà‚ñà‚ñâ      | 2246/5674 [04:06<01:52, 30.46it/s] 40%|‚ñà‚ñà‚ñà‚ñâ      | 2251/5674 [04:06<01:46, 32.17it/s] 40%|‚ñà‚ñà‚ñà‚ñâ      | 2256/5674 [04:06<02:05, 27.16it/s] 40%|‚ñà‚ñà‚ñà‚ñâ      | 2260/5674 [04:07<02:32, 22.40it/s] 40%|‚ñà‚ñà‚ñà‚ñâ      | 2265/5674 [04:07<02:18, 24.68it/s] 40%|‚ñà‚ñà‚ñà‚ñâ      | 2269/5674 [04:07<02:06, 27.02it/s] 40%|‚ñà‚ñà‚ñà‚ñà      | 2273/5674 [04:07<02:07, 26.63it/s] 40%|‚ñà‚ñà‚ñà‚ñà      | 2278/5674 [04:07<01:48, 31.22it/s] 40%|‚ñà‚ñà‚ñà‚ñà      | 2285/5674 [04:07<01:39, 34.16it/s] 40%|‚ñà‚ñà‚ñà‚ñà      | 2291/5674 [04:08<01:27, 38.73it/s] 41%|‚ñà‚ñà‚ñà‚ñà      | 2302/5674 [04:08<01:03, 53.25it/s] 41%|‚ñà‚ñà‚ñà‚ñà      | 2311/5674 [04:08<00:54, 62.08it/s] 41%|‚ñà‚ñà‚ñà‚ñà      | 2318/5674 [04:08<01:06, 50.59it/s] 41%|‚ñà‚ñà‚ñà‚ñà      | 2325/5674 [04:08<01:06, 50.49it/s] 41%|‚ñà‚ñà‚ñà‚ñà      | 2331/5674 [04:08<01:07, 49.79it/s] 41%|‚ñà‚ñà‚ñà‚ñà      | 2337/5674 [04:08<01:04, 51.46it/s] 41%|‚ñà‚ñà‚ñà‚ñà‚ñè     | 2343/5674 [04:09<01:14, 44.95it/s] 41%|‚ñà‚ñà‚ñà‚ñà‚ñè     | 2350/5674 [04:09<01:08, 48.20it/s] 42%|‚ñà‚ñà‚ñà‚ñà‚ñè     | 2356/5674 [04:09<01:13, 45.34it/s] 42%|‚ñà‚ñà‚ñà‚ñà‚ñè     | 2361/5674 [04:09<01:20, 41.29it/s] 42%|‚ñà‚ñà‚ñà‚ñà‚ñè     | 2366/5674 [04:09<01:43, 32.00it/s] 42%|‚ñà‚ñà‚ñà‚ñà‚ñè     | 2373/5674 [04:09<01:24, 39.09it/s] 42%|‚ñà‚ñà‚ñà‚ñà‚ñè     | 2384/5674 [04:09<01:07, 48.81it/s] 42%|‚ñà‚ñà‚ñà‚ñà‚ñè     | 2390/5674 [04:10<01:50, 29.83it/s] 42%|‚ñà‚ñà‚ñà‚ñà‚ñè     | 2395/5674 [04:10<01:44, 31.30it/s] 42%|‚ñà‚ñà‚ñà‚ñà‚ñè     | 2402/5674 [04:10<01:41, 32.10it/s] 42%|‚ñà‚ñà‚ñà‚ñà‚ñè     | 2410/5674 [04:10<01:24, 38.60it/s] 43%|‚ñà‚ñà‚ñà‚ñà‚ñé     | 2418/5674 [04:10<01:10, 46.14it/s] 43%|‚ñà‚ñà‚ñà‚ñà‚ñé     | 2424/5674 [04:11<01:23, 38.86it/s] 43%|‚ñà‚ñà‚ñà‚ñà‚ñé     | 2432/5674 [04:11<01:23, 38.62it/s] 43%|‚ñà‚ñà‚ñà‚ñà‚ñé     | 2440/5674 [04:11<01:10, 46.09it/s] 43%|‚ñà‚ñà‚ñà‚ñà‚ñé     | 2449/5674 [04:11<00:59, 54.33it/s] 43%|‚ñà‚ñà‚ñà‚ñà‚ñé     | 2456/5674 [04:11<00:57, 56.02it/s] 43%|‚ñà‚ñà‚ñà‚ñà‚ñé     | 2465/5674 [04:11<00:50, 63.68it/s] 44%|‚ñà‚ñà‚ñà‚ñà‚ñé     | 2472/5674 [04:11<00:49, 64.21it/s] 44%|‚ñà‚ñà‚ñà‚ñà‚ñé     | 2479/5674 [04:12<00:50, 62.83it/s] 44%|‚ñà‚ñà‚ñà‚ñà‚ñç     | 2486/5674 [04:12<00:49, 64.53it/s] 44%|‚ñà‚ñà‚ñà‚ñà‚ñç     | 2493/5674 [04:12<01:05, 48.28it/s] 44%|‚ñà‚ñà‚ñà‚ñà‚ñç     | 2499/5674 [04:12<01:06, 48.09it/s] 44%|‚ñà‚ñà‚ñà‚ñà‚ñç     | 2505/5674 [04:12<01:17, 40.88it/s] 44%|‚ñà‚ñà‚ñà‚ñà‚ñç     | 2512/5674 [04:12<01:09, 45.34it/s] 44%|‚ñà‚ñà‚ñà‚ñà‚ñç     | 2518/5674 [04:12<01:05, 48.20it/s] 44%|‚ñà‚ñà‚ñà‚ñà‚ñç     | 2524/5674 [04:13<01:11, 44.20it/s] 45%|‚ñà‚ñà‚ñà‚ñà‚ñç     | 2530/5674 [04:13<01:07, 46.37it/s] 45%|‚ñà‚ñà‚ñà‚ñà‚ñç     | 2535/5674 [04:13<01:09, 45.39it/s] 45%|‚ñà‚ñà‚ñà‚ñà‚ñç     | 2540/5674 [04:13<01:21, 38.38it/s] 45%|‚ñà‚ñà‚ñà‚ñà‚ñç     | 2546/5674 [04:13<01:12, 42.86it/s] 45%|‚ñà‚ñà‚ñà‚ñà‚ñç     | 2551/5674 [04:13<01:10, 44.02it/s] 45%|‚ñà‚ñà‚ñà‚ñà‚ñå     | 2556/5674 [04:13<01:19, 39.05it/s] 45%|‚ñà‚ñà‚ñà‚ñà‚ñå     | 2563/5674 [04:14<01:10, 44.00it/s] 45%|‚ñà‚ñà‚ñà‚ñà‚ñå     | 2568/5674 [04:14<01:13, 42.38it/s] 45%|‚ñà‚ñà‚ñà‚ñà‚ñå     | 2573/5674 [04:14<01:20, 38.46it/s] 45%|‚ñà‚ñà‚ñà‚ñà‚ñå     | 2573/5674 [04:57<01:20, 38.46it/s] 45%|‚ñà‚ñà‚ñà‚ñà‚ñå     | 2578/5674 [04:57<2:07:44,  2.48s/it] 46%|‚ñà‚ñà‚ñà‚ñà‚ñå     | 2582/5674 [04:57<1:36:47,  1.88s/it] 46%|‚ñà‚ñà‚ñà‚ñà‚ñå     | 2586/5674 [04:57<1:12:05,  1.40s/it] 46%|‚ñà‚ñà‚ñà‚ñà‚ñå     | 2590/5674 [04:58<53:11,  1.04s/it]   46%|‚ñà‚ñà‚ñà‚ñà‚ñå     | 2594/5674 [04:58<38:59,  1.32it/s] 46%|‚ñà‚ñà‚ñà‚ñà‚ñå     | 2599/5674 [04:58<26:31,  1.93it/s] 46%|‚ñà‚ñà‚ñà‚ñà‚ñå     | 2610/5674 [04:58<13:19,  3.83it/s] 46%|‚ñà‚ñà‚ñà‚ñà‚ñå     | 2619/5674 [04:58<08:32,  5.96it/s] 46%|‚ñà‚ñà‚ñà‚ñà‚ñã     | 2625/5674 [04:58<06:31,  7.80it/s] 46%|‚ñà‚ñà‚ñà‚ñà‚ñã     | 2632/5674 [04:58<04:45, 10.65it/s] 46%|‚ñà‚ñà‚ñà‚ñà‚ñã     | 2638/5674 [04:59<03:52, 13.04it/s] 47%|‚ñà‚ñà‚ñà‚ñà‚ñã     | 2644/5674 [04:59<03:06, 16.22it/s] 47%|‚ñà‚ñà‚ñà‚ñà‚ñã     | 2650/5674 [04:59<02:28, 20.37it/s] 47%|‚ñà‚ñà‚ñà‚ñà‚ñã     | 2656/5674 [04:59<02:13, 22.67it/s] 47%|‚ñà‚ñà‚ñà‚ñà‚ñã     | 2667/5674 [04:59<01:30, 33.13it/s] 47%|‚ñà‚ñà‚ñà‚ñà‚ñã     | 2674/5674 [04:59<01:18, 38.08it/s] 47%|‚ñà‚ñà‚ñà‚ñà‚ñã     | 2680/5674 [04:59<01:14, 40.09it/s] 47%|‚ñà‚ñà‚ñà‚ñà‚ñã     | 2688/5674 [05:00<01:05, 45.28it/s] 48%|‚ñà‚ñà‚ñà‚ñà‚ñä     | 2697/5674 [05:00<00:55, 53.63it/s] 48%|‚ñà‚ñà‚ñà‚ñà‚ñä     | 2707/5674 [05:00<00:49, 60.19it/s] 48%|‚ñà‚ñà‚ñà‚ñà‚ñä     | 2714/5674 [05:00<00:52, 56.59it/s] 48%|‚ñà‚ñà‚ñà‚ñà‚ñä     | 2721/5674 [05:00<00:56, 52.73it/s] 48%|‚ñà‚ñà‚ñà‚ñà‚ñä     | 2728/5674 [05:00<00:55, 53.52it/s] 48%|‚ñà‚ñà‚ñà‚ñà‚ñä     | 2735/5674 [05:00<00:52, 55.84it/s] 48%|‚ñà‚ñà‚ñà‚ñà‚ñä     | 2741/5674 [05:01<01:06, 44.08it/s] 48%|‚ñà‚ñà‚ñà‚ñà‚ñä     | 2746/5674 [05:01<01:08, 42.86it/s] 49%|‚ñà‚ñà‚ñà‚ñà‚ñä     | 2752/5674 [05:01<01:03, 46.10it/s] 49%|‚ñà‚ñà‚ñà‚ñà‚ñä     | 2757/5674 [05:01<01:04, 45.42it/s] 49%|‚ñà‚ñà‚ñà‚ñà‚ñä     | 2762/5674 [05:01<01:24, 34.30it/s] 49%|‚ñà‚ñà‚ñà‚ñà‚ñä     | 2766/5674 [05:01<01:28, 32.69it/s] 49%|‚ñà‚ñà‚ñà‚ñà‚ñâ     | 2770/5674 [05:01<01:30, 32.05it/s] 49%|‚ñà‚ñà‚ñà‚ñà‚ñâ     | 2776/5674 [05:02<01:16, 38.05it/s] 49%|‚ñà‚ñà‚ñà‚ñà‚ñâ     | 2785/5674 [05:02<01:02, 46.17it/s] 49%|‚ñà‚ñà‚ñà‚ñà‚ñâ     | 2791/5674 [05:02<01:10, 40.75it/s] 49%|‚ñà‚ñà‚ñà‚ñà‚ñâ     | 2796/5674 [05:02<01:10, 40.66it/s] 49%|‚ñà‚ñà‚ñà‚ñà‚ñâ     | 2801/5674 [05:02<01:07, 42.32it/s] 49%|‚ñà‚ñà‚ñà‚ñà‚ñâ     | 2808/5674 [05:02<00:59, 48.15it/s] 50%|‚ñà‚ñà‚ñà‚ñà‚ñâ     | 2814/5674 [05:02<00:59, 48.29it/s] 50%|‚ñà‚ñà‚ñà‚ñà‚ñâ     | 2819/5674 [05:02<01:05, 43.37it/s] 50%|‚ñà‚ñà‚ñà‚ñà‚ñâ     | 2824/5674 [05:03<01:16, 37.41it/s] 50%|‚ñà‚ñà‚ñà‚ñà‚ñâ     | 2829/5674 [05:03<01:13, 38.96it/s] 50%|‚ñà‚ñà‚ñà‚ñà‚ñâ     | 2834/5674 [05:03<01:09, 41.06it/s] 50%|‚ñà‚ñà‚ñà‚ñà‚ñà     | 2845/5674 [05:03<00:48, 58.07it/s] 50%|‚ñà‚ñà‚ñà‚ñà‚ñà     | 2852/5674 [05:03<00:47, 60.01it/s] 50%|‚ñà‚ñà‚ñà‚ñà‚ñà     | 2860/5674 [05:03<00:44, 63.17it/s] 51%|‚ñà‚ñà‚ñà‚ñà‚ñà     | 2867/5674 [05:03<00:49, 56.92it/s] 51%|‚ñà‚ñà‚ñà‚ñà‚ñà     | 2875/5674 [05:03<00:44, 62.49it/s] 51%|‚ñà‚ñà‚ñà‚ñà‚ñà     | 2882/5674 [05:04<00:44, 62.51it/s] 51%|‚ñà‚ñà‚ñà‚ñà‚ñà     | 2889/5674 [05:04<00:45, 61.47it/s] 51%|‚ñà‚ñà‚ñà‚ñà‚ñà     | 2897/5674 [05:04<00:45, 61.49it/s] 51%|‚ñà‚ñà‚ñà‚ñà‚ñà     | 2905/5674 [05:04<00:44, 62.48it/s] 51%|‚ñà‚ñà‚ñà‚ñà‚ñà‚ñè    | 2912/5674 [05:04<00:52, 53.01it/s] 51%|‚ñà‚ñà‚ñà‚ñà‚ñà‚ñè    | 2920/5674 [05:04<00:48, 57.08it/s] 52%|‚ñà‚ñà‚ñà‚ñà‚ñà‚ñè    | 2926/5674 [05:04<00:48, 56.15it/s] 52%|‚ñà‚ñà‚ñà‚ñà‚ñà‚ñè    | 2932/5674 [05:04<00:54, 50.19it/s] 52%|‚ñà‚ñà‚ñà‚ñà‚ñà‚ñè    | 2938/5674 [05:05<00:55, 49.72it/s] 52%|‚ñà‚ñà‚ñà‚ñà‚ñà‚ñè    | 2944/5674 [05:05<01:05, 41.68it/s] 52%|‚ñà‚ñà‚ñà‚ñà‚ñà‚ñè    | 2949/5674 [05:05<01:09, 39.20it/s] 52%|‚ñà‚ñà‚ñà‚ñà‚ñà‚ñè    | 2954/5674 [05:05<01:17, 34.88it/s] 52%|‚ñà‚ñà‚ñà‚ñà‚ñà‚ñè    | 2958/5674 [05:05<01:23, 32.51it/s] 52%|‚ñà‚ñà‚ñà‚ñà‚ñà‚ñè    | 2964/5674 [05:05<01:11, 37.81it/s] 52%|‚ñà‚ñà‚ñà‚ñà‚ñà‚ñè    | 2971/5674 [05:06<01:01, 43.93it/s] 52%|‚ñà‚ñà‚ñà‚ñà‚ñà‚ñè    | 2976/5674 [05:06<01:05, 40.95it/s] 53%|‚ñà‚ñà‚ñà‚ñà‚ñà‚ñé    | 2981/5674 [05:06<01:03, 42.16it/s] 53%|‚ñà‚ñà‚ñà‚ñà‚ñà‚ñé    | 2986/5674 [05:06<01:04, 41.99it/s] 53%|‚ñà‚ñà‚ñà‚ñà‚ñà‚ñé    | 2992/5674 [05:06<01:04, 41.49it/s] 53%|‚ñà‚ñà‚ñà‚ñà‚ñà‚ñé    | 2997/5674 [05:06<01:10, 37.83it/s] 53%|‚ñà‚ñà‚ñà‚ñà‚ñà‚ñé    | 3001/5674 [05:06<01:13, 36.61it/s] 53%|‚ñà‚ñà‚ñà‚ñà‚ñà‚ñé    | 3005/5674 [05:06<01:11, 37.13it/s] 53%|‚ñà‚ñà‚ñà‚ñà‚ñà‚ñé    | 3009/5674 [05:07<01:15, 35.18it/s] 53%|‚ñà‚ñà‚ñà‚ñà‚ñà‚ñé    | 3013/5674 [05:07<01:24, 31.55it/s] 53%|‚ñà‚ñà‚ñà‚ñà‚ñà‚ñé    | 3017/5674 [05:07<01:23, 31.91it/s] 53%|‚ñà‚ñà‚ñà‚ñà‚ñà‚ñé    | 3021/5674 [05:07<01:25, 30.95it/s] 53%|‚ñà‚ñà‚ñà‚ñà‚ñà‚ñé    | 3025/5674 [05:07<01:20, 32.72it/s] 53%|‚ñà‚ñà‚ñà‚ñà‚ñà‚ñé    | 3032/5674 [05:07<01:02, 42.01it/s] 54%|‚ñà‚ñà‚ñà‚ñà‚ñà‚ñé    | 3038/5674 [05:07<00:57, 46.16it/s] 54%|‚ñà‚ñà‚ñà‚ñà‚ñà‚ñé    | 3043/5674 [05:07<00:56, 46.97it/s] 54%|‚ñà‚ñà‚ñà‚ñà‚ñà‚ñç    | 3050/5674 [05:07<00:49, 52.61it/s] 54%|‚ñà‚ñà‚ñà‚ñà‚ñà‚ñç    | 3056/5674 [05:08<00:53, 49.07it/s] 54%|‚ñà‚ñà‚ñà‚ñà‚ñà‚ñç    | 3062/5674 [05:08<00:52, 49.96it/s] 54%|‚ñà‚ñà‚ñà‚ñà‚ñà‚ñç    | 3068/5674 [05:08<00:50, 51.91it/s] 54%|‚ñà‚ñà‚ñà‚ñà‚ñà‚ñç    | 3074/5674 [05:08<00:49, 52.32it/s] 54%|‚ñà‚ñà‚ñà‚ñà‚ñà‚ñç    | 3080/5674 [05:08<00:57, 44.91it/s] 54%|‚ñà‚ñà‚ñà‚ñà‚ñà‚ñç    | 3086/5674 [05:08<00:56, 45.74it/s] 54%|‚ñà‚ñà‚ñà‚ñà‚ñà‚ñç    | 3091/5674 [05:08<00:56, 45.89it/s] 55%|‚ñà‚ñà‚ñà‚ñà‚ñà‚ñç    | 3096/5674 [05:09<01:00, 42.83it/s] 55%|‚ñà‚ñà‚ñà‚ñà‚ñà‚ñç    | 3101/5674 [05:09<01:06, 38.63it/s] 55%|‚ñà‚ñà‚ñà‚ñà‚ñà‚ñç    | 3110/5674 [05:09<00:51, 49.42it/s] 55%|‚ñà‚ñà‚ñà‚ñà‚ñà‚ñç    | 3116/5674 [05:09<00:52, 48.38it/s] 55%|‚ñà‚ñà‚ñà‚ñà‚ñà‚ñå    | 3126/5674 [05:09<00:45, 55.80it/s] 55%|‚ñà‚ñà‚ñà‚ñà‚ñà‚ñå    | 3126/5674 [06:03<00:45, 55.80it/s] 55%|‚ñà‚ñà‚ñà‚ñà‚ñà‚ñå    | 3132/5674 [06:03<1:38:35,  2.33s/it] 55%|‚ñà‚ñà‚ñà‚ñà‚ñà‚ñå    | 3138/5674 [06:03<1:12:07,  1.71s/it] 55%|‚ñà‚ñà‚ñà‚ñà‚ñà‚ñå    | 3146/5674 [06:03<47:44,  1.13s/it]   56%|‚ñà‚ñà‚ñà‚ñà‚ñà‚ñå    | 3153/5674 [06:03<33:44,  1.25it/s] 56%|‚ñà‚ñà‚ñà‚ñà‚ñà‚ñå    | 3159/5674 [06:04<25:09,  1.67it/s] 56%|‚ñà‚ñà‚ñà‚ñà‚ñà‚ñå    | 3165/5674 [06:04<18:24,  2.27it/s] 56%|‚ñà‚ñà‚ñà‚ñà‚ñà‚ñå    | 3170/5674 [06:04<14:02,  2.97it/s] 56%|‚ñà‚ñà‚ñà‚ñà‚ñà‚ñå    | 3175/5674 [06:04<10:35,  3.93it/s] 56%|‚ñà‚ñà‚ñà‚ñà‚ñà‚ñå    | 3181/5674 [06:04<07:31,  5.52it/s] 56%|‚ñà‚ñà‚ñà‚ñà‚ñà‚ñå    | 3186/5674 [06:04<05:47,  7.15it/s] 56%|‚ñà‚ñà‚ñà‚ñà‚ñà‚ñã    | 3194/5674 [06:04<03:48, 10.85it/s] 57%|‚ñà‚ñà‚ñà‚ñà‚ñà‚ñã    | 3208/5674 [06:04<02:09, 19.07it/s] 57%|‚ñà‚ñà‚ñà‚ñà‚ñà‚ñã    | 3216/5674 [06:05<01:42, 23.97it/s] 57%|‚ñà‚ñà‚ñà‚ñà‚ñà‚ñã    | 3223/5674 [06:05<01:26, 28.25it/s] 57%|‚ñà‚ñà‚ñà‚ñà‚ñà‚ñã    | 3233/5674 [06:05<01:06, 36.69it/s] 57%|‚ñà‚ñà‚ñà‚ñà‚ñà‚ñã    | 3240/5674 [06:05<00:59, 41.17it/s] 57%|‚ñà‚ñà‚ñà‚ñà‚ñà‚ñã    | 3251/5674 [06:05<00:45, 53.22it/s] 57%|‚ñà‚ñà‚ñà‚ñà‚ñà‚ñã    | 3261/5674 [06:05<00:38, 62.52it/s] 58%|‚ñà‚ñà‚ñà‚ñà‚ñà‚ñä    | 3270/5674 [06:05<00:36, 65.90it/s] 58%|‚ñà‚ñà‚ñà‚ñà‚ñà‚ñä    | 3279/5674 [06:05<00:38, 62.99it/s] 58%|‚ñà‚ñà‚ñà‚ñà‚ñà‚ñä    | 3287/5674 [06:06<00:42, 56.39it/s] 58%|‚ñà‚ñà‚ñà‚ñà‚ñà‚ñä    | 3296/5674 [06:06<00:37, 62.91it/s] 58%|‚ñà‚ñà‚ñà‚ñà‚ñà‚ñä    | 3304/5674 [06:06<00:38, 61.31it/s] 58%|‚ñà‚ñà‚ñà‚ñà‚ñà‚ñä    | 3311/5674 [06:06<00:42, 55.16it/s] 59%|‚ñà‚ñà‚ñà‚ñà‚ñà‚ñä    | 3320/5674 [06:06<00:40, 57.50it/s] 59%|‚ñà‚ñà‚ñà‚ñà‚ñà‚ñä    | 3327/5674 [06:06<00:50, 46.03it/s] 59%|‚ñà‚ñà‚ñà‚ñà‚ñà‚ñâ    | 3334/5674 [06:06<00:46, 50.44it/s] 59%|‚ñà‚ñà‚ñà‚ñà‚ñà‚ñâ    | 3344/5674 [06:07<00:41, 56.06it/s] 59%|‚ñà‚ñà‚ñà‚ñà‚ñà‚ñâ    | 3351/5674 [06:07<00:52, 43.96it/s] 59%|‚ñà‚ñà‚ñà‚ñà‚ñà‚ñâ    | 3360/5674 [06:07<00:44, 52.55it/s] 59%|‚ñà‚ñà‚ñà‚ñà‚ñà‚ñâ    | 3367/5674 [06:07<01:05, 35.43it/s] 59%|‚ñà‚ñà‚ñà‚ñà‚ñà‚ñâ    | 3373/5674 [06:07<00:59, 38.84it/s] 60%|‚ñà‚ñà‚ñà‚ñà‚ñà‚ñâ    | 3379/5674 [06:08<01:22, 27.91it/s] 60%|‚ñà‚ñà‚ñà‚ñà‚ñà‚ñâ    | 3384/5674 [06:08<01:23, 27.47it/s] 60%|‚ñà‚ñà‚ñà‚ñà‚ñà‚ñâ    | 3392/5674 [06:08<01:06, 34.21it/s] 60%|‚ñà‚ñà‚ñà‚ñà‚ñà‚ñâ    | 3397/5674 [06:08<01:20, 28.45it/s] 60%|‚ñà‚ñà‚ñà‚ñà‚ñà‚ñâ    | 3401/5674 [06:09<01:19, 28.77it/s] 60%|‚ñà‚ñà‚ñà‚ñà‚ñà‚ñà    | 3405/5674 [06:09<01:27, 25.90it/s] 60%|‚ñà‚ñà‚ñà‚ñà‚ñà‚ñà    | 3409/5674 [06:09<01:30, 24.94it/s] 60%|‚ñà‚ñà‚ñà‚ñà‚ñà‚ñà    | 3419/5674 [06:09<00:58, 38.39it/s] 60%|‚ñà‚ñà‚ñà‚ñà‚ñà‚ñà    | 3424/5674 [06:09<00:57, 38.89it/s] 60%|‚ñà‚ñà‚ñà‚ñà‚ñà‚ñà    | 3432/5674 [06:09<00:48, 46.38it/s] 61%|‚ñà‚ñà‚ñà‚ñà‚ñà‚ñà    | 3438/5674 [06:09<00:48, 45.91it/s] 61%|‚ñà‚ñà‚ñà‚ñà‚ñà‚ñà    | 3445/5674 [06:10<00:46, 48.08it/s] 61%|‚ñà‚ñà‚ñà‚ñà‚ñà‚ñà    | 3451/5674 [06:10<00:43, 50.67it/s] 61%|‚ñà‚ñà‚ñà‚ñà‚ñà‚ñà    | 3457/5674 [06:10<00:51, 43.24it/s] 61%|‚ñà‚ñà‚ñà‚ñà‚ñà‚ñà    | 3463/5674 [06:10<00:49, 44.78it/s] 61%|‚ñà‚ñà‚ñà‚ñà‚ñà‚ñà    | 3475/5674 [06:10<00:35, 62.48it/s] 61%|‚ñà‚ñà‚ñà‚ñà‚ñà‚ñà‚ñè   | 3482/5674 [06:10<00:44, 49.51it/s] 62%|‚ñà‚ñà‚ñà‚ñà‚ñà‚ñà‚ñè   | 3491/5674 [06:10<00:37, 57.49it/s] 62%|‚ñà‚ñà‚ñà‚ñà‚ñà‚ñà‚ñè   | 3498/5674 [06:11<00:37, 58.47it/s] 62%|‚ñà‚ñà‚ñà‚ñà‚ñà‚ñà‚ñè   | 3505/5674 [06:11<00:46, 46.24it/s] 62%|‚ñà‚ñà‚ñà‚ñà‚ñà‚ñà‚ñè   | 3511/5674 [06:11<00:46, 46.82it/s] 62%|‚ñà‚ñà‚ñà‚ñà‚ñà‚ñà‚ñè   | 3520/5674 [06:11<00:38, 56.06it/s] 62%|‚ñà‚ñà‚ñà‚ñà‚ñà‚ñà‚ñè   | 3527/5674 [06:11<00:53, 40.15it/s] 62%|‚ñà‚ñà‚ñà‚ñà‚ñà‚ñà‚ñè   | 3533/5674 [06:11<00:57, 37.52it/s] 62%|‚ñà‚ñà‚ñà‚ñà‚ñà‚ñà‚ñè   | 3542/5674 [06:12<00:45, 46.83it/s] 63%|‚ñà‚ñà‚ñà‚ñà‚ñà‚ñà‚ñé   | 3552/5674 [06:12<00:48, 43.86it/s] 63%|‚ñà‚ñà‚ñà‚ñà‚ñà‚ñà‚ñé   | 3567/5674 [06:12<00:36, 57.27it/s] 63%|‚ñà‚ñà‚ñà‚ñà‚ñà‚ñà‚ñé   | 3574/5674 [06:12<00:39, 53.69it/s] 63%|‚ñà‚ñà‚ñà‚ñà‚ñà‚ñà‚ñé   | 3591/5674 [06:12<00:27, 75.13it/s] 63%|‚ñà‚ñà‚ñà‚ñà‚ñà‚ñà‚ñé   | 3600/5674 [06:13<00:53, 38.43it/s] 64%|‚ñà‚ñà‚ñà‚ñà‚ñà‚ñà‚ñé   | 3607/5674 [06:13<00:49, 41.47it/s] 64%|‚ñà‚ñà‚ñà‚ñà‚ñà‚ñà‚ñé   | 3615/5674 [06:13<00:44, 46.44it/s] 64%|‚ñà‚ñà‚ñà‚ñà‚ñà‚ñà‚ñç   | 3622/5674 [06:13<00:45, 45.26it/s] 64%|‚ñà‚ñà‚ñà‚ñà‚ñà‚ñà‚ñç   | 3630/5674 [06:14<00:52, 39.30it/s] 64%|‚ñà‚ñà‚ñà‚ñà‚ñà‚ñà‚ñç   | 3635/5674 [06:14<00:56, 36.09it/s] 64%|‚ñà‚ñà‚ñà‚ñà‚ñà‚ñà‚ñç   | 3647/5674 [06:14<00:40, 50.07it/s] 64%|‚ñà‚ñà‚ñà‚ñà‚ñà‚ñà‚ñç   | 3657/5674 [06:14<00:34, 58.71it/s] 65%|‚ñà‚ñà‚ñà‚ñà‚ñà‚ñà‚ñç   | 3665/5674 [06:14<00:35, 56.03it/s] 65%|‚ñà‚ñà‚ñà‚ñà‚ñà‚ñà‚ñç   | 3673/5674 [06:14<00:32, 61.11it/s] 65%|‚ñà‚ñà‚ñà‚ñà‚ñà‚ñà‚ñç   | 3680/5674 [06:14<00:36, 54.19it/s] 65%|‚ñà‚ñà‚ñà‚ñà‚ñà‚ñà‚ñç   | 3687/5674 [06:15<00:40, 49.15it/s] 65%|‚ñà‚ñà‚ñà‚ñà‚ñà‚ñà‚ñå   | 3693/5674 [06:15<00:49, 39.79it/s] 65%|‚ñà‚ñà‚ñà‚ñà‚ñà‚ñà‚ñå   | 3698/5674 [06:15<00:47, 41.45it/s] 65%|‚ñà‚ñà‚ñà‚ñà‚ñà‚ñà‚ñå   | 3703/5674 [06:15<00:46, 42.22it/s] 65%|‚ñà‚ñà‚ñà‚ñà‚ñà‚ñà‚ñå   | 3708/5674 [06:15<00:51, 38.31it/s] 65%|‚ñà‚ñà‚ñà‚ñà‚ñà‚ñà‚ñå   | 3713/5674 [06:15<00:49, 39.95it/s] 66%|‚ñà‚ñà‚ñà‚ñà‚ñà‚ñà‚ñå   | 3720/5674 [06:15<00:41, 46.70it/s] 66%|‚ñà‚ñà‚ñà‚ñà‚ñà‚ñà‚ñå   | 3726/5674 [06:16<00:48, 40.12it/s] 66%|‚ñà‚ñà‚ñà‚ñà‚ñà‚ñà‚ñå   | 3736/5674 [06:16<00:43, 44.19it/s] 66%|‚ñà‚ñà‚ñà‚ñà‚ñà‚ñà‚ñå   | 3743/5674 [06:16<00:39, 49.28it/s] 66%|‚ñà‚ñà‚ñà‚ñà‚ñà‚ñà‚ñå   | 3749/5674 [06:16<00:39, 49.05it/s] 66%|‚ñà‚ñà‚ñà‚ñà‚ñà‚ñà‚ñã   | 3760/5674 [06:16<00:31, 59.84it/s] 66%|‚ñà‚ñà‚ñà‚ñà‚ñà‚ñà‚ñã   | 3770/5674 [06:16<00:28, 67.93it/s] 67%|‚ñà‚ñà‚ñà‚ñà‚ñà‚ñà‚ñã   | 3780/5674 [06:16<00:25, 75.69it/s] 67%|‚ñà‚ñà‚ñà‚ñà‚ñà‚ñà‚ñã   | 3788/5674 [06:16<00:25, 75.04it/s] 67%|‚ñà‚ñà‚ñà‚ñà‚ñà‚ñà‚ñã   | 3799/5674 [06:17<00:22, 83.08it/s] 67%|‚ñà‚ñà‚ñà‚ñà‚ñà‚ñà‚ñã   | 3808/5674 [06:17<00:24, 77.02it/s] 67%|‚ñà‚ñà‚ñà‚ñà‚ñà‚ñà‚ñã   | 3820/5674 [06:17<00:21, 88.06it/s] 68%|‚ñà‚ñà‚ñà‚ñà‚ñà‚ñà‚ñä   | 3830/5674 [06:17<00:25, 73.18it/s] 68%|‚ñà‚ñà‚ñà‚ñà‚ñà‚ñà‚ñä   | 3838/5674 [06:17<00:26, 69.60it/s] 68%|‚ñà‚ñà‚ñà‚ñà‚ñà‚ñà‚ñä   | 3838/5674 [07:23<00:26, 69.60it/s] 68%|‚ñà‚ñà‚ñà‚ñà‚ñà‚ñà‚ñä   | 3843/5674 [07:23<1:14:26,  2.44s/it] 68%|‚ñà‚ñà‚ñà‚ñà‚ñà‚ñà‚ñä   | 3857/5674 [07:23<42:34,  1.41s/it]   68%|‚ñà‚ñà‚ñà‚ñà‚ñà‚ñà‚ñä   | 3866/5674 [07:23<30:39,  1.02s/it] 68%|‚ñà‚ñà‚ñà‚ñà‚ñà‚ñà‚ñä   | 3874/5674 [07:23<22:36,  1.33it/s] 68%|‚ñà‚ñà‚ñà‚ñà‚ñà‚ñà‚ñä   | 3883/5674 [07:23<15:55,  1.88it/s] 69%|‚ñà‚ñà‚ñà‚ñà‚ñà‚ñà‚ñä   | 3891/5674 [07:23<11:37,  2.56it/s] 69%|‚ñà‚ñà‚ñà‚ñà‚ñà‚ñà‚ñä   | 3899/5674 [07:23<08:25,  3.51it/s] 69%|‚ñà‚ñà‚ñà‚ñà‚ñà‚ñà‚ñâ   | 3907/5674 [07:24<06:06,  4.83it/s] 69%|‚ñà‚ñà‚ñà‚ñà‚ñà‚ñà‚ñâ   | 3915/5674 [07:24<04:30,  6.50it/s] 69%|‚ñà‚ñà‚ñà‚ñà‚ñà‚ñà‚ñâ   | 3922/5674 [07:24<03:29,  8.36it/s] 69%|‚ñà‚ñà‚ñà‚ñà‚ñà‚ñà‚ñâ   | 3931/5674 [07:24<02:28, 11.75it/s] 69%|‚ñà‚ñà‚ñà‚ñà‚ñà‚ñà‚ñâ   | 3938/5674 [07:24<01:55, 15.07it/s] 70%|‚ñà‚ñà‚ñà‚ñà‚ñà‚ñà‚ñâ   | 3945/5674 [07:25<01:43, 16.78it/s] 70%|‚ñà‚ñà‚ñà‚ñà‚ñà‚ñà‚ñâ   | 3951/5674 [07:25<01:26, 19.97it/s] 70%|‚ñà‚ñà‚ñà‚ñà‚ñà‚ñà‚ñâ   | 3956/5674 [07:25<01:14, 23.02it/s] 70%|‚ñà‚ñà‚ñà‚ñà‚ñà‚ñà‚ñâ   | 3962/5674 [07:25<01:03, 26.97it/s] 70%|‚ñà‚ñà‚ñà‚ñà‚ñà‚ñà‚ñâ   | 3969/5674 [07:25<00:52, 32.35it/s] 70%|‚ñà‚ñà‚ñà‚ñà‚ñà‚ñà‚ñà   | 3975/5674 [07:25<00:50, 33.59it/s] 70%|‚ñà‚ñà‚ñà‚ñà‚ñà‚ñà‚ñà   | 3988/5674 [07:25<00:33, 50.83it/s] 70%|‚ñà‚ñà‚ñà‚ñà‚ñà‚ñà‚ñà   | 3995/5674 [07:25<00:32, 51.45it/s] 71%|‚ñà‚ñà‚ñà‚ñà‚ñà‚ñà‚ñà   | 4002/5674 [07:26<00:34, 48.37it/s] 71%|‚ñà‚ñà‚ñà‚ñà‚ñà‚ñà‚ñà   | 4010/5674 [07:26<00:30, 53.98it/s] 71%|‚ñà‚ñà‚ñà‚ñà‚ñà‚ñà‚ñà   | 4017/5674 [07:26<00:32, 50.90it/s] 71%|‚ñà‚ñà‚ñà‚ñà‚ñà‚ñà‚ñà   | 4025/5674 [07:26<00:36, 45.62it/s] 71%|‚ñà‚ñà‚ñà‚ñà‚ñà‚ñà‚ñà   | 4032/5674 [07:26<00:32, 50.44it/s] 71%|‚ñà‚ñà‚ñà‚ñà‚ñà‚ñà‚ñà‚ñè  | 4043/5674 [07:26<00:25, 63.36it/s] 71%|‚ñà‚ñà‚ñà‚ñà‚ñà‚ñà‚ñà‚ñè  | 4052/5674 [07:26<00:23, 69.74it/s] 72%|‚ñà‚ñà‚ñà‚ñà‚ñà‚ñà‚ñà‚ñè  | 4061/5674 [07:26<00:21, 74.81it/s] 72%|‚ñà‚ñà‚ñà‚ñà‚ñà‚ñà‚ñà‚ñè  | 4071/5674 [07:27<00:22, 70.20it/s] 72%|‚ñà‚ñà‚ñà‚ñà‚ñà‚ñà‚ñà‚ñè  | 4079/5674 [07:27<00:23, 66.79it/s] 72%|‚ñà‚ñà‚ñà‚ñà‚ñà‚ñà‚ñà‚ñè  | 4087/5674 [07:27<00:23, 67.47it/s] 72%|‚ñà‚ñà‚ñà‚ñà‚ñà‚ñà‚ñà‚ñè  | 4095/5674 [07:27<00:37, 41.89it/s] 72%|‚ñà‚ñà‚ñà‚ñà‚ñà‚ñà‚ñà‚ñè  | 4101/5674 [07:27<00:39, 39.77it/s] 72%|‚ñà‚ñà‚ñà‚ñà‚ñà‚ñà‚ñà‚ñè  | 4107/5674 [07:28<00:38, 40.58it/s] 73%|‚ñà‚ñà‚ñà‚ñà‚ñà‚ñà‚ñà‚ñé  | 4114/5674 [07:28<00:34, 45.50it/s] 73%|‚ñà‚ñà‚ñà‚ñà‚ñà‚ñà‚ñà‚ñé  | 4122/5674 [07:28<00:34, 45.15it/s] 73%|‚ñà‚ñà‚ñà‚ñà‚ñà‚ñà‚ñà‚ñé  | 4128/5674 [07:28<00:35, 43.44it/s] 73%|‚ñà‚ñà‚ñà‚ñà‚ñà‚ñà‚ñà‚ñé  | 4137/5674 [07:28<00:31, 48.32it/s] 73%|‚ñà‚ñà‚ñà‚ñà‚ñà‚ñà‚ñà‚ñé  | 4143/5674 [07:28<00:30, 50.81it/s] 73%|‚ñà‚ñà‚ñà‚ñà‚ñà‚ñà‚ñà‚ñé  | 4149/5674 [07:28<00:30, 50.72it/s] 73%|‚ñà‚ñà‚ñà‚ñà‚ñà‚ñà‚ñà‚ñé  | 4160/5674 [07:28<00:23, 64.84it/s] 73%|‚ñà‚ñà‚ñà‚ñà‚ñà‚ñà‚ñà‚ñé  | 4169/5674 [07:29<00:23, 64.02it/s] 74%|‚ñà‚ñà‚ñà‚ñà‚ñà‚ñà‚ñà‚ñé  | 4176/5674 [07:29<00:26, 57.39it/s] 74%|‚ñà‚ñà‚ñà‚ñà‚ñà‚ñà‚ñà‚ñé  | 4184/5674 [07:29<00:24, 61.11it/s] 74%|‚ñà‚ñà‚ñà‚ñà‚ñà‚ñà‚ñà‚ñç  | 4192/5674 [07:29<00:24, 60.61it/s] 74%|‚ñà‚ñà‚ñà‚ñà‚ñà‚ñà‚ñà‚ñç  | 4202/5674 [07:29<00:23, 62.65it/s] 74%|‚ñà‚ñà‚ñà‚ñà‚ñà‚ñà‚ñà‚ñç  | 4209/5674 [07:29<00:23, 63.15it/s] 74%|‚ñà‚ñà‚ñà‚ñà‚ñà‚ñà‚ñà‚ñç  | 4216/5674 [07:29<00:24, 60.43it/s] 74%|‚ñà‚ñà‚ñà‚ñà‚ñà‚ñà‚ñà‚ñç  | 4223/5674 [07:30<00:24, 59.95it/s] 75%|‚ñà‚ñà‚ñà‚ñà‚ñà‚ñà‚ñà‚ñç  | 4230/5674 [07:30<00:26, 55.46it/s] 75%|‚ñà‚ñà‚ñà‚ñà‚ñà‚ñà‚ñà‚ñç  | 4239/5674 [07:30<00:22, 63.08it/s] 75%|‚ñà‚ñà‚ñà‚ñà‚ñà‚ñà‚ñà‚ñç  | 4246/5674 [07:30<00:32, 43.69it/s] 75%|‚ñà‚ñà‚ñà‚ñà‚ñà‚ñà‚ñà‚ñç  | 4255/5674 [07:30<00:27, 52.34it/s] 75%|‚ñà‚ñà‚ñà‚ñà‚ñà‚ñà‚ñà‚ñå  | 4262/5674 [07:30<00:28, 49.29it/s] 75%|‚ñà‚ñà‚ñà‚ñà‚ñà‚ñà‚ñà‚ñå  | 4268/5674 [07:30<00:27, 50.77it/s] 75%|‚ñà‚ñà‚ñà‚ñà‚ñà‚ñà‚ñà‚ñå  | 4274/5674 [07:31<00:31, 44.84it/s] 75%|‚ñà‚ñà‚ñà‚ñà‚ñà‚ñà‚ñà‚ñå  | 4280/5674 [07:31<00:29, 47.01it/s] 76%|‚ñà‚ñà‚ñà‚ñà‚ñà‚ñà‚ñà‚ñå  | 4286/5674 [07:31<00:29, 46.55it/s] 76%|‚ñà‚ñà‚ñà‚ñà‚ñà‚ñà‚ñà‚ñå  | 4291/5674 [07:31<00:32, 42.81it/s] 76%|‚ñà‚ñà‚ñà‚ñà‚ñà‚ñà‚ñà‚ñå  | 4297/5674 [07:31<00:32, 42.89it/s] 76%|‚ñà‚ñà‚ñà‚ñà‚ñà‚ñà‚ñà‚ñå  | 4304/5674 [07:31<00:30, 45.59it/s] 76%|‚ñà‚ñà‚ñà‚ñà‚ñà‚ñà‚ñà‚ñå  | 4310/5674 [07:31<00:28, 47.36it/s] 76%|‚ñà‚ñà‚ñà‚ñà‚ñà‚ñà‚ñà‚ñå  | 4318/5674 [07:32<00:25, 52.25it/s] 76%|‚ñà‚ñà‚ñà‚ñà‚ñà‚ñà‚ñà‚ñå  | 4325/5674 [07:32<00:24, 56.15it/s] 76%|‚ñà‚ñà‚ñà‚ñà‚ñà‚ñà‚ñà‚ñã  | 4334/5674 [07:32<00:20, 64.77it/s] 77%|‚ñà‚ñà‚ñà‚ñà‚ñà‚ñà‚ñà‚ñã  | 4341/5674 [07:32<00:23, 56.51it/s] 77%|‚ñà‚ñà‚ñà‚ñà‚ñà‚ñà‚ñà‚ñã  | 4350/5674 [07:32<00:22, 58.39it/s] 77%|‚ñà‚ñà‚ñà‚ñà‚ñà‚ñà‚ñà‚ñã  | 4363/5674 [07:32<00:18, 71.19it/s] 77%|‚ñà‚ñà‚ñà‚ñà‚ñà‚ñà‚ñà‚ñã  | 4379/5674 [07:32<00:14, 91.96it/s] 77%|‚ñà‚ñà‚ñà‚ñà‚ñà‚ñà‚ñà‚ñã  | 4389/5674 [07:33<00:21, 58.47it/s] 77%|‚ñà‚ñà‚ñà‚ñà‚ñà‚ñà‚ñà‚ñã  | 4397/5674 [07:33<00:22, 57.97it/s] 78%|‚ñà‚ñà‚ñà‚ñà‚ñà‚ñà‚ñà‚ñä  | 4405/5674 [07:33<00:22, 57.03it/s] 78%|‚ñà‚ñà‚ñà‚ñà‚ñà‚ñà‚ñà‚ñä  | 4412/5674 [07:33<00:23, 53.82it/s] 78%|‚ñà‚ñà‚ñà‚ñà‚ñà‚ñà‚ñà‚ñä  | 4423/5674 [07:33<00:19, 63.88it/s] 78%|‚ñà‚ñà‚ñà‚ñà‚ñà‚ñà‚ñà‚ñä  | 4431/5674 [07:33<00:24, 50.19it/s] 78%|‚ñà‚ñà‚ñà‚ñà‚ñà‚ñà‚ñà‚ñä  | 4444/5674 [07:34<00:19, 62.74it/s] 78%|‚ñà‚ñà‚ñà‚ñà‚ñà‚ñà‚ñà‚ñä  | 4454/5674 [07:34<00:17, 70.08it/s] 79%|‚ñà‚ñà‚ñà‚ñà‚ñà‚ñà‚ñà‚ñä  | 4465/5674 [07:34<00:16, 75.02it/s] 79%|‚ñà‚ñà‚ñà‚ñà‚ñà‚ñà‚ñà‚ñâ  | 4487/5674 [07:34<00:13, 86.22it/s] 79%|‚ñà‚ñà‚ñà‚ñà‚ñà‚ñà‚ñà‚ñâ  | 4503/5674 [07:34<00:12, 91.74it/s] 80%|‚ñà‚ñà‚ñà‚ñà‚ñà‚ñà‚ñà‚ñâ  | 4516/5674 [07:34<00:11, 99.32it/s] 80%|‚ñà‚ñà‚ñà‚ñà‚ñà‚ñà‚ñà‚ñâ  | 4532/5674 [07:34<00:10, 112.43it/s] 80%|‚ñà‚ñà‚ñà‚ñà‚ñà‚ñà‚ñà‚ñà  | 4544/5674 [07:34<00:10, 106.07it/s] 80%|‚ñà‚ñà‚ñà‚ñà‚ñà‚ñà‚ñà‚ñà  | 4566/5674 [07:35<00:08, 133.37it/s] 81%|‚ñà‚ñà‚ñà‚ñà‚ñà‚ñà‚ñà‚ñà  | 4588/5674 [07:35<00:07, 148.93it/s] 81%|‚ñà‚ñà‚ñà‚ñà‚ñà‚ñà‚ñà‚ñà  | 4608/5674 [07:35<00:06, 156.77it/s] 82%|‚ñà‚ñà‚ñà‚ñà‚ñà‚ñà‚ñà‚ñà‚ñè | 4625/5674 [07:35<00:06, 153.55it/s] 82%|‚ñà‚ñà‚ñà‚ñà‚ñà‚ñà‚ñà‚ñà‚ñè | 4641/5674 [07:35<00:07, 145.78it/s] 82%|‚ñà‚ñà‚ñà‚ñà‚ñà‚ñà‚ñà‚ñà‚ñè | 4656/5674 [07:35<00:07, 136.67it/s] 82%|‚ñà‚ñà‚ñà‚ñà‚ñà‚ñà‚ñà‚ñà‚ñè | 4670/5674 [07:35<00:07, 128.23it/s] 83%|‚ñà‚ñà‚ñà‚ñà‚ñà‚ñà‚ñà‚ñà‚ñé | 4684/5674 [07:36<00:10, 97.21it/s]  83%|‚ñà‚ñà‚ñà‚ñà‚ñà‚ñà‚ñà‚ñà‚ñé | 4697/5674 [07:36<00:09, 102.17it/s] 83%|‚ñà‚ñà‚ñà‚ñà‚ñà‚ñà‚ñà‚ñà‚ñé | 4709/5674 [07:36<00:11, 86.99it/s]  83%|‚ñà‚ñà‚ñà‚ñà‚ñà‚ñà‚ñà‚ñà‚ñé | 4719/5674 [07:36<00:12, 77.09it/s] 83%|‚ñà‚ñà‚ñà‚ñà‚ñà‚ñà‚ñà‚ñà‚ñé | 4729/5674 [07:36<00:13, 72.48it/s] 84%|‚ñà‚ñà‚ñà‚ñà‚ñà‚ñà‚ñà‚ñà‚ñé | 4742/5674 [07:36<00:11, 78.12it/s] 84%|‚ñà‚ñà‚ñà‚ñà‚ñà‚ñà‚ñà‚ñà‚ñç | 4758/5674 [07:36<00:09, 95.54it/s] 84%|‚ñà‚ñà‚ñà‚ñà‚ñà‚ñà‚ñà‚ñà‚ñç | 4769/5674 [07:37<00:12, 74.33it/s] 84%|‚ñà‚ñà‚ñà‚ñà‚ñà‚ñà‚ñà‚ñà‚ñç | 4778/5674 [07:37<00:12, 73.25it/s] 84%|‚ñà‚ñà‚ñà‚ñà‚ñà‚ñà‚ñà‚ñà‚ñç | 4791/5674 [07:37<00:10, 81.03it/s] 85%|‚ñà‚ñà‚ñà‚ñà‚ñà‚ñà‚ñà‚ñà‚ñç | 4800/5674 [07:37<00:12, 71.19it/s] 85%|‚ñà‚ñà‚ñà‚ñà‚ñà‚ñà‚ñà‚ñà‚ñç | 4810/5674 [07:37<00:14, 58.29it/s] 85%|‚ñà‚ñà‚ñà‚ñà‚ñà‚ñà‚ñà‚ñà‚ñç | 4820/5674 [07:37<00:14, 59.43it/s] 85%|‚ñà‚ñà‚ñà‚ñà‚ñà‚ñà‚ñà‚ñà‚ñå | 4828/5674 [07:38<00:13, 62.54it/s] 85%|‚ñà‚ñà‚ñà‚ñà‚ñà‚ñà‚ñà‚ñà‚ñå | 4838/5674 [07:38<00:12, 64.66it/s] 85%|‚ñà‚ñà‚ñà‚ñà‚ñà‚ñà‚ñà‚ñà‚ñå | 4845/5674 [07:38<00:14, 58.60it/s] 86%|‚ñà‚ñà‚ñà‚ñà‚ñà‚ñà‚ñà‚ñà‚ñå | 4853/5674 [07:38<00:13, 60.25it/s] 86%|‚ñà‚ñà‚ñà‚ñà‚ñà‚ñà‚ñà‚ñà‚ñå | 4861/5674 [07:38<00:14, 55.53it/s] 86%|‚ñà‚ñà‚ñà‚ñà‚ñà‚ñà‚ñà‚ñà‚ñå | 4877/5674 [07:38<00:10, 76.83it/s] 86%|‚ñà‚ñà‚ñà‚ñà‚ñà‚ñà‚ñà‚ñà‚ñã | 4896/5674 [07:38<00:07, 102.50it/s] 87%|‚ñà‚ñà‚ñà‚ñà‚ñà‚ñà‚ñà‚ñà‚ñã | 4915/5674 [07:38<00:06, 124.29it/s] 87%|‚ñà‚ñà‚ñà‚ñà‚ñà‚ñà‚ñà‚ñà‚ñã | 4933/5674 [07:39<00:05, 138.44it/s] 87%|‚ñà‚ñà‚ñà‚ñà‚ñà‚ñà‚ñà‚ñà‚ñã | 4948/5674 [07:39<00:05, 140.35it/s] 87%|‚ñà‚ñà‚ñà‚ñà‚ñà‚ñà‚ñà‚ñà‚ñã | 4963/5674 [07:39<00:05, 120.44it/s] 88%|‚ñà‚ñà‚ñà‚ñà‚ñà‚ñà‚ñà‚ñà‚ñä | 4977/5674 [07:39<00:06, 111.36it/s] 88%|‚ñà‚ñà‚ñà‚ñà‚ñà‚ñà‚ñà‚ñà‚ñä | 4989/5674 [07:39<00:06, 102.89it/s] 88%|‚ñà‚ñà‚ñà‚ñà‚ñà‚ñà‚ñà‚ñà‚ñä | 5000/5674 [07:39<00:06, 103.58it/s] 88%|‚ñà‚ñà‚ñà‚ñà‚ñà‚ñà‚ñà‚ñà‚ñä | 5014/5674 [07:39<00:05, 112.01it/s] 89%|‚ñà‚ñà‚ñà‚ñà‚ñà‚ñà‚ñà‚ñà‚ñä | 5026/5674 [07:40<00:06, 98.66it/s]  89%|‚ñà‚ñà‚ñà‚ñà‚ñà‚ñà‚ñà‚ñà‚ñâ | 5038/5674 [07:40<00:06, 102.08it/s] 89%|‚ñà‚ñà‚ñà‚ñà‚ñà‚ñà‚ñà‚ñà‚ñâ | 5049/5674 [07:40<00:06, 98.79it/s]  89%|‚ñà‚ñà‚ñà‚ñà‚ñà‚ñà‚ñà‚ñà‚ñâ | 5060/5674 [07:40<00:06, 96.99it/s] 89%|‚ñà‚ñà‚ñà‚ñà‚ñà‚ñà‚ñà‚ñà‚ñâ | 5073/5674 [07:40<00:06, 98.00it/s] 90%|‚ñà‚ñà‚ñà‚ñà‚ñà‚ñà‚ñà‚ñà‚ñâ | 5085/5674 [07:40<00:05, 99.92it/s] 90%|‚ñà‚ñà‚ñà‚ñà‚ñà‚ñà‚ñà‚ñà‚ñâ | 5096/5674 [07:40<00:06, 84.92it/s] 90%|‚ñà‚ñà‚ñà‚ñà‚ñà‚ñà‚ñà‚ñà‚ñâ | 5096/5674 [08:59<00:06, 84.92it/s] 90%|‚ñà‚ñà‚ñà‚ñà‚ñà‚ñà‚ñà‚ñà‚ñâ | 5099/5674 [08:59<24:53,  2.60s/it] 90%|‚ñà‚ñà‚ñà‚ñà‚ñà‚ñà‚ñà‚ñà‚ñà | 5109/5674 [08:59<16:41,  1.77s/it] 90%|‚ñà‚ñà‚ñà‚ñà‚ñà‚ñà‚ñà‚ñà‚ñà | 5123/5674 [08:59<09:57,  1.08s/it] 90%|‚ñà‚ñà‚ñà‚ñà‚ñà‚ñà‚ñà‚ñà‚ñà | 5134/5674 [09:00<06:49,  1.32it/s] 91%|‚ñà‚ñà‚ñà‚ñà‚ñà‚ñà‚ñà‚ñà‚ñà | 5146/5674 [09:00<04:33,  1.93it/s] 91%|‚ñà‚ñà‚ñà‚ñà‚ñà‚ñà‚ñà‚ñà‚ñà | 5162/5674 [09:00<02:45,  3.09it/s] 91%|‚ñà‚ñà‚ñà‚ñà‚ñà‚ñà‚ñà‚ñà‚ñà | 5173/5674 [09:00<01:59,  4.19it/s] 91%|‚ñà‚ñà‚ñà‚ñà‚ñà‚ñà‚ñà‚ñà‚ñà‚ñè| 5184/5674 [09:00<01:26,  5.66it/s] 92%|‚ñà‚ñà‚ñà‚ñà‚ñà‚ñà‚ñà‚ñà‚ñà‚ñè| 5196/5674 [09:00<01:00,  7.95it/s] 92%|‚ñà‚ñà‚ñà‚ñà‚ñà‚ñà‚ñà‚ñà‚ñà‚ñè| 5206/5674 [09:00<00:44, 10.47it/s] 92%|‚ñà‚ñà‚ñà‚ñà‚ñà‚ñà‚ñà‚ñà‚ñà‚ñè| 5216/5674 [09:00<00:33, 13.76it/s] 92%|‚ñà‚ñà‚ñà‚ñà‚ñà‚ñà‚ñà‚ñà‚ñà‚ñè| 5226/5674 [09:01<00:24, 18.09it/s] 92%|‚ñà‚ñà‚ñà‚ñà‚ñà‚ñà‚ñà‚ñà‚ñà‚ñè| 5236/5674 [09:01<00:18, 23.19it/s] 92%|‚ñà‚ñà‚ñà‚ñà‚ñà‚ñà‚ñà‚ñà‚ñà‚ñè| 5245/5674 [09:01<00:15, 27.95it/s] 93%|‚ñà‚ñà‚ñà‚ñà‚ñà‚ñà‚ñà‚ñà‚ñà‚ñé| 5254/5674 [09:01<00:12, 34.41it/s] 93%|‚ñà‚ñà‚ñà‚ñà‚ñà‚ñà‚ñà‚ñà‚ñà‚ñé| 5265/5674 [09:01<00:09, 43.27it/s] 93%|‚ñà‚ñà‚ñà‚ñà‚ñà‚ñà‚ñà‚ñà‚ñà‚ñé| 5279/5674 [09:01<00:07, 55.75it/s] 93%|‚ñà‚ñà‚ñà‚ñà‚ñà‚ñà‚ñà‚ñà‚ñà‚ñé| 5290/5674 [09:01<00:05, 64.79it/s] 93%|‚ñà‚ñà‚ñà‚ñà‚ñà‚ñà‚ñà‚ñà‚ñà‚ñé| 5300/5674 [09:02<00:07, 52.79it/s] 94%|‚ñà‚ñà‚ñà‚ñà‚ñà‚ñà‚ñà‚ñà‚ñà‚ñé| 5308/5674 [09:02<00:06, 56.18it/s] 94%|‚ñà‚ñà‚ñà‚ñà‚ñà‚ñà‚ñà‚ñà‚ñà‚ñé| 5317/5674 [09:02<00:05, 59.84it/s] 94%|‚ñà‚ñà‚ñà‚ñà‚ñà‚ñà‚ñà‚ñà‚ñà‚ñç| 5330/5674 [09:02<00:04, 72.71it/s] 94%|‚ñà‚ñà‚ñà‚ñà‚ñà‚ñà‚ñà‚ñà‚ñà‚ñç| 5346/5674 [09:02<00:03, 91.82it/s] 94%|‚ñà‚ñà‚ñà‚ñà‚ñà‚ñà‚ñà‚ñà‚ñà‚ñç| 5359/5674 [09:02<00:04, 68.72it/s] 95%|‚ñà‚ñà‚ñà‚ñà‚ñà‚ñà‚ñà‚ñà‚ñà‚ñç| 5373/5674 [09:02<00:03, 80.13it/s] 95%|‚ñà‚ñà‚ñà‚ñà‚ñà‚ñà‚ñà‚ñà‚ñà‚ñç| 5389/5674 [09:03<00:02, 95.06it/s] 95%|‚ñà‚ñà‚ñà‚ñà‚ñà‚ñà‚ñà‚ñà‚ñà‚ñå| 5407/5674 [09:03<00:02, 114.08it/s] 96%|‚ñà‚ñà‚ñà‚ñà‚ñà‚ñà‚ñà‚ñà‚ñà‚ñå| 5421/5674 [09:03<00:02, 119.57it/s] 96%|‚ñà‚ñà‚ñà‚ñà‚ñà‚ñà‚ñà‚ñà‚ñà‚ñå| 5435/5674 [09:03<00:02, 106.05it/s] 96%|‚ñà‚ñà‚ñà‚ñà‚ñà‚ñà‚ñà‚ñà‚ñà‚ñå| 5447/5674 [09:03<00:02, 106.50it/s] 96%|‚ñà‚ñà‚ñà‚ñà‚ñà‚ñà‚ñà‚ñà‚ñà‚ñå| 5459/5674 [09:03<00:02, 106.19it/s] 96%|‚ñà‚ñà‚ñà‚ñà‚ñà‚ñà‚ñà‚ñà‚ñà‚ñã| 5472/5674 [09:03<00:01, 110.62it/s] 97%|‚ñà‚ñà‚ñà‚ñà‚ñà‚ñà‚ñà‚ñà‚ñà‚ñã| 5484/5674 [09:03<00:01, 96.18it/s]  97%|‚ñà‚ñà‚ñà‚ñà‚ñà‚ñà‚ñà‚ñà‚ñà‚ñã| 5495/5674 [09:04<00:01, 96.57it/s] 97%|‚ñà‚ñà‚ñà‚ñà‚ñà‚ñà‚ñà‚ñà‚ñà‚ñã| 5515/5674 [09:04<00:01, 122.16it/s] 97%|‚ñà‚ñà‚ñà‚ñà‚ñà‚ñà‚ñà‚ñà‚ñà‚ñã| 5531/5674 [09:04<00:01, 131.86it/s] 98%|‚ñà‚ñà‚ñà‚ñà‚ñà‚ñà‚ñà‚ñà‚ñà‚ñä| 5552/5674 [09:04<00:00, 151.10it/s] 98%|‚ñà‚ñà‚ñà‚ñà‚ñà‚ñà‚ñà‚ñà‚ñà‚ñä| 5568/5674 [09:04<00:00, 152.44it/s] 98%|‚ñà‚ñà‚ñà‚ñà‚ñà‚ñà‚ñà‚ñà‚ñà‚ñä| 5584/5674 [09:04<00:00, 138.38it/s] 99%|‚ñà‚ñà‚ñà‚ñà‚ñà‚ñà‚ñà‚ñà‚ñà‚ñä| 5599/5674 [09:04<00:00, 106.49it/s] 99%|‚ñà‚ñà‚ñà‚ñà‚ñà‚ñà‚ñà‚ñà‚ñà‚ñâ| 5612/5674 [09:04<00:00, 102.89it/s] 99%|‚ñà‚ñà‚ñà‚ñà‚ñà‚ñà‚ñà‚ñà‚ñà‚ñâ| 5635/5674 [09:05<00:00, 131.62it/s]100%|‚ñà‚ñà‚ñà‚ñà‚ñà‚ñà‚ñà‚ñà‚ñà‚ñâ| 5650/5674 [09:05<00:00, 113.99it/s]100%|‚ñà‚ñà‚ñà‚ñà‚ñà‚ñà‚ñà‚ñà‚ñà‚ñâ| 5663/5674 [09:05<00:00, 76.48it/s] 100%|‚ñà‚ñà‚ñà‚ñà‚ñà‚ñà‚ñà‚ñà‚ñà‚ñà| 5674/5674 [09:05<00:00, 53.27it/s]100%|‚ñà‚ñà‚ñà‚ñà‚ñà‚ñà‚ñà‚ñà‚ñà‚ñà| 5674/5674 [09:05<00:00, 10.39it/s]
2025-11-08 15:58:29.371 | INFO     | __main__:main:296 - Starting Epoch 1/10
2025-11-08 15:58:39.626 | INFO     | src.agent.runner:run:80 - Starting proof search for: Aesop.BuiltinRules.not_intro
2025-11-08 15:58:39.628 | INFO     | src.agent.runner:run:105 - Step 1: Running MCTS search for 50 iterations...
2025-11-08 16:01:37.410 | INFO     | src.agent.runner:run:168 - Step 1: Applying best tactic: simpa using h
2025-11-08 16:01:37.491 | SUCCESS  | src.agent.runner:run:193 - Proof finished in 1 steps and 177.86s.
2025-11-08 16:01:57.902 | INFO     | src.agent.runner:run:80 - Starting proof search for: Aesop.BuiltinRules.empty_false
2025-11-08 16:01:57.903 | INFO     | src.agent.runner:run:105 - Step 1: Running MCTS search for 50 iterations...
2025-11-08 16:02:03.056 | INFO     | src.agent.runner:run:168 - Step 1: Applying best tactic: contradiction
2025-11-08 16:02:03.118 | SUCCESS  | src.agent.runner:run:193 - Proof finished in 1 steps and 5.22s.
2025-11-08 16:02:21.194 | INFO     | src.agent.runner:run:80 - Starting proof search for: Aesop.BuiltinRules.pEmpty_false
2025-11-08 16:02:21.195 | INFO     | src.agent.runner:run:105 - Step 1: Running MCTS search for 50 iterations...
2025-11-08 16:02:26.576 | INFO     | src.agent.runner:run:168 - Step 1: Applying best tactic: obtain ‚ü®x, hx‚ü© := h
2025-11-08 16:02:26.638 | SUCCESS  | src.agent.runner:run:193 - Proof finished in 1 steps and 5.44s.
2025-11-08 16:02:44.373 | INFO     | src.agent.runner:run:80 - Starting proof search for: Aesop.BuiltinRules.heq_iff_eq
2025-11-08 16:02:44.374 | INFO     | src.agent.runner:run:105 - Step 1: Running MCTS search for 50 iterations...
2025-11-08 16:02:49.602 | INFO     | src.agent.runner:run:168 - Step 1: Applying best tactic: simp [heq_iff_eq]
2025-11-08 16:02:49.665 | SUCCESS  | src.agent.runner:run:193 - Proof finished in 1 steps and 5.29s.
2025-11-08 16:03:07.761 | INFO     | src.agent.runner:run:80 - Starting proof search for: Set.ext
2025-11-08 16:03:07.762 | INFO     | src.agent.runner:run:105 - Step 1: Running MCTS search for 50 iterations...
2025-11-08 16:03:13.266 | INFO     | src.agent.runner:run:168 - Step 1: Applying best tactic: exact eq_of_subset_of_mem (h a) (h b)
2025-11-08 16:03:13.333 | ERROR    | src.agent.runner:run:197 - Proof failed after 1 steps and 5.57s.
2025-11-08 16:03:13.333 | WARNING  | src.agent.runner:run:201 - Final state: LeanError(error="unknown identifier 'eq_of_subset_of_mem'")
2025-11-08 16:03:30.703 | INFO     | src.agent.runner:run:80 - Starting proof search for: Function.id_def
2025-11-08 16:03:30.704 | INFO     | src.agent.runner:run:105 - Step 1: Running MCTS search for 50 iterations...
2025-11-08 16:03:37.175 | INFO     | src.agent.runner:run:168 - Step 1: Applying best tactic: rfl
2025-11-08 16:03:37.237 | SUCCESS  | src.agent.runner:run:193 - Proof finished in 1 steps and 6.53s.
2025-11-08 16:03:54.907 | INFO     | src.agent.runner:run:80 - Starting proof search for: heq_iff_eq
2025-11-08 16:03:54.909 | INFO     | src.agent.runner:run:105 - Step 1: Running MCTS search for 50 iterations...
2025-11-08 16:03:59.980 | INFO     | src.agent.runner:run:168 - Step 1: Applying best tactic: simp [heq_iff_eq]
2025-11-08 16:04:00.043 | SUCCESS  | src.agent.runner:run:193 - Proof finished in 1 steps and 5.14s.
2025-11-08 16:04:17.685 | INFO     | src.agent.runner:run:80 - Starting proof search for: eq_rec_constant
2025-11-08 16:04:17.686 | INFO     | src.agent.runner:run:105 - Step 1: Running MCTS search for 50 iterations...
2025-11-08 16:04:24.139 | INFO     | src.agent.runner:run:168 - Step 1: Applying best tactic: cases h
2025-11-08 16:04:24.211 | INFO     | src.agent.runner:run:105 - Step 2: Running MCTS search for 50 iterations...
2025-11-08 16:04:29.073 | INFO     | src.agent.runner:run:168 - Step 2: Applying best tactic: rfl
2025-11-08 16:04:29.136 | SUCCESS  | src.agent.runner:run:193 - Proof finished in 2 steps and 11.45s.
2025-11-08 16:04:46.474 | INFO     | src.agent.runner:run:80 - Starting proof search for: congrArg‚ÇÇ
2025-11-08 16:04:46.475 | INFO     | src.agent.runner:run:105 - Step 1: Running MCTS search for 50 iterations...
2025-11-08 16:04:51.721 | INFO     | src.agent.runner:run:168 - Step 1: Applying best tactic: rw [hx, hy]
2025-11-08 16:04:51.784 | SUCCESS  | src.agent.runner:run:193 - Proof finished in 1 steps and 5.31s.
2025-11-08 16:05:09.397 | INFO     | src.agent.runner:run:80 - Starting proof search for: congrFun‚ÇÇ
2025-11-08 16:05:09.398 | INFO     | src.agent.runner:run:105 - Step 1: Running MCTS search for 50 iterations...
2025-11-08 16:05:14.810 | INFO     | src.agent.runner:run:168 - Step 1: Applying best tactic: simp [h]
2025-11-08 16:05:14.873 | SUCCESS  | src.agent.runner:run:193 - Proof finished in 1 steps and 5.48s.
2025-11-08 16:05:32.260 | INFO     | src.agent.runner:run:80 - Starting proof search for: congrFun‚ÇÉ
2025-11-08 16:05:32.261 | INFO     | src.agent.runner:run:105 - Step 1: Running MCTS search for 50 iterations...
2025-11-08 16:05:37.381 | INFO     | src.agent.runner:run:168 - Step 1: Applying best tactic: simp [h]
2025-11-08 16:05:37.444 | SUCCESS  | src.agent.runner:run:193 - Proof finished in 1 steps and 5.18s.
2025-11-08 16:05:54.937 | INFO     | src.agent.runner:run:80 - Starting proof search for: funext‚ÇÇ
2025-11-08 16:05:54.938 | INFO     | src.agent.runner:run:105 - Step 1: Running MCTS search for 50 iterations...
2025-11-08 16:06:00.792 | INFO     | src.agent.runner:run:168 - Step 1: Applying best tactic: funext a b
2025-11-08 16:06:00.883 | INFO     | src.agent.runner:run:105 - Step 2: Running MCTS search for 50 iterations...
2025-11-08 16:06:05.711 | INFO     | src.agent.runner:run:168 - Step 2: Applying best tactic: apply h a b
2025-11-08 16:06:05.773 | SUCCESS  | src.agent.runner:run:193 - Proof finished in 2 steps and 10.84s.
2025-11-08 16:06:23.470 | INFO     | src.agent.runner:run:80 - Starting proof search for: funext‚ÇÉ
2025-11-08 16:06:23.471 | INFO     | src.agent.runner:run:105 - Step 1: Running MCTS search for 50 iterations...
2025-11-08 16:06:29.784 | INFO     | src.agent.runner:run:168 - Step 1: Applying best tactic: funext a b c
2025-11-08 16:06:29.891 | INFO     | src.agent.runner:run:105 - Step 2: Running MCTS search for 50 iterations...
2025-11-08 16:06:34.758 | INFO     | src.agent.runner:run:168 - Step 2: Applying best tactic: apply h
2025-11-08 16:06:34.821 | SUCCESS  | src.agent.runner:run:193 - Proof finished in 2 steps and 11.35s.
2025-11-08 16:06:52.118 | INFO     | src.agent.runner:run:80 - Starting proof search for: Function.funext_iff
2025-11-08 16:06:52.119 | INFO     | src.agent.runner:run:105 - Step 1: Running MCTS search for 50 iterations...
2025-11-08 16:06:57.755 | INFO     | src.agent.runner:run:168 - Step 1: Applying best tactic: simp only [eq_iff_iff, Function.funext_iff, Function.funext_iff]
2025-11-08 16:06:57.832 | ERROR    | src.agent.runner:run:197 - Proof failed after 1 steps and 5.71s.
2025-11-08 16:06:57.832 | WARNING  | src.agent.runner:run:201 - Final state: LeanError(error="kernel type check failed: (kernel) declaration has free variables '[anonymous]'")
2025-11-08 16:07:15.360 | INFO     | src.agent.runner:run:80 - Starting proof search for: ne_of_apply_ne
2025-11-08 16:07:15.361 | INFO     | src.agent.runner:run:105 - Step 1: Running MCTS search for 50 iterations...
2025-11-08 16:07:21.117 | INFO     | src.agent.runner:run:168 - Step 1: Applying best tactic: exact ne_of_add_eq_zero (ne_of_add_eq_zero (ne_of_add_eq_zero (f x y)))
2025-11-08 16:07:21.183 | ERROR    | src.agent.runner:run:197 - Proof failed after 1 steps and 5.82s.
2025-11-08 16:07:21.184 | WARNING  | src.agent.runner:run:201 - Final state: LeanError(error="unknown identifier 'ne_of_add_eq_zero'")
2025-11-08 16:07:38.473 | INFO     | src.agent.runner:run:80 - Starting proof search for: Eq.congr
2025-11-08 16:07:38.475 | INFO     | src.agent.runner:run:105 - Step 1: Running MCTS search for 50 iterations...
2025-11-08 16:07:43.832 | INFO     | src.agent.runner:run:168 - Step 1: Applying best tactic: simp [h‚ÇÅ.symm, h‚ÇÇ.symm]
2025-11-08 16:07:43.896 | SUCCESS  | src.agent.runner:run:193 - Proof finished in 1 steps and 5.42s.
2025-11-08 16:08:01.535 | INFO     | src.agent.runner:run:80 - Starting proof search for: Eq.congr_left
2025-11-08 16:08:01.536 | INFO     | src.agent.runner:run:105 - Step 1: Running MCTS search for 50 iterations...
2025-11-08 16:08:06.566 | INFO     | src.agent.runner:run:168 - Step 1: Applying best tactic: simp [h, eq_comm]
2025-11-08 16:08:06.630 | SUCCESS  | src.agent.runner:run:193 - Proof finished in 1 steps and 5.09s.
2025-11-08 16:08:24.297 | INFO     | src.agent.runner:run:80 - Starting proof search for: Eq.congr_right
2025-11-08 16:08:24.298 | INFO     | src.agent.runner:run:105 - Step 1: Running MCTS search for 50 iterations...
2025-11-08 16:08:29.290 | INFO     | src.agent.runner:run:168 - Step 1: Applying best tactic: simp [h, eq_comm]
2025-11-08 16:08:29.355 | SUCCESS  | src.agent.runner:run:193 - Proof finished in 1 steps and 5.06s.
2025-11-08 16:08:46.656 | INFO     | src.agent.runner:run:80 - Starting proof search for: heq_of_cast_eq
2025-11-08 16:08:46.657 | INFO     | src.agent.runner:run:105 - Step 1: Running MCTS search for 50 iterations...
2025-11-08 16:08:55.671 | INFO     | src.agent.runner:run:168 - Step 1: Applying best tactic: rintro e rfl
2025-11-08 16:08:55.739 | INFO     | src.agent.runner:run:105 - Step 2: Running MCTS search for 50 iterations...
2025-11-08 16:09:01.700 | INFO     | src.agent.runner:run:168 - Step 2: Applying best tactic: subst e
2025-11-08 16:09:01.766 | INFO     | src.agent.runner:run:105 - Step 3: Running MCTS search for 50 iterations...
2025-11-08 16:09:06.818 | INFO     | src.agent.runner:run:168 - Step 3: Applying best tactic: simp
2025-11-08 16:09:06.882 | SUCCESS  | src.agent.runner:run:193 - Proof finished in 3 steps and 20.23s.
2025-11-08 16:09:24.497 | INFO     | src.agent.runner:run:80 - Starting proof search for: cast_eq_iff_heq
2025-11-08 16:09:24.499 | INFO     | src.agent.runner:run:105 - Step 1: Running MCTS search for 50 iterations...
2025-11-08 16:09:30.993 | INFO     | src.agent.runner:run:168 - Step 1: Applying best tactic: subst_vars
2025-11-08 16:09:31.062 | INFO     | src.agent.runner:run:105 - Step 2: Running MCTS search for 50 iterations...
2025-11-08 16:09:36.205 | INFO     | src.agent.runner:run:168 - Step 2: Applying best tactic: simp [cast_eq_iff_heq]
2025-11-08 16:09:36.270 | SUCCESS  | src.agent.runner:run:193 - Proof finished in 2 steps and 11.77s.
2025-11-08 16:09:53.597 | INFO     | src.agent.runner:run:80 - Starting proof search for: eqRec_eq_cast
2025-11-08 16:09:53.598 | INFO     | src.agent.runner:run:105 - Step 1: Running MCTS search for 50 iterations...
2025-11-08 16:10:07.911 | INFO     | src.agent.runner:run:168 - Step 1: Applying best tactic: cases e
2025-11-08 16:10:07.990 | INFO     | src.agent.runner:run:105 - Step 2: Running MCTS search for 50 iterations...
2025-11-08 16:10:16.422 | INFO     | src.agent.runner:run:168 - Step 2: Applying best tactic: rfl
2025-11-08 16:10:16.486 | SUCCESS  | src.agent.runner:run:193 - Proof finished in 2 steps and 22.89s.
2025-11-08 16:10:34.124 | INFO     | src.agent.runner:run:80 - Starting proof search for: eqRec_heq_self
2025-11-08 16:10:34.125 | INFO     | src.agent.runner:run:105 - Step 1: Running MCTS search for 50 iterations...
2025-11-08 16:10:41.786 | INFO     | src.agent.runner:run:168 - Step 1: Applying best tactic: subst a'
2025-11-08 16:10:41.861 | INFO     | src.agent.runner:run:105 - Step 2: Running MCTS search for 50 iterations...
2025-11-08 16:10:47.068 | INFO     | src.agent.runner:run:168 - Step 2: Applying best tactic: rfl
2025-11-08 16:10:47.131 | SUCCESS  | src.agent.runner:run:193 - Proof finished in 2 steps and 13.01s.
2025-11-08 16:11:04.474 | INFO     | src.agent.runner:run:80 - Starting proof search for: eqRec_heq_iff_heq
2025-11-08 16:11:04.475 | INFO     | src.agent.runner:run:105 - Step 1: Running MCTS search for 50 iterations...
2025-11-08 16:11:12.473 | INFO     | src.agent.runner:run:168 - Step 1: Applying best tactic: cases e <;> rfl
2025-11-08 16:11:12.538 | SUCCESS  | src.agent.runner:run:193 - Proof finished in 1 steps and 8.06s.
2025-11-08 16:11:30.263 | INFO     | src.agent.runner:run:80 - Starting proof search for: heq_eqRec_iff_heq
2025-11-08 16:11:30.264 | INFO     | src.agent.runner:run:105 - Step 1: Running MCTS search for 50 iterations...
2025-11-08 16:11:37.295 | INFO     | src.agent.runner:run:168 - Step 1: Applying best tactic: subst e
2025-11-08 16:11:37.375 | INFO     | src.agent.runner:run:105 - Step 2: Running MCTS search for 50 iterations...
2025-11-08 16:11:43.067 | INFO     | src.agent.runner:run:168 - Step 2: Applying best tactic: exact ‚ü®fun h => h.symm ‚ñ∏ h.symm, fun h => h.symm ‚ñ∏ h.symm ‚ñ∏ h.symm‚ü©
2025-11-08 16:11:43.157 | ERROR    | src.agent.runner:run:197 - Proof failed after 2 steps and 12.89s.
2025-11-08 16:11:43.158 | WARNING  | src.agent.runner:run:201 - Final state: LeanError(error='invalid `‚ñ∏` notation, argument\n  HEq.symm h\nhas type\n  HEq (‚ãØ ‚ñ∏ x) y\nequality expected\ninvalid `‚ñ∏` notation, argument\n  HEq.symm h\nhas type\n  HEq x y\nequality expected')
2025-11-08 16:12:00.642 | INFO     | src.agent.runner:run:80 - Starting proof search for: ne_of_mem_of_not_mem
2025-11-08 16:12:00.643 | INFO     | src.agent.runner:run:105 - Step 1: Running MCTS search for 50 iterations...
2025-11-08 16:12:05.951 | INFO     | src.agent.runner:run:168 - Step 1: Applying best tactic: simpa only [imp_self] using h
2025-11-08 16:12:06.030 | ERROR    | src.agent.runner:run:197 - Proof failed after 1 steps and 5.39s.
2025-11-08 16:12:06.030 | WARNING  | src.agent.runner:run:201 - Final state: LeanError(error='type mismatch\n  h‚úù\nhas type\n  a ‚àà s : Prop\nbut is expected to have type\n  ¬¨b ‚àà s ‚Üí a ‚â† b : Prop')
2025-11-08 16:12:23.460 | INFO     | src.agent.runner:run:80 - Starting proof search for: ne_of_mem_of_not_mem'
2025-11-08 16:12:23.461 | INFO     | src.agent.runner:run:105 - Step 1: Running MCTS search for 50 iterations...
2025-11-08 16:12:28.961 | INFO     | src.agent.runner:run:168 - Step 1: Applying best tactic: simpa only [not_exists, not_and_or] using h
2025-11-08 16:12:29.039 | ERROR    | src.agent.runner:run:197 - Proof failed after 1 steps and 5.58s.
2025-11-08 16:12:29.039 | WARNING  | src.agent.runner:run:201 - Final state: LeanError(error='type mismatch\n  h‚úù\nhas type\n  a ‚àà s : Prop\nbut is expected to have type\n  ¬¨a ‚àà t ‚Üí s ‚â† t : Prop')
2025-11-08 16:12:46.711 | INFO     | src.agent.runner:run:80 - Starting proof search for: not_nonempty_empty
2025-11-08 16:12:46.712 | INFO     | src.agent.runner:run:105 - Step 1: Running MCTS search for 50 iterations...
2025-11-08 16:12:52.107 | INFO     | src.agent.runner:run:168 - Step 1: Applying best tactic: exact not_nonempty_empty
2025-11-08 16:12:52.181 | ERROR    | src.agent.runner:run:197 - Proof failed after 1 steps and 5.47s.
2025-11-08 16:12:52.181 | WARNING  | src.agent.runner:run:201 - Final state: LeanError(error="kernel type check failed: (kernel) declaration has free variables '[anonymous]'")
2025-11-08 16:13:09.597 | INFO     | src.agent.runner:run:80 - Starting proof search for: not_nonempty_pempty
2025-11-08 16:13:09.598 | INFO     | src.agent.runner:run:105 - Step 1: Running MCTS search for 50 iterations...
2025-11-08 16:13:14.685 | INFO     | src.agent.runner:run:168 - Step 1: Applying best tactic: simp
2025-11-08 16:13:14.749 | ERROR    | src.agent.runner:run:197 - Proof failed after 1 steps and 5.15s.
2025-11-08 16:13:14.749 | WARNING  | src.agent.runner:run:201 - Final state: LeanError(error='simp made no progress')
2025-11-08 16:13:32.320 | INFO     | src.agent.runner:run:80 - Starting proof search for: eq_iff_true_of_subsingleton
2025-11-08 16:13:32.321 | INFO     | src.agent.runner:run:105 - Step 1: Running MCTS search for 50 iterations...
2025-11-08 16:13:39.577 | INFO     | src.agent.runner:run:168 - Step 1: Applying best tactic: simp [Subsingleton.elim x y]
2025-11-08 16:13:39.640 | SUCCESS  | src.agent.runner:run:193 - Proof finished in 1 steps and 7.32s.
2025-11-08 16:13:57.328 | INFO     | src.agent.runner:run:80 - Starting proof search for: subsingleton_of_forall_eq
2025-11-08 16:13:57.329 | INFO     | src.agent.runner:run:105 - Step 1: Running MCTS search for 50 iterations...
2025-11-08 16:14:03.943 | INFO     | src.agent.runner:run:168 - Step 1: Applying best tactic: simp [Subsingleton, Subsingleton]
2025-11-08 16:14:04.006 | ERROR    | src.agent.runner:run:197 - Proof failed after 1 steps and 6.68s.
2025-11-08 16:14:04.006 | WARNING  | src.agent.runner:run:201 - Final state: LeanError(error='simp made no progress')
2025-11-08 16:14:21.364 | INFO     | src.agent.runner:run:80 - Starting proof search for: subsingleton_iff_forall_eq
2025-11-08 16:14:21.365 | INFO     | src.agent.runner:run:105 - Step 1: Running MCTS search for 50 iterations...
2025-11-08 16:14:28.272 | INFO     | src.agent.runner:run:168 - Step 1: Applying best tactic: constructor
2025-11-08 16:14:28.355 | INFO     | src.agent.runner:run:105 - Step 2: Running MCTS search for 50 iterations...
2025-11-08 16:14:33.798 | INFO     | src.agent.runner:run:168 - Step 2: Applying best tactic: exacts [Subsingleton.elim, Subsingleton.elim]
2025-11-08 16:14:33.874 | ERROR    | src.agent.runner:run:197 - Proof failed after 2 steps and 12.51s.
2025-11-08 16:14:33.874 | WARNING  | src.agent.runner:run:201 - Final state: LeanError(error='typeclass instance problem is stuck, it is often due to metavariables\n  Subsingleton ?m.4118')
2025-11-08 16:14:51.508 | INFO     | src.agent.runner:run:80 - Starting proof search for: congr_eqRec
2025-11-08 16:14:51.509 | INFO     | src.agent.runner:run:105 - Step 1: Running MCTS search for 50 iterations...
2025-11-08 16:14:59.107 | INFO     | src.agent.runner:run:168 - Step 1: Applying best tactic: subst x'
2025-11-08 16:14:59.185 | INFO     | src.agent.runner:run:105 - Step 2: Running MCTS search for 50 iterations...
2025-11-08 16:15:04.715 | INFO     | src.agent.runner:run:168 - Step 2: Applying best tactic: simp only [eq_iff_true_of_subsingleton, eq_self_iff_true]
2025-11-08 16:15:04.779 | SUCCESS  | src.agent.runner:run:193 - Proof finished in 2 steps and 13.27s.
Traceback (most recent call last):
  File "/home/gkoopman/.conda/envs/lean-reinforcement/lib/python3.10/site-packages/lean_dojo/interaction/dojo.py", line 502, in _read_next_line
    index = self.proc.expect(["\n", f"{_REPL_PROMPT}.*?\n"])
  File "/home/gkoopman/.conda/envs/lean-reinforcement/lib/python3.10/site-packages/pexpect/spawnbase.py", line 354, in expect
    return self.expect_list(compiled_pattern_list,
  File "/home/gkoopman/.conda/envs/lean-reinforcement/lib/python3.10/site-packages/pexpect/spawnbase.py", line 383, in expect_list
    return exp.expect_loop(timeout)
  File "/home/gkoopman/.conda/envs/lean-reinforcement/lib/python3.10/site-packages/pexpect/expect.py", line 179, in expect_loop
    return self.eof(e)
  File "/home/gkoopman/.conda/envs/lean-reinforcement/lib/python3.10/site-packages/pexpect/expect.py", line 122, in eof
    raise exc
pexpect.exceptions.EOF: End Of File (EOF). Exception style platform.
<pexpect.pty_spawn.spawn object at 0x1474b61de380>
command: /home/gkoopman/.elan/bin/lake
args: [b'/home/gkoopman/.elan/bin/lake', b'env', b'lean', b'--threads=1', b'--memory=32768', b'.lake/packages/batteries/Batteries/Util/ProofWantedlcly29pt.lean']
buffer (last 100 chars): ''
before (last 100 chars): ''
after: <class 'pexpect.exceptions.EOF'>
match: None
match_index: None
exitstatus: 1
flag_eof: True
pid: 1259602
child_fd: 77
closed: False
timeout: 600
delimiter: <class 'pexpect.exceptions.EOF'>
logfile: None
logfile_read: None
logfile_send: None
maxread: 1
ignorecase: False
searchwindowsize: None
delaybeforesend: 0.05
delayafterclose: 0.1
delayafterterminate: 0.1
searcher: searcher_re:
    0: re.compile('\n')
    1: re.compile('REPL>.*?\n')

During handling of the above exception, another exception occurred:

Traceback (most recent call last):
  File "/home/gkoopman/.conda/envs/lean-reinforcement/lib/python3.10/site-packages/lean_dojo/interaction/dojo.py", line 272, in __enter__
    res = json.loads(self._read_next_line()[0])
  File "/home/gkoopman/.conda/envs/lean-reinforcement/lib/python3.10/site-packages/lean_dojo/interaction/dojo.py", line 513, in _read_next_line
    raise EOFError
EOFError

During handling of the above exception, another exception occurred:

Traceback (most recent call last):
  File "/home/gkoopman/.conda/envs/lean-reinforcement/lib/python3.10/runpy.py", line 196, in _run_module_as_main
    return _run_code(code, main_globals, None,
  File "/home/gkoopman/.conda/envs/lean-reinforcement/lib/python3.10/runpy.py", line 86, in _run_code
    exec(code, run_globals)
  File "/gpfs/home1/gkoopman/lean_reinforcement/src/training/train.py", line 489, in <module>
    main(args)
  File "/gpfs/home1/gkoopman/lean_reinforcement/src/training/train.py", line 311, in main
    env = LeanDojoEnv(corpus, theorem, theorem_pos)
  File "/gpfs/home1/gkoopman/lean_reinforcement/src/utilities/gym.py", line 34, in __init__
    self.reset()
  File "/gpfs/home1/gkoopman/lean_reinforcement/src/utilities/gym.py", line 43, in reset
    self.dojo_instance, self.initial_state = self.dojo.__enter__()
  File "/home/gkoopman/.conda/envs/lean-reinforcement/lib/python3.10/site-packages/lean_dojo/interaction/dojo.py", line 279, in __enter__
    raise DojoInitError("Unexpected EOF")
lean_dojo.interaction.dojo.DojoInitError: Unexpected EOF
Traceback (most recent call last):
  File "/home/gkoopman/.conda/envs/lean-reinforcement/lib/python3.10/site-packages/lean_dojo/interaction/dojo.py", line 502, in _read_next_line
    index = self.proc.expect(["\n", f"{_REPL_PROMPT}.*?\n"])
  File "/home/gkoopman/.conda/envs/lean-reinforcement/lib/python3.10/site-packages/pexpect/spawnbase.py", line 354, in expect
    return self.expect_list(compiled_pattern_list,
  File "/home/gkoopman/.conda/envs/lean-reinforcement/lib/python3.10/site-packages/pexpect/spawnbase.py", line 383, in expect_list
    return exp.expect_loop(timeout)
  File "/home/gkoopman/.conda/envs/lean-reinforcement/lib/python3.10/site-packages/pexpect/expect.py", line 179, in expect_loop
    return self.eof(e)
  File "/home/gkoopman/.conda/envs/lean-reinforcement/lib/python3.10/site-packages/pexpect/expect.py", line 122, in eof
    raise exc
pexpect.exceptions.EOF: End Of File (EOF). Exception style platform.
<pexpect.pty_spawn.spawn object at 0x1474b61de380>
command: /home/gkoopman/.elan/bin/lake
args: [b'/home/gkoopman/.elan/bin/lake', b'env', b'lean', b'--threads=1', b'--memory=32768', b'.lake/packages/batteries/Batteries/Util/ProofWantedlcly29pt.lean']
buffer (last 100 chars): ''
before (last 100 chars): ''
after: <class 'pexpect.exceptions.EOF'>
match: None
match_index: None
exitstatus: 1
flag_eof: True
pid: 1259602
child_fd: 77
closed: False
timeout: 600
delimiter: <class 'pexpect.exceptions.EOF'>
logfile: None
logfile_read: None
logfile_send: None
maxread: 1
ignorecase: False
searchwindowsize: None
delaybeforesend: 0.05
delayafterclose: 0.1
delayafterterminate: 0.1
searcher: searcher_re:
    0: re.compile('\n')
    1: re.compile('REPL>.*?\n')

During handling of the above exception, another exception occurred:

Traceback (most recent call last):
  File "/home/gkoopman/.conda/envs/lean-reinforcement/lib/python3.10/site-packages/lean_dojo/interaction/dojo.py", line 272, in __enter__
    res = json.loads(self._read_next_line()[0])
  File "/home/gkoopman/.conda/envs/lean-reinforcement/lib/python3.10/site-packages/lean_dojo/interaction/dojo.py", line 513, in _read_next_line
    raise EOFError
EOFError

During handling of the above exception, another exception occurred:

Traceback (most recent call last):
  File "/home/gkoopman/.conda/envs/lean-reinforcement/lib/python3.10/runpy.py", line 196, in _run_module_as_main
    return _run_code(code, main_globals, None,
  File "/home/gkoopman/.conda/envs/lean-reinforcement/lib/python3.10/runpy.py", line 86, in _run_code
    exec(code, run_globals)
  File "/gpfs/home1/gkoopman/lean_reinforcement/src/training/train.py", line 489, in <module>
    main(args)
  File "/gpfs/home1/gkoopman/lean_reinforcement/src/training/train.py", line 311, in main
    env = LeanDojoEnv(corpus, theorem, theorem_pos)
  File "/gpfs/home1/gkoopman/lean_reinforcement/src/utilities/gym.py", line 34, in __init__
    self.reset()
  File "/gpfs/home1/gkoopman/lean_reinforcement/src/utilities/gym.py", line 43, in reset
    self.dojo_instance, self.initial_state = self.dojo.__enter__()
  File "/home/gkoopman/.conda/envs/lean-reinforcement/lib/python3.10/site-packages/lean_dojo/interaction/dojo.py", line 279, in __enter__
    raise DojoInitError("Unexpected EOF")
lean_dojo.interaction.dojo.DojoInitError: Unexpected EOF
[1;34mwandb[0m: 
[1;34mwandb[0m: üöÄ View run [33mfast-bird-3[0m at: [34mhttps://wandb.ai/gerbennkoopman-university-of-amsterdam/lean-reinforcement/runs/ytokqr74[0m
[1;34mwandb[0m: Find logs at: [1;35m../../../gpfs/home1/gkoopman/lean_reinforcement/wandb/run-20251108_154717-ytokqr74/logs[0m
srun: error: gcn23: task 0: Exited with exit code 1
srun: Terminating StepId=15836524.0
