============================================================================================== 
Warning! Mixing Conda and module environments may lead to corruption of the
user environment. 
We do not recommend users mixing those two environments unless absolutely
necessary. Note that 
SURF does not provide any support for Conda environment.
For more information, please refer to our software policy page:
https://servicedesk.surf.nl/wiki/display/WIKI/Software+policy+Snellius#SoftwarepolicySnellius-UseofAnacondaandMinicondaenvironmentsonSnellius 

Remember that many packages have already been installed on the system and can
be loaded using 
the 'module load <package__name>' command. If you are uncertain if a package is
already available 
on the system, please use 'module avail' or 'module spider' to search for it.
============================================================================================== 
Starting training run with distributed environment...
wandb: Currently logged in as: gerbennkoopman to https://api.wandb.ai. Use `wandb login --relogin` to force relogin
wandb: setting up run gklkow1h
wandb: Tracking run with wandb version 0.22.3
wandb: Run data is saved locally in /gpfs/home1/gkoopman/lean_reinforcement/wandb/run-20251111_134638-gklkow1h
wandb: Run `wandb offline` to turn off syncing.
wandb: Syncing run misunderstood-grass-7
wandb: ‚≠êÔ∏è View project at https://wandb.ai/gerbennkoopman-university-of-amsterdam/lean-reinforcement
wandb: üöÄ View run at https://wandb.ai/gerbennkoopman-university-of-amsterdam/lean-reinforcement/runs/gklkow1h
2025-11-11 13:46:39.648 | INFO     | __main__:main:269 - Using checkpoint directory: /gpfs/scratch1/shared/lean-reinforcement/checkpoints
2025-11-11 13:46:42.489 | INFO     | __main__:log_gpu_memory:253 - After model initialization - GPU Memory: 1.12GB allocated, 1.23GB reserved
2025-11-11 13:46:42.489 | INFO     | __main__:main:287 - Loading data from 'leandojo_benchmark_4/novel_premises'
2025-11-11 13:46:42.490 | INFO     | ReProver.common:__init__:201 - Building the corpus from leandojo_benchmark_4/corpus.jsonl
2025-11-11 13:47:28.056 | INFO     | lean_dojo.data_extraction.trace:trace:248 - Loading the traced repo from /gpfs/scratch1/shared/lean-reinforcement/datasets/lean_dojo_cache/leanprover-community-mathlib4-29dcec074de168ac2bf835a77ef68bbe069194c5/mathlib4
2025-11-11 13:48:20,928	INFO worker.py:2003 -- Started a local Ray instance. View the dashboard at [1m[32m127.0.0.1:8265 [39m[22m
/home/gkoopman/.conda/envs/lean-reinforcement/lib/python3.10/site-packages/ray/_private/worker.py:2051: FutureWarning: Tip: In future versions of Ray, Ray will no longer override accelerator visible devices env var if num_gpus=0 or num_gpus=None (default). To enable this behavior and turn off this error message, set RAY_ACCEL_ENV_VAR_OVERRIDE_ON_ZERO=0
  warnings.warn(
  0%|          | 0/5674 [00:00<?, ?it/s]  0%|          | 1/5674 [00:01<2:36:50,  1.66s/it]  0%|          | 7/5674 [00:06<1:20:40,  1.17it/s]  0%|          | 11/5674 [00:06<44:40,  2.11it/s]   0%|          | 16/5674 [00:06<25:27,  3.70it/s]  0%|          | 19/5674 [00:06<19:17,  4.88it/s]  0%|          | 22/5674 [00:06<14:57,  6.30it/s]  1%|          | 29/5674 [00:06<08:24, 11.19it/s]  1%|          | 37/5674 [00:06<05:13, 17.97it/s]  1%|          | 42/5674 [00:11<29:53,  3.14it/s]  1%|          | 48/5674 [00:11<20:38,  4.54it/s]  1%|          | 53/5674 [00:12<15:42,  5.96it/s]  1%|          | 57/5674 [00:12<12:34,  7.44it/s]  1%|          | 61/5674 [00:12<10:03,  9.30it/s]  1%|          | 65/5674 [00:12<08:25, 11.10it/s]  1%|          | 69/5674 [00:17<40:48,  2.29it/s]  1%|‚ñè         | 72/5674 [00:18<32:37,  2.86it/s]  1%|‚ñè         | 80/5674 [00:18<18:17,  5.09it/s]  1%|‚ñè         | 85/5674 [00:18<13:29,  6.91it/s]  2%|‚ñè         | 90/5674 [00:18<10:07,  9.19it/s]  2%|‚ñè         | 94/5674 [00:18<08:16, 11.24it/s]  2%|‚ñè         | 98/5674 [00:24<42:13,  2.20it/s]  2%|‚ñè         | 101/5674 [00:24<34:11,  2.72it/s]  2%|‚ñè         | 104/5674 [00:24<27:17,  3.40it/s]  2%|‚ñè         | 107/5674 [00:24<21:06,  4.40it/s]  2%|‚ñè         | 110/5674 [00:25<16:48,  5.52it/s]  2%|‚ñè         | 113/5674 [00:25<13:41,  6.77it/s]  2%|‚ñè         | 117/5674 [00:25<10:52,  8.52it/s]  2%|‚ñè         | 120/5674 [00:31<1:02:00,  1.49it/s]  2%|‚ñè         | 126/5674 [00:32<35:54,  2.57it/s]    2%|‚ñè         | 129/5674 [00:32<28:10,  3.28it/s]  2%|‚ñè         | 132/5674 [00:32<22:02,  4.19it/s]  2%|‚ñè         | 135/5674 [00:32<18:06,  5.10it/s]  2%|‚ñè         | 138/5674 [00:32<14:08,  6.53it/s]  2%|‚ñè         | 141/5674 [00:32<11:21,  8.12it/s]  3%|‚ñé         | 144/5674 [00:32<09:03, 10.17it/s]  3%|‚ñé         | 148/5674 [00:33<07:52, 11.69it/s]  3%|‚ñé         | 153/5674 [00:33<05:39, 16.25it/s]  3%|‚ñé         | 158/5674 [00:40<52:50,  1.74it/s]  3%|‚ñé         | 165/5674 [00:40<31:34,  2.91it/s]  3%|‚ñé         | 168/5674 [00:41<25:47,  3.56it/s]  3%|‚ñé         | 173/5674 [00:41<18:15,  5.02it/s]  3%|‚ñé         | 177/5674 [00:41<14:15,  6.43it/s]  3%|‚ñé         | 185/5674 [00:41<09:10,  9.97it/s]  3%|‚ñé         | 191/5674 [00:41<07:00, 13.03it/s]  3%|‚ñé         | 198/5674 [00:41<05:05, 17.90it/s]  4%|‚ñé         | 203/5674 [00:41<04:18, 21.20it/s]  4%|‚ñé         | 208/5674 [00:42<04:02, 22.55it/s]  4%|‚ñç         | 214/5674 [00:42<03:23, 26.84it/s]  4%|‚ñç         | 224/5674 [00:42<02:22, 38.32it/s]  4%|‚ñç         | 235/5674 [00:42<01:45, 51.40it/s]  4%|‚ñç         | 242/5674 [00:51<32:55,  2.75it/s]  4%|‚ñç         | 247/5674 [00:51<26:45,  3.38it/s]  4%|‚ñç         | 255/5674 [00:52<18:45,  4.81it/s]  5%|‚ñç         | 261/5674 [00:52<14:34,  6.19it/s]  5%|‚ñç         | 265/5674 [00:52<12:07,  7.44it/s]  5%|‚ñç         | 269/5674 [00:52<10:15,  8.78it/s]  5%|‚ñç         | 275/5674 [00:52<07:41, 11.70it/s]  5%|‚ñç         | 283/5674 [00:52<05:23, 16.67it/s]  5%|‚ñå         | 292/5674 [00:52<03:43, 24.07it/s]  5%|‚ñå         | 298/5674 [00:53<03:29, 25.66it/s]  5%|‚ñå         | 304/5674 [00:53<02:56, 30.41it/s]  5%|‚ñå         | 310/5674 [00:53<02:59, 29.90it/s]  5%|‚ñå         | 310/5674 [01:03<02:59, 29.90it/s]  6%|‚ñå         | 317/5674 [01:03<44:06,  2.02it/s]  6%|‚ñå         | 324/5674 [01:03<30:53,  2.89it/s]  6%|‚ñå         | 329/5674 [01:04<24:00,  3.71it/s]  6%|‚ñå         | 334/5674 [01:04<18:25,  4.83it/s]  6%|‚ñå         | 339/5674 [01:04<14:02,  6.33it/s]  6%|‚ñå         | 347/5674 [01:04<09:10,  9.67it/s]  6%|‚ñå         | 353/5674 [01:04<06:56, 12.78it/s]  6%|‚ñã         | 363/5674 [01:04<04:31, 19.55it/s]  7%|‚ñã         | 372/5674 [01:04<03:19, 26.56it/s]  7%|‚ñã         | 379/5674 [01:04<02:47, 31.56it/s]  7%|‚ñã         | 389/5674 [01:04<02:06, 41.82it/s]  7%|‚ñã         | 399/5674 [01:05<01:48, 48.44it/s]  7%|‚ñã         | 413/5674 [01:05<01:24, 61.91it/s]  8%|‚ñä         | 431/5674 [01:05<01:01, 85.33it/s]  8%|‚ñä         | 456/5674 [01:05<00:43, 120.37it/s]  8%|‚ñä         | 471/5674 [01:05<00:45, 115.09it/s]  9%|‚ñä         | 485/5674 [01:05<01:00, 86.48it/s]   9%|‚ñä         | 496/5674 [01:06<01:18, 65.94it/s]  9%|‚ñä         | 496/5674 [01:18<01:18, 65.94it/s]  9%|‚ñâ         | 502/5674 [01:18<28:15,  3.05it/s]  9%|‚ñâ         | 507/5674 [01:18<24:07,  3.57it/s]  9%|‚ñâ         | 515/5674 [01:18<18:19,  4.69it/s]  9%|‚ñâ         | 522/5674 [01:18<14:19,  5.99it/s]  9%|‚ñâ         | 530/5674 [01:18<10:31,  8.14it/s]  9%|‚ñâ         | 537/5674 [01:19<08:09, 10.49it/s] 10%|‚ñâ         | 543/5674 [01:19<06:35, 12.98it/s] 10%|‚ñâ         | 553/5674 [01:19<04:28, 19.08it/s] 10%|‚ñâ         | 560/5674 [01:19<03:47, 22.48it/s] 10%|‚ñà         | 568/5674 [01:19<03:00, 28.24it/s] 10%|‚ñà         | 575/5674 [01:19<02:40, 31.76it/s] 10%|‚ñà         | 584/5674 [01:19<02:06, 40.31it/s] 10%|‚ñà         | 591/5674 [01:19<01:54, 44.46it/s] 11%|‚ñà         | 598/5674 [01:20<01:56, 43.50it/s] 11%|‚ñà         | 604/5674 [01:20<02:12, 38.21it/s] 11%|‚ñà         | 611/5674 [01:20<01:54, 44.13it/s] 11%|‚ñà         | 618/5674 [01:20<01:51, 45.27it/s] 11%|‚ñà         | 624/5674 [01:20<02:10, 38.84it/s] 11%|‚ñà         | 637/5674 [01:20<01:29, 56.40it/s] 11%|‚ñà‚ñè        | 645/5674 [01:21<01:22, 61.02it/s] 12%|‚ñà‚ñè        | 653/5674 [01:21<01:34, 53.16it/s] 12%|‚ñà‚ñè        | 663/5674 [01:21<01:20, 62.44it/s] 12%|‚ñà‚ñè        | 663/5674 [01:35<01:20, 62.44it/s] 12%|‚ñà‚ñè        | 666/5674 [01:35<49:46,  1.68it/s] 12%|‚ñà‚ñè        | 671/5674 [01:35<38:53,  2.14it/s] 12%|‚ñà‚ñè        | 679/5674 [01:35<25:42,  3.24it/s] 12%|‚ñà‚ñè        | 688/5674 [01:35<16:48,  4.95it/s] 12%|‚ñà‚ñè        | 696/5674 [01:35<11:57,  6.94it/s] 12%|‚ñà‚ñè        | 703/5674 [01:35<08:57,  9.24it/s] 13%|‚ñà‚ñé        | 712/5674 [01:35<06:17, 13.16it/s] 13%|‚ñà‚ñé        | 719/5674 [01:35<04:54, 16.85it/s] 13%|‚ñà‚ñé        | 726/5674 [01:36<04:05, 20.17it/s] 13%|‚ñà‚ñé        | 732/5674 [01:36<03:40, 22.40it/s] 13%|‚ñà‚ñé        | 738/5674 [01:36<03:12, 25.62it/s] 13%|‚ñà‚ñé        | 743/5674 [01:36<02:51, 28.83it/s] 13%|‚ñà‚ñé        | 748/5674 [01:36<02:39, 30.92it/s] 13%|‚ñà‚ñé        | 753/5674 [01:36<02:45, 29.75it/s] 13%|‚ñà‚ñé        | 758/5674 [01:36<02:30, 32.71it/s] 13%|‚ñà‚ñé        | 763/5674 [01:37<02:25, 33.70it/s] 14%|‚ñà‚ñé        | 767/5674 [01:37<02:47, 29.33it/s] 14%|‚ñà‚ñé        | 771/5674 [01:37<02:38, 31.02it/s] 14%|‚ñà‚ñç        | 782/5674 [01:37<01:41, 48.34it/s] 14%|‚ñà‚ñç        | 788/5674 [01:37<01:44, 46.58it/s] 14%|‚ñà‚ñç        | 794/5674 [01:37<01:49, 44.65it/s] 14%|‚ñà‚ñç        | 800/5674 [01:37<01:41, 47.85it/s] 14%|‚ñà‚ñç        | 806/5674 [01:38<01:54, 42.69it/s] 14%|‚ñà‚ñç        | 812/5674 [01:38<01:49, 44.48it/s] 14%|‚ñà‚ñç        | 817/5674 [01:38<02:01, 39.88it/s] 14%|‚ñà‚ñç        | 822/5674 [01:38<02:03, 39.43it/s] 15%|‚ñà‚ñç        | 827/5674 [01:38<02:00, 40.12it/s] 15%|‚ñà‚ñç        | 827/5674 [01:55<02:00, 40.12it/s] 15%|‚ñà‚ñç        | 832/5674 [01:55<1:19:19,  1.02it/s] 15%|‚ñà‚ñç        | 837/5674 [01:55<56:49,  1.42it/s]   15%|‚ñà‚ñç        | 842/5674 [01:55<41:09,  1.96it/s] 15%|‚ñà‚ñç        | 846/5674 [01:55<31:31,  2.55it/s] 15%|‚ñà‚ñå        | 852/5674 [01:56<20:58,  3.83it/s] 15%|‚ñà‚ñå        | 857/5674 [01:56<15:32,  5.16it/s] 15%|‚ñà‚ñå        | 861/5674 [01:56<12:14,  6.55it/s] 15%|‚ñà‚ñå        | 867/5674 [01:56<08:29,  9.44it/s] 15%|‚ñà‚ñå        | 875/5674 [01:56<05:33, 14.38it/s] 16%|‚ñà‚ñå        | 880/5674 [01:56<04:45, 16.76it/s] 16%|‚ñà‚ñå        | 885/5674 [01:56<04:07, 19.32it/s] 16%|‚ñà‚ñå        | 890/5674 [01:57<03:32, 22.46it/s] 16%|‚ñà‚ñå        | 896/5674 [01:57<02:52, 27.71it/s] 16%|‚ñà‚ñå        | 901/5674 [01:57<02:44, 29.01it/s] 16%|‚ñà‚ñå        | 909/5674 [01:57<02:08, 37.04it/s] 16%|‚ñà‚ñå        | 915/5674 [01:57<02:01, 39.09it/s] 16%|‚ñà‚ñå        | 921/5674 [01:57<01:50, 42.83it/s] 16%|‚ñà‚ñã        | 931/5674 [01:57<01:26, 55.13it/s] 17%|‚ñà‚ñã        | 938/5674 [01:58<01:45, 45.08it/s] 17%|‚ñà‚ñã        | 944/5674 [01:58<01:42, 45.99it/s] 17%|‚ñà‚ñã        | 950/5674 [01:58<01:43, 45.56it/s] 17%|‚ñà‚ñã        | 955/5674 [01:58<01:47, 43.75it/s] 17%|‚ñà‚ñã        | 961/5674 [01:58<01:41, 46.40it/s] 17%|‚ñà‚ñã        | 968/5674 [01:58<01:42, 45.77it/s] 17%|‚ñà‚ñã        | 973/5674 [01:58<01:48, 43.29it/s] 17%|‚ñà‚ñã        | 978/5674 [01:58<01:55, 40.60it/s] 17%|‚ñà‚ñã        | 983/5674 [01:59<01:49, 42.71it/s] 17%|‚ñà‚ñã        | 989/5674 [01:59<01:53, 41.32it/s] 18%|‚ñà‚ñä        | 994/5674 [01:59<01:51, 42.02it/s] 18%|‚ñà‚ñä        | 999/5674 [01:59<01:50, 42.22it/s] 18%|‚ñà‚ñä        | 1004/5674 [01:59<02:48, 27.67it/s] 18%|‚ñà‚ñä        | 1011/5674 [01:59<02:16, 34.13it/s] 18%|‚ñà‚ñä        | 1016/5674 [02:00<02:18, 33.65it/s] 18%|‚ñà‚ñä        | 1020/5674 [02:00<02:14, 34.65it/s] 18%|‚ñà‚ñä        | 1020/5674 [02:20<02:14, 34.65it/s] 18%|‚ñà‚ñä        | 1021/5674 [02:20<2:06:04,  1.63s/it] 18%|‚ñà‚ñä        | 1024/5674 [02:20<1:35:49,  1.24s/it] 18%|‚ñà‚ñä        | 1028/5674 [02:21<1:06:10,  1.17it/s] 18%|‚ñà‚ñä        | 1036/5674 [02:21<34:50,  2.22it/s]   18%|‚ñà‚ñä        | 1041/5674 [02:21<24:52,  3.10it/s] 18%|‚ñà‚ñä        | 1046/5674 [02:21<17:56,  4.30it/s] 19%|‚ñà‚ñä        | 1052/5674 [02:21<12:18,  6.26it/s] 19%|‚ñà‚ñä        | 1058/5674 [02:21<08:49,  8.72it/s] 19%|‚ñà‚ñâ        | 1070/5674 [02:21<04:52, 15.76it/s] 19%|‚ñà‚ñâ        | 1077/5674 [02:21<03:52, 19.73it/s] 19%|‚ñà‚ñâ        | 1084/5674 [02:22<03:25, 22.35it/s] 19%|‚ñà‚ñâ        | 1090/5674 [02:22<02:52, 26.59it/s] 19%|‚ñà‚ñâ        | 1096/5674 [02:22<02:45, 27.59it/s] 19%|‚ñà‚ñâ        | 1101/5674 [02:22<02:31, 30.20it/s] 19%|‚ñà‚ñâ        | 1106/5674 [02:22<02:41, 28.25it/s] 20%|‚ñà‚ñâ        | 1110/5674 [02:22<02:33, 29.82it/s] 20%|‚ñà‚ñâ        | 1117/5674 [02:22<02:02, 37.23it/s] 20%|‚ñà‚ñâ        | 1126/5674 [02:23<01:35, 47.87it/s] 20%|‚ñà‚ñâ        | 1133/5674 [02:23<01:27, 51.79it/s] 20%|‚ñà‚ñà        | 1142/5674 [02:23<01:21, 55.34it/s] 20%|‚ñà‚ñà        | 1153/5674 [02:23<01:07, 66.52it/s] 20%|‚ñà‚ñà        | 1163/5674 [02:23<01:00, 74.71it/s] 21%|‚ñà‚ñà        | 1176/5674 [02:23<00:52, 85.67it/s] 21%|‚ñà‚ñà        | 1191/5674 [02:23<00:45, 98.79it/s] 21%|‚ñà‚ñà‚ñè       | 1207/5674 [02:23<00:39, 112.88it/s] 22%|‚ñà‚ñà‚ñè       | 1223/5674 [02:23<00:38, 116.07it/s] 22%|‚ñà‚ñà‚ñè       | 1240/5674 [02:24<00:36, 122.71it/s] 22%|‚ñà‚ñà‚ñè       | 1253/5674 [02:24<00:37, 117.39it/s] 22%|‚ñà‚ñà‚ñè       | 1269/5674 [02:24<00:34, 128.02it/s] 23%|‚ñà‚ñà‚ñé       | 1283/5674 [02:24<00:35, 122.87it/s] 23%|‚ñà‚ñà‚ñé       | 1296/5674 [02:24<00:35, 123.33it/s] 23%|‚ñà‚ñà‚ñé       | 1314/5674 [02:24<00:31, 138.41it/s] 23%|‚ñà‚ñà‚ñé       | 1329/5674 [02:24<00:33, 131.03it/s] 24%|‚ñà‚ñà‚ñé       | 1343/5674 [02:24<00:40, 106.30it/s] 24%|‚ñà‚ñà‚ñç       | 1355/5674 [02:25<00:40, 107.49it/s] 24%|‚ñà‚ñà‚ñç       | 1367/5674 [02:25<00:44, 96.52it/s]  24%|‚ñà‚ñà‚ñç       | 1378/5674 [02:25<01:01, 69.32it/s] 24%|‚ñà‚ñà‚ñç       | 1387/5674 [02:25<01:07, 63.35it/s] 25%|‚ñà‚ñà‚ñç       | 1395/5674 [02:25<01:16, 56.05it/s] 25%|‚ñà‚ñà‚ñç       | 1402/5674 [02:26<01:26, 49.22it/s] 25%|‚ñà‚ñà‚ñç       | 1402/5674 [02:50<01:26, 49.22it/s] 25%|‚ñà‚ñà‚ñç       | 1403/5674 [02:50<1:15:41,  1.06s/it] 25%|‚ñà‚ñà‚ñç       | 1409/5674 [02:50<55:33,  1.28it/s]   25%|‚ñà‚ñà‚ñç       | 1415/5674 [02:50<40:24,  1.76it/s] 25%|‚ñà‚ñà‚ñå       | 1420/5674 [02:50<30:42,  2.31it/s] 25%|‚ñà‚ñà‚ñå       | 1427/5674 [02:50<20:48,  3.40it/s] 25%|‚ñà‚ñà‚ñå       | 1433/5674 [02:50<15:30,  4.56it/s] 25%|‚ñà‚ñà‚ñå       | 1438/5674 [02:51<12:01,  5.87it/s] 25%|‚ñà‚ñà‚ñå       | 1443/5674 [02:51<09:16,  7.60it/s] 26%|‚ñà‚ñà‚ñå       | 1452/5674 [02:51<05:47, 12.14it/s] 26%|‚ñà‚ñà‚ñå       | 1462/5674 [02:51<03:59, 17.57it/s] 26%|‚ñà‚ñà‚ñå       | 1469/5674 [02:51<03:08, 22.27it/s] 26%|‚ñà‚ñà‚ñå       | 1476/5674 [02:51<02:52, 24.37it/s] 26%|‚ñà‚ñà‚ñå       | 1482/5674 [02:52<02:56, 23.69it/s] 26%|‚ñà‚ñà‚ñå       | 1488/5674 [02:52<02:35, 26.98it/s] 26%|‚ñà‚ñà‚ñã       | 1496/5674 [02:52<02:04, 33.64it/s] 26%|‚ñà‚ñà‚ñã       | 1501/5674 [02:52<01:56, 35.93it/s] 27%|‚ñà‚ñà‚ñã       | 1506/5674 [02:52<01:56, 35.71it/s] 27%|‚ñà‚ñà‚ñã       | 1512/5674 [02:52<01:43, 40.26it/s] 27%|‚ñà‚ñà‚ñã       | 1519/5674 [02:52<01:39, 41.68it/s] 27%|‚ñà‚ñà‚ñã       | 1524/5674 [02:52<01:46, 38.92it/s] 27%|‚ñà‚ñà‚ñã       | 1530/5674 [02:53<01:39, 41.60it/s] 27%|‚ñà‚ñà‚ñã       | 1535/5674 [02:53<01:52, 36.88it/s] 27%|‚ñà‚ñà‚ñã       | 1540/5674 [02:53<01:45, 39.11it/s] 27%|‚ñà‚ñà‚ñã       | 1545/5674 [02:53<02:00, 34.35it/s] 27%|‚ñà‚ñà‚ñã       | 1549/5674 [02:53<01:57, 35.01it/s] 27%|‚ñà‚ñà‚ñã       | 1555/5674 [02:53<01:42, 40.30it/s] 27%|‚ñà‚ñà‚ñã       | 1560/5674 [02:53<01:46, 38.64it/s] 28%|‚ñà‚ñà‚ñä       | 1565/5674 [02:54<01:48, 37.96it/s] 28%|‚ñà‚ñà‚ñä       | 1573/5674 [02:54<01:38, 41.52it/s] 28%|‚ñà‚ñà‚ñä       | 1578/5674 [02:54<01:48, 37.82it/s] 28%|‚ñà‚ñà‚ñä       | 1582/5674 [02:54<02:15, 30.27it/s] 28%|‚ñà‚ñà‚ñä       | 1586/5674 [02:54<02:27, 27.68it/s] 28%|‚ñà‚ñà‚ñä       | 1589/5674 [02:55<03:21, 20.23it/s] 28%|‚ñà‚ñà‚ñä       | 1593/5674 [02:55<03:00, 22.64it/s] 28%|‚ñà‚ñà‚ñä       | 1596/5674 [02:55<03:00, 22.65it/s] 28%|‚ñà‚ñà‚ñä       | 1604/5674 [02:55<02:09, 31.38it/s] 28%|‚ñà‚ñà‚ñä       | 1608/5674 [02:55<02:07, 31.92it/s] 28%|‚ñà‚ñà‚ñä       | 1612/5674 [02:55<02:06, 32.12it/s] 28%|‚ñà‚ñà‚ñä       | 1617/5674 [02:55<02:01, 33.40it/s] 29%|‚ñà‚ñà‚ñä       | 1623/5674 [02:56<01:49, 36.89it/s] 29%|‚ñà‚ñà‚ñä       | 1628/5674 [02:56<01:42, 39.36it/s] 29%|‚ñà‚ñà‚ñâ       | 1633/5674 [02:56<01:46, 38.01it/s] 29%|‚ñà‚ñà‚ñâ       | 1637/5674 [02:56<01:56, 34.68it/s] 29%|‚ñà‚ñà‚ñâ       | 1641/5674 [02:56<02:05, 32.18it/s] 29%|‚ñà‚ñà‚ñâ       | 1645/5674 [02:56<02:14, 29.87it/s] 29%|‚ñà‚ñà‚ñâ       | 1645/5674 [03:26<02:14, 29.87it/s] 29%|‚ñà‚ñà‚ñâ       | 1647/5674 [03:26<2:47:50,  2.50s/it] 29%|‚ñà‚ñà‚ñâ       | 1649/5674 [03:26<2:16:31,  2.04s/it] 29%|‚ñà‚ñà‚ñâ       | 1654/5674 [03:27<1:21:49,  1.22s/it] 29%|‚ñà‚ñà‚ñâ       | 1659/5674 [03:27<52:20,  1.28it/s]   29%|‚ñà‚ñà‚ñâ       | 1668/5674 [03:27<27:15,  2.45it/s] 30%|‚ñà‚ñà‚ñâ       | 1674/5674 [03:27<19:09,  3.48it/s] 30%|‚ñà‚ñà‚ñâ       | 1681/5674 [03:27<12:55,  5.15it/s] 30%|‚ñà‚ñà‚ñâ       | 1689/5674 [03:27<08:35,  7.73it/s] 30%|‚ñà‚ñà‚ñâ       | 1695/5674 [03:27<06:33, 10.10it/s] 30%|‚ñà‚ñà‚ñà       | 1703/5674 [03:27<04:41, 14.13it/s] 30%|‚ñà‚ñà‚ñà       | 1709/5674 [03:28<03:49, 17.27it/s] 30%|‚ñà‚ñà‚ñà       | 1715/5674 [03:28<03:11, 20.69it/s] 30%|‚ñà‚ñà‚ñà       | 1722/5674 [03:28<02:33, 25.67it/s] 30%|‚ñà‚ñà‚ñà       | 1729/5674 [03:28<02:03, 31.83it/s] 31%|‚ñà‚ñà‚ñà       | 1735/5674 [03:28<02:07, 30.97it/s] 31%|‚ñà‚ñà‚ñà       | 1743/5674 [03:28<01:42, 38.49it/s] 31%|‚ñà‚ñà‚ñà       | 1753/5674 [03:28<01:18, 49.99it/s] 31%|‚ñà‚ñà‚ñà       | 1760/5674 [03:29<01:45, 37.27it/s] 31%|‚ñà‚ñà‚ñà       | 1772/5674 [03:29<01:16, 51.16it/s] 31%|‚ñà‚ñà‚ñà‚ñè      | 1781/5674 [03:29<01:06, 58.70it/s] 32%|‚ñà‚ñà‚ñà‚ñè      | 1789/5674 [03:29<01:10, 55.20it/s] 32%|‚ñà‚ñà‚ñà‚ñè      | 1798/5674 [03:29<01:03, 61.07it/s] 32%|‚ñà‚ñà‚ñà‚ñè      | 1807/5674 [03:29<00:58, 66.58it/s] 32%|‚ñà‚ñà‚ñà‚ñè      | 1815/5674 [03:29<01:04, 59.71it/s] 32%|‚ñà‚ñà‚ñà‚ñè      | 1822/5674 [03:29<01:03, 60.62it/s] 32%|‚ñà‚ñà‚ñà‚ñè      | 1830/5674 [03:30<00:59, 64.71it/s] 32%|‚ñà‚ñà‚ñà‚ñè      | 1838/5674 [03:30<00:59, 64.35it/s] 33%|‚ñà‚ñà‚ñà‚ñé      | 1845/5674 [03:30<01:03, 59.86it/s] 33%|‚ñà‚ñà‚ñà‚ñé      | 1852/5674 [03:30<01:03, 60.43it/s] 33%|‚ñà‚ñà‚ñà‚ñé      | 1864/5674 [03:30<00:52, 72.21it/s] 33%|‚ñà‚ñà‚ñà‚ñé      | 1873/5674 [03:30<00:50, 74.96it/s] 33%|‚ñà‚ñà‚ñà‚ñé      | 1884/5674 [03:30<00:45, 82.66it/s] 33%|‚ñà‚ñà‚ñà‚ñé      | 1893/5674 [03:30<00:45, 82.61it/s] 34%|‚ñà‚ñà‚ñà‚ñé      | 1902/5674 [03:31<01:07, 56.11it/s] 34%|‚ñà‚ñà‚ñà‚ñé      | 1910/5674 [03:31<01:02, 60.35it/s] 34%|‚ñà‚ñà‚ñà‚ñç      | 1918/5674 [03:31<01:06, 56.32it/s] 34%|‚ñà‚ñà‚ñà‚ñç      | 1927/5674 [03:31<00:59, 62.64it/s] 34%|‚ñà‚ñà‚ñà‚ñç      | 1934/5674 [03:31<01:01, 60.92it/s] 34%|‚ñà‚ñà‚ñà‚ñç      | 1942/5674 [03:31<00:57, 64.99it/s] 34%|‚ñà‚ñà‚ñà‚ñç      | 1951/5674 [03:31<00:53, 69.78it/s] 35%|‚ñà‚ñà‚ñà‚ñç      | 1962/5674 [03:32<00:47, 77.39it/s] 35%|‚ñà‚ñà‚ñà‚ñç      | 1971/5674 [03:32<00:52, 70.09it/s] 35%|‚ñà‚ñà‚ñà‚ñç      | 1982/5674 [03:32<00:46, 78.88it/s] 35%|‚ñà‚ñà‚ñà‚ñå      | 1992/5674 [03:32<00:44, 82.58it/s] 35%|‚ñà‚ñà‚ñà‚ñå      | 2004/5674 [03:32<00:41, 88.35it/s] 35%|‚ñà‚ñà‚ñà‚ñå      | 2014/5674 [03:32<00:45, 80.99it/s] 36%|‚ñà‚ñà‚ñà‚ñå      | 2023/5674 [03:32<00:49, 74.46it/s] 36%|‚ñà‚ñà‚ñà‚ñå      | 2031/5674 [03:32<00:52, 69.22it/s] 36%|‚ñà‚ñà‚ñà‚ñå      | 2039/5674 [03:33<00:58, 62.06it/s] 36%|‚ñà‚ñà‚ñà‚ñå      | 2046/5674 [03:33<00:58, 62.47it/s] 36%|‚ñà‚ñà‚ñà‚ñå      | 2053/5674 [03:33<01:08, 53.10it/s] 36%|‚ñà‚ñà‚ñà‚ñã      | 2061/5674 [03:33<01:01, 58.89it/s] 36%|‚ñà‚ñà‚ñà‚ñã      | 2071/5674 [03:33<00:56, 64.31it/s] 37%|‚ñà‚ñà‚ñà‚ñã      | 2078/5674 [03:33<01:07, 53.50it/s] 37%|‚ñà‚ñà‚ñà‚ñã      | 2085/5674 [03:33<01:04, 56.00it/s] 37%|‚ñà‚ñà‚ñà‚ñã      | 2091/5674 [03:34<01:06, 53.50it/s] 37%|‚ñà‚ñà‚ñà‚ñã      | 2097/5674 [03:34<01:21, 43.88it/s] 37%|‚ñà‚ñà‚ñà‚ñã      | 2102/5674 [03:34<01:22, 43.48it/s] 37%|‚ñà‚ñà‚ñà‚ñã      | 2107/5674 [03:34<01:22, 43.43it/s] 37%|‚ñà‚ñà‚ñà‚ñã      | 2112/5674 [03:34<01:32, 38.53it/s] 37%|‚ñà‚ñà‚ñà‚ñã      | 2117/5674 [03:34<01:42, 34.74it/s] 37%|‚ñà‚ñà‚ñà‚ñã      | 2117/5674 [04:10<01:42, 34.74it/s] 37%|‚ñà‚ñà‚ñà‚ñã      | 2118/5674 [04:10<2:34:18,  2.60s/it] 37%|‚ñà‚ñà‚ñà‚ñã      | 2126/5674 [04:10<1:24:19,  1.43s/it] 38%|‚ñà‚ñà‚ñà‚ñä      | 2131/5674 [04:10<1:00:41,  1.03s/it] 38%|‚ñà‚ñà‚ñà‚ñä      | 2137/5674 [04:10<40:52,  1.44it/s]   38%|‚ñà‚ñà‚ñà‚ñä      | 2146/5674 [04:10<24:08,  2.44it/s] 38%|‚ñà‚ñà‚ñà‚ñä      | 2157/5674 [04:10<14:12,  4.12it/s] 38%|‚ñà‚ñà‚ñà‚ñä      | 2165/5674 [04:11<10:10,  5.74it/s] 38%|‚ñà‚ñà‚ñà‚ñä      | 2175/5674 [04:11<06:48,  8.56it/s] 38%|‚ñà‚ñà‚ñà‚ñä      | 2184/5674 [04:11<04:53, 11.88it/s] 39%|‚ñà‚ñà‚ñà‚ñä      | 2192/5674 [04:11<03:50, 15.13it/s] 39%|‚ñà‚ñà‚ñà‚ñâ      | 2199/5674 [04:11<03:06, 18.64it/s] 39%|‚ñà‚ñà‚ñà‚ñâ      | 2206/5674 [04:11<02:30, 23.07it/s] 39%|‚ñà‚ñà‚ñà‚ñâ      | 2215/5674 [04:11<01:53, 30.42it/s] 39%|‚ñà‚ñà‚ñà‚ñâ      | 2222/5674 [04:11<01:48, 31.89it/s] 39%|‚ñà‚ñà‚ñà‚ñâ      | 2228/5674 [04:12<01:40, 34.36it/s] 39%|‚ñà‚ñà‚ñà‚ñâ      | 2236/5674 [04:12<01:30, 37.94it/s] 40%|‚ñà‚ñà‚ñà‚ñâ      | 2242/5674 [04:12<01:52, 30.50it/s] 40%|‚ñà‚ñà‚ñà‚ñâ      | 2247/5674 [04:12<01:51, 30.78it/s] 40%|‚ñà‚ñà‚ñà‚ñâ      | 2254/5674 [04:12<01:41, 33.74it/s] 40%|‚ñà‚ñà‚ñà‚ñâ      | 2259/5674 [04:13<02:15, 25.27it/s] 40%|‚ñà‚ñà‚ñà‚ñâ      | 2264/5674 [04:13<01:57, 28.99it/s] 40%|‚ñà‚ñà‚ñà‚ñâ      | 2268/5674 [04:13<01:54, 29.81it/s] 40%|‚ñà‚ñà‚ñà‚ñà      | 2273/5674 [04:13<01:58, 28.71it/s] 40%|‚ñà‚ñà‚ñà‚ñà      | 2281/5674 [04:13<01:28, 38.55it/s] 40%|‚ñà‚ñà‚ñà‚ñà      | 2288/5674 [04:13<01:15, 45.03it/s] 40%|‚ñà‚ñà‚ñà‚ñà      | 2294/5674 [04:14<01:22, 41.15it/s] 41%|‚ñà‚ñà‚ñà‚ñà      | 2299/5674 [04:14<01:45, 31.90it/s] 41%|‚ñà‚ñà‚ñà‚ñà      | 2306/5674 [04:14<01:30, 37.32it/s] 41%|‚ñà‚ñà‚ñà‚ñà      | 2313/5674 [04:14<01:17, 43.21it/s] 41%|‚ñà‚ñà‚ñà‚ñà      | 2320/5674 [04:14<01:10, 47.57it/s] 41%|‚ñà‚ñà‚ñà‚ñà      | 2326/5674 [04:14<01:10, 47.76it/s] 41%|‚ñà‚ñà‚ñà‚ñà      | 2334/5674 [04:14<01:00, 55.34it/s] 41%|‚ñà‚ñà‚ñà‚ñà      | 2340/5674 [04:14<01:00, 55.07it/s] 41%|‚ñà‚ñà‚ñà‚ñà‚ñè     | 2346/5674 [04:15<01:03, 52.45it/s] 41%|‚ñà‚ñà‚ñà‚ñà‚ñè     | 2352/5674 [04:15<01:01, 54.09it/s] 42%|‚ñà‚ñà‚ñà‚ñà‚ñè     | 2359/5674 [04:15<01:02, 53.25it/s] 42%|‚ñà‚ñà‚ñà‚ñà‚ñè     | 2365/5674 [04:15<01:09, 47.51it/s] 42%|‚ñà‚ñà‚ñà‚ñà‚ñè     | 2372/5674 [04:15<01:07, 49.26it/s] 42%|‚ñà‚ñà‚ñà‚ñà‚ñè     | 2379/5674 [04:15<01:05, 50.00it/s] 42%|‚ñà‚ñà‚ñà‚ñà‚ñè     | 2392/5674 [04:15<00:47, 69.28it/s] 42%|‚ñà‚ñà‚ñà‚ñà‚ñè     | 2400/5674 [04:16<01:03, 51.77it/s] 42%|‚ñà‚ñà‚ñà‚ñà‚ñè     | 2409/5674 [04:16<00:54, 59.62it/s] 43%|‚ñà‚ñà‚ñà‚ñà‚ñé     | 2416/5674 [04:16<01:03, 51.27it/s] 43%|‚ñà‚ñà‚ñà‚ñà‚ñé     | 2422/5674 [04:16<01:06, 48.63it/s] 43%|‚ñà‚ñà‚ñà‚ñà‚ñé     | 2432/5674 [04:16<00:58, 55.72it/s] 43%|‚ñà‚ñà‚ñà‚ñà‚ñé     | 2442/5674 [04:16<00:50, 63.92it/s] 43%|‚ñà‚ñà‚ñà‚ñà‚ñé     | 2449/5674 [04:16<01:02, 51.78it/s] 43%|‚ñà‚ñà‚ñà‚ñà‚ñé     | 2455/5674 [04:17<01:06, 48.63it/s] 43%|‚ñà‚ñà‚ñà‚ñà‚ñé     | 2465/5674 [04:17<00:53, 59.53it/s] 44%|‚ñà‚ñà‚ñà‚ñà‚ñé     | 2473/5674 [04:17<01:01, 51.75it/s] 44%|‚ñà‚ñà‚ñà‚ñà‚ñé     | 2479/5674 [04:17<01:19, 40.28it/s] 44%|‚ñà‚ñà‚ñà‚ñà‚ñç     | 2485/5674 [04:17<01:15, 42.12it/s] 44%|‚ñà‚ñà‚ñà‚ñà‚ñç     | 2490/5674 [04:17<01:20, 39.77it/s] 44%|‚ñà‚ñà‚ñà‚ñà‚ñç     | 2497/5674 [04:18<01:11, 44.21it/s] 44%|‚ñà‚ñà‚ñà‚ñà‚ñç     | 2502/5674 [04:18<01:12, 43.84it/s] 44%|‚ñà‚ñà‚ñà‚ñà‚ñç     | 2507/5674 [04:18<01:13, 43.09it/s] 44%|‚ñà‚ñà‚ñà‚ñà‚ñç     | 2512/5674 [04:18<01:18, 40.47it/s] 44%|‚ñà‚ñà‚ñà‚ñà‚ñç     | 2517/5674 [04:18<01:16, 41.37it/s] 44%|‚ñà‚ñà‚ñà‚ñà‚ñç     | 2522/5674 [04:18<01:19, 39.64it/s] 45%|‚ñà‚ñà‚ñà‚ñà‚ñç     | 2527/5674 [04:18<01:18, 40.14it/s] 45%|‚ñà‚ñà‚ñà‚ñà‚ñç     | 2533/5674 [04:18<01:09, 44.89it/s] 45%|‚ñà‚ñà‚ñà‚ñà‚ñç     | 2541/5674 [04:19<00:59, 52.96it/s] 45%|‚ñà‚ñà‚ñà‚ñà‚ñç     | 2547/5674 [04:19<00:59, 52.97it/s] 45%|‚ñà‚ñà‚ñà‚ñà‚ñç     | 2553/5674 [04:19<01:10, 44.36it/s] 45%|‚ñà‚ñà‚ñà‚ñà‚ñå     | 2558/5674 [04:19<01:08, 45.29it/s] 45%|‚ñà‚ñà‚ñà‚ñà‚ñå     | 2565/5674 [04:19<01:03, 49.14it/s] 45%|‚ñà‚ñà‚ñà‚ñà‚ñå     | 2571/5674 [04:19<01:01, 50.39it/s] 45%|‚ñà‚ñà‚ñà‚ñà‚ñå     | 2577/5674 [04:19<01:06, 46.78it/s] 46%|‚ñà‚ñà‚ñà‚ñà‚ñå     | 2582/5674 [04:19<01:09, 44.65it/s] 46%|‚ñà‚ñà‚ñà‚ñà‚ñå     | 2582/5674 [05:03<01:09, 44.65it/s] 46%|‚ñà‚ñà‚ñà‚ñà‚ñå     | 2583/5674 [05:03<2:35:30,  3.02s/it] 46%|‚ñà‚ñà‚ñà‚ñà‚ñå     | 2589/5674 [05:03<1:37:46,  1.90s/it] 46%|‚ñà‚ñà‚ñà‚ñà‚ñå     | 2594/5674 [05:03<1:08:15,  1.33s/it] 46%|‚ñà‚ñà‚ñà‚ñà‚ñå     | 2598/5674 [05:03<51:10,  1.00it/s]   46%|‚ñà‚ñà‚ñà‚ñà‚ñå     | 2603/5674 [05:03<35:15,  1.45it/s] 46%|‚ñà‚ñà‚ñà‚ñà‚ñå     | 2610/5674 [05:03<21:50,  2.34it/s] 46%|‚ñà‚ñà‚ñà‚ñà‚ñå     | 2616/5674 [05:04<15:15,  3.34it/s] 46%|‚ñà‚ñà‚ñà‚ñà‚ñã     | 2625/5674 [05:04<09:20,  5.44it/s] 46%|‚ñà‚ñà‚ñà‚ñà‚ñã     | 2630/5674 [05:04<07:18,  6.94it/s] 46%|‚ñà‚ñà‚ñà‚ñà‚ñã     | 2637/5674 [05:04<05:13,  9.69it/s] 47%|‚ñà‚ñà‚ñà‚ñà‚ñã     | 2642/5674 [05:04<04:10, 12.09it/s] 47%|‚ñà‚ñà‚ñà‚ñà‚ñã     | 2650/5674 [05:04<02:54, 17.28it/s] 47%|‚ñà‚ñà‚ñà‚ñà‚ñã     | 2657/5674 [05:04<02:13, 22.53it/s] 47%|‚ñà‚ñà‚ñà‚ñà‚ñã     | 2663/5674 [05:05<01:57, 25.66it/s] 47%|‚ñà‚ñà‚ñà‚ñà‚ñã     | 2670/5674 [05:05<01:34, 31.91it/s] 47%|‚ñà‚ñà‚ñà‚ñà‚ñã     | 2676/5674 [05:05<01:27, 34.34it/s] 47%|‚ñà‚ñà‚ñà‚ñà‚ñã     | 2682/5674 [05:05<01:25, 34.93it/s] 47%|‚ñà‚ñà‚ñà‚ñà‚ñã     | 2688/5674 [05:05<01:16, 39.27it/s] 47%|‚ñà‚ñà‚ñà‚ñà‚ñã     | 2694/5674 [05:05<01:08, 43.42it/s] 48%|‚ñà‚ñà‚ñà‚ñà‚ñä     | 2703/5674 [05:05<00:58, 50.78it/s] 48%|‚ñà‚ñà‚ñà‚ñà‚ñä     | 2712/5674 [05:05<00:51, 58.08it/s] 48%|‚ñà‚ñà‚ñà‚ñà‚ñä     | 2719/5674 [05:06<00:52, 56.63it/s] 48%|‚ñà‚ñà‚ñà‚ñà‚ñä     | 2726/5674 [05:06<00:53, 54.91it/s] 48%|‚ñà‚ñà‚ñà‚ñà‚ñä     | 2732/5674 [05:06<01:03, 46.59it/s] 48%|‚ñà‚ñà‚ñà‚ñà‚ñä     | 2738/5674 [05:06<01:05, 44.65it/s] 48%|‚ñà‚ñà‚ñà‚ñà‚ñä     | 2743/5674 [05:06<01:13, 40.00it/s] 48%|‚ñà‚ñà‚ñà‚ñà‚ñä     | 2748/5674 [05:06<01:18, 37.25it/s] 49%|‚ñà‚ñà‚ñà‚ñà‚ñä     | 2753/5674 [05:06<01:15, 38.92it/s] 49%|‚ñà‚ñà‚ñà‚ñà‚ñä     | 2758/5674 [05:07<01:29, 32.75it/s] 49%|‚ñà‚ñà‚ñà‚ñà‚ñä     | 2762/5674 [05:07<01:25, 33.95it/s] 49%|‚ñà‚ñà‚ñà‚ñà‚ñä     | 2766/5674 [05:07<01:42, 28.39it/s] 49%|‚ñà‚ñà‚ñà‚ñà‚ñâ     | 2773/5674 [05:07<01:26, 33.48it/s] 49%|‚ñà‚ñà‚ñà‚ñà‚ñâ     | 2778/5674 [05:07<01:20, 36.14it/s] 49%|‚ñà‚ñà‚ñà‚ñà‚ñâ     | 2784/5674 [05:07<01:11, 40.31it/s] 49%|‚ñà‚ñà‚ñà‚ñà‚ñâ     | 2793/5674 [05:07<00:55, 52.00it/s] 49%|‚ñà‚ñà‚ñà‚ñà‚ñâ     | 2802/5674 [05:08<00:49, 58.18it/s] 50%|‚ñà‚ñà‚ñà‚ñà‚ñâ     | 2809/5674 [05:08<00:49, 57.54it/s] 50%|‚ñà‚ñà‚ñà‚ñà‚ñâ     | 2816/5674 [05:08<00:47, 60.30it/s] 50%|‚ñà‚ñà‚ñà‚ñà‚ñâ     | 2823/5674 [05:08<00:46, 61.82it/s] 50%|‚ñà‚ñà‚ñà‚ñà‚ñâ     | 2830/5674 [05:08<00:52, 54.53it/s] 50%|‚ñà‚ñà‚ñà‚ñà‚ñâ     | 2836/5674 [05:08<00:52, 54.20it/s] 50%|‚ñà‚ñà‚ñà‚ñà‚ñà     | 2843/5674 [05:08<00:49, 56.83it/s] 50%|‚ñà‚ñà‚ñà‚ñà‚ñà     | 2849/5674 [05:08<00:54, 52.08it/s] 50%|‚ñà‚ñà‚ñà‚ñà‚ñà     | 2857/5674 [05:09<00:48, 58.13it/s] 50%|‚ñà‚ñà‚ñà‚ñà‚ñà     | 2863/5674 [05:09<00:52, 53.09it/s] 51%|‚ñà‚ñà‚ñà‚ñà‚ñà     | 2869/5674 [05:09<00:54, 51.76it/s] 51%|‚ñà‚ñà‚ñà‚ñà‚ñà     | 2878/5674 [05:09<00:47, 59.37it/s] 51%|‚ñà‚ñà‚ñà‚ñà‚ñà     | 2885/5674 [05:09<00:46, 59.47it/s] 51%|‚ñà‚ñà‚ñà‚ñà‚ñà     | 2893/5674 [05:09<00:44, 62.01it/s] 51%|‚ñà‚ñà‚ñà‚ñà‚ñà     | 2900/5674 [05:09<00:48, 57.39it/s] 51%|‚ñà‚ñà‚ñà‚ñà‚ñà     | 2906/5674 [05:09<00:50, 54.34it/s] 51%|‚ñà‚ñà‚ñà‚ñà‚ñà‚ñè    | 2912/5674 [05:10<01:04, 43.11it/s] 51%|‚ñà‚ñà‚ñà‚ñà‚ñà‚ñè    | 2917/5674 [05:10<01:06, 41.56it/s] 51%|‚ñà‚ñà‚ñà‚ñà‚ñà‚ñè    | 2922/5674 [05:10<01:06, 41.18it/s] 52%|‚ñà‚ñà‚ñà‚ñà‚ñà‚ñè    | 2927/5674 [05:10<01:10, 38.72it/s] 52%|‚ñà‚ñà‚ñà‚ñà‚ñà‚ñè    | 2932/5674 [05:10<01:25, 32.23it/s] 52%|‚ñà‚ñà‚ñà‚ñà‚ñà‚ñè    | 2939/5674 [05:10<01:10, 38.66it/s] 52%|‚ñà‚ñà‚ñà‚ñà‚ñà‚ñè    | 2944/5674 [05:10<01:09, 39.31it/s] 52%|‚ñà‚ñà‚ñà‚ñà‚ñà‚ñè    | 2950/5674 [05:11<01:05, 41.49it/s] 52%|‚ñà‚ñà‚ñà‚ñà‚ñà‚ñè    | 2955/5674 [05:11<01:04, 41.90it/s] 52%|‚ñà‚ñà‚ñà‚ñà‚ñà‚ñè    | 2960/5674 [05:11<01:03, 43.00it/s] 52%|‚ñà‚ñà‚ñà‚ñà‚ñà‚ñè    | 2965/5674 [05:11<01:04, 42.11it/s] 52%|‚ñà‚ñà‚ñà‚ñà‚ñà‚ñè    | 2970/5674 [05:11<01:01, 43.91it/s] 52%|‚ñà‚ñà‚ñà‚ñà‚ñà‚ñè    | 2975/5674 [05:11<01:06, 40.60it/s] 53%|‚ñà‚ñà‚ñà‚ñà‚ñà‚ñé    | 2981/5674 [05:11<01:07, 39.96it/s] 53%|‚ñà‚ñà‚ñà‚ñà‚ñà‚ñé    | 2986/5674 [05:11<01:05, 40.98it/s] 53%|‚ñà‚ñà‚ñà‚ñà‚ñà‚ñé    | 2993/5674 [05:12<01:00, 44.17it/s] 53%|‚ñà‚ñà‚ñà‚ñà‚ñà‚ñé    | 3000/5674 [05:12<01:01, 43.13it/s] 53%|‚ñà‚ñà‚ñà‚ñà‚ñà‚ñé    | 3005/5674 [05:12<01:12, 37.04it/s] 53%|‚ñà‚ñà‚ñà‚ñà‚ñà‚ñé    | 3009/5674 [05:12<01:12, 36.86it/s] 53%|‚ñà‚ñà‚ñà‚ñà‚ñà‚ñé    | 3014/5674 [05:12<01:07, 39.38it/s] 53%|‚ñà‚ñà‚ñà‚ñà‚ñà‚ñé    | 3019/5674 [05:12<01:20, 32.95it/s] 53%|‚ñà‚ñà‚ñà‚ñà‚ñà‚ñé    | 3027/5674 [05:13<01:06, 39.88it/s] 53%|‚ñà‚ñà‚ñà‚ñà‚ñà‚ñé    | 3033/5674 [05:13<01:01, 42.75it/s] 54%|‚ñà‚ñà‚ñà‚ñà‚ñà‚ñé    | 3039/5674 [05:13<00:57, 45.55it/s] 54%|‚ñà‚ñà‚ñà‚ñà‚ñà‚ñé    | 3044/5674 [05:13<01:03, 41.69it/s] 54%|‚ñà‚ñà‚ñà‚ñà‚ñà‚ñé    | 3049/5674 [05:13<01:03, 41.48it/s] 54%|‚ñà‚ñà‚ñà‚ñà‚ñà‚ñç    | 3054/5674 [05:13<01:05, 39.91it/s] 54%|‚ñà‚ñà‚ñà‚ñà‚ñà‚ñç    | 3062/5674 [05:13<00:52, 49.58it/s] 54%|‚ñà‚ñà‚ñà‚ñà‚ñà‚ñç    | 3069/5674 [05:13<00:50, 51.70it/s] 54%|‚ñà‚ñà‚ñà‚ñà‚ñà‚ñç    | 3075/5674 [05:14<00:50, 51.76it/s] 54%|‚ñà‚ñà‚ñà‚ñà‚ñà‚ñç    | 3081/5674 [05:14<00:56, 46.06it/s] 54%|‚ñà‚ñà‚ñà‚ñà‚ñà‚ñç    | 3088/5674 [05:14<00:50, 51.39it/s] 55%|‚ñà‚ñà‚ñà‚ñà‚ñà‚ñç    | 3094/5674 [05:14<00:54, 47.42it/s] 55%|‚ñà‚ñà‚ñà‚ñà‚ñà‚ñç    | 3099/5674 [05:14<01:04, 39.88it/s] 55%|‚ñà‚ñà‚ñà‚ñà‚ñà‚ñç    | 3105/5674 [05:14<00:57, 44.39it/s] 55%|‚ñà‚ñà‚ñà‚ñà‚ñà‚ñç    | 3113/5674 [05:14<00:49, 52.25it/s] 55%|‚ñà‚ñà‚ñà‚ñà‚ñà‚ñç    | 3119/5674 [05:14<00:47, 53.96it/s] 55%|‚ñà‚ñà‚ñà‚ñà‚ñà‚ñç    | 3119/5674 [06:07<00:47, 53.96it/s] 55%|‚ñà‚ñà‚ñà‚ñà‚ñà‚ñå    | 3123/5674 [06:07<1:58:52,  2.80s/it] 55%|‚ñà‚ñà‚ñà‚ñà‚ñà‚ñå    | 3126/5674 [06:07<1:37:03,  2.29s/it] 55%|‚ñà‚ñà‚ñà‚ñà‚ñà‚ñå    | 3133/5674 [06:07<1:00:08,  1.42s/it] 55%|‚ñà‚ñà‚ñà‚ñà‚ñà‚ñå    | 3139/5674 [06:07<41:09,  1.03it/s]   55%|‚ñà‚ñà‚ñà‚ñà‚ñà‚ñå    | 3146/5674 [06:07<27:02,  1.56it/s] 56%|‚ñà‚ñà‚ñà‚ñà‚ñà‚ñå    | 3152/5674 [06:08<19:12,  2.19it/s] 56%|‚ñà‚ñà‚ñà‚ñà‚ñà‚ñå    | 3158/5674 [06:08<13:49,  3.03it/s] 56%|‚ñà‚ñà‚ñà‚ñà‚ñà‚ñå    | 3163/5674 [06:08<10:24,  4.02it/s] 56%|‚ñà‚ñà‚ñà‚ñà‚ñà‚ñå    | 3170/5674 [06:08<07:02,  5.93it/s] 56%|‚ñà‚ñà‚ñà‚ñà‚ñà‚ñå    | 3177/5674 [06:08<04:55,  8.46it/s] 56%|‚ñà‚ñà‚ñà‚ñà‚ñà‚ñå    | 3184/5674 [06:08<03:31, 11.75it/s] 56%|‚ñà‚ñà‚ñà‚ñà‚ñà‚ñå    | 3191/5674 [06:08<02:37, 15.80it/s] 56%|‚ñà‚ñà‚ñà‚ñà‚ñà‚ñã    | 3201/5674 [06:08<01:45, 23.39it/s] 57%|‚ñà‚ñà‚ñà‚ñà‚ñà‚ñã    | 3209/5674 [06:09<01:25, 28.76it/s] 57%|‚ñà‚ñà‚ñà‚ñà‚ñà‚ñã    | 3218/5674 [06:09<01:07, 36.38it/s] 57%|‚ñà‚ñà‚ñà‚ñà‚ñà‚ñã    | 3226/5674 [06:09<00:59, 41.12it/s] 57%|‚ñà‚ñà‚ñà‚ñà‚ñà‚ñã    | 3235/5674 [06:09<00:49, 49.26it/s] 57%|‚ñà‚ñà‚ñà‚ñà‚ñà‚ñã    | 3243/5674 [06:09<00:44, 54.95it/s] 57%|‚ñà‚ñà‚ñà‚ñà‚ñà‚ñã    | 3254/5674 [06:09<00:39, 61.00it/s] 58%|‚ñà‚ñà‚ñà‚ñà‚ñà‚ñä    | 3266/5674 [06:09<00:32, 73.26it/s] 58%|‚ñà‚ñà‚ñà‚ñà‚ñà‚ñä    | 3275/5674 [06:09<00:33, 71.85it/s] 58%|‚ñà‚ñà‚ñà‚ñà‚ñà‚ñä    | 3284/5674 [06:10<00:35, 67.05it/s] 58%|‚ñà‚ñà‚ñà‚ñà‚ñà‚ñä    | 3292/5674 [06:10<00:37, 64.28it/s] 58%|‚ñà‚ñà‚ñà‚ñà‚ñà‚ñä    | 3300/5674 [06:10<00:35, 67.77it/s] 58%|‚ñà‚ñà‚ñà‚ñà‚ñà‚ñä    | 3308/5674 [06:10<00:36, 64.61it/s] 58%|‚ñà‚ñà‚ñà‚ñà‚ñà‚ñä    | 3315/5674 [06:10<00:47, 49.96it/s] 59%|‚ñà‚ñà‚ñà‚ñà‚ñà‚ñä    | 3321/5674 [06:10<00:45, 51.21it/s] 59%|‚ñà‚ñà‚ñà‚ñà‚ñà‚ñä    | 3327/5674 [06:11<01:09, 33.92it/s] 59%|‚ñà‚ñà‚ñà‚ñà‚ñà‚ñä    | 3332/5674 [06:11<01:29, 26.08it/s] 59%|‚ñà‚ñà‚ñà‚ñà‚ñà‚ñâ    | 3336/5674 [06:11<01:50, 21.16it/s] 59%|‚ñà‚ñà‚ñà‚ñà‚ñà‚ñâ    | 3344/5674 [06:11<01:21, 28.74it/s] 59%|‚ñà‚ñà‚ñà‚ñà‚ñà‚ñâ    | 3351/5674 [06:11<01:08, 33.86it/s] 59%|‚ñà‚ñà‚ñà‚ñà‚ñà‚ñâ    | 3362/5674 [06:12<00:50, 45.98it/s] 59%|‚ñà‚ñà‚ñà‚ñà‚ñà‚ñâ    | 3368/5674 [06:12<00:49, 46.36it/s] 59%|‚ñà‚ñà‚ñà‚ñà‚ñà‚ñâ    | 3374/5674 [06:12<00:54, 41.96it/s] 60%|‚ñà‚ñà‚ñà‚ñà‚ñà‚ñâ    | 3379/5674 [06:12<00:55, 41.19it/s] 60%|‚ñà‚ñà‚ñà‚ñà‚ñà‚ñâ    | 3384/5674 [06:12<00:59, 38.53it/s] 60%|‚ñà‚ñà‚ñà‚ñà‚ñà‚ñâ    | 3389/5674 [06:12<00:58, 39.10it/s] 60%|‚ñà‚ñà‚ñà‚ñà‚ñà‚ñâ    | 3394/5674 [06:13<01:08, 33.17it/s] 60%|‚ñà‚ñà‚ñà‚ñà‚ñà‚ñâ    | 3398/5674 [06:13<01:11, 31.63it/s] 60%|‚ñà‚ñà‚ñà‚ñà‚ñà‚ñâ    | 3402/5674 [06:13<01:09, 32.78it/s] 60%|‚ñà‚ñà‚ñà‚ñà‚ñà‚ñà    | 3409/5674 [06:13<00:55, 40.72it/s] 60%|‚ñà‚ñà‚ñà‚ñà‚ñà‚ñà    | 3414/5674 [06:13<01:07, 33.55it/s] 60%|‚ñà‚ñà‚ñà‚ñà‚ñà‚ñà    | 3418/5674 [06:13<01:15, 29.77it/s] 60%|‚ñà‚ñà‚ñà‚ñà‚ñà‚ñà    | 3422/5674 [06:13<01:21, 27.79it/s] 60%|‚ñà‚ñà‚ñà‚ñà‚ñà‚ñà    | 3429/5674 [06:14<01:05, 34.16it/s] 61%|‚ñà‚ñà‚ñà‚ñà‚ñà‚ñà    | 3436/5674 [06:14<01:04, 34.57it/s] 61%|‚ñà‚ñà‚ñà‚ñà‚ñà‚ñà    | 3442/5674 [06:14<00:56, 39.28it/s] 61%|‚ñà‚ñà‚ñà‚ñà‚ñà‚ñà    | 3450/5674 [06:14<00:46, 47.46it/s] 61%|‚ñà‚ñà‚ñà‚ñà‚ñà‚ñà    | 3456/5674 [06:14<00:47, 47.18it/s] 61%|‚ñà‚ñà‚ñà‚ñà‚ñà‚ñà    | 3465/5674 [06:14<00:38, 56.68it/s] 61%|‚ñà‚ñà‚ñà‚ñà‚ñà‚ñà    | 3474/5674 [06:14<00:34, 63.48it/s] 61%|‚ñà‚ñà‚ñà‚ñà‚ñà‚ñà‚ñè   | 3484/5674 [06:14<00:30, 71.67it/s] 62%|‚ñà‚ñà‚ñà‚ñà‚ñà‚ñà‚ñè   | 3493/5674 [06:15<00:28, 76.05it/s] 62%|‚ñà‚ñà‚ñà‚ñà‚ñà‚ñà‚ñè   | 3501/5674 [06:15<00:30, 71.84it/s] 62%|‚ñà‚ñà‚ñà‚ñà‚ñà‚ñà‚ñè   | 3509/5674 [06:15<00:37, 57.02it/s] 62%|‚ñà‚ñà‚ñà‚ñà‚ñà‚ñà‚ñè   | 3516/5674 [06:15<00:42, 50.38it/s] 62%|‚ñà‚ñà‚ñà‚ñà‚ñà‚ñà‚ñè   | 3522/5674 [06:15<00:54, 39.81it/s] 62%|‚ñà‚ñà‚ñà‚ñà‚ñà‚ñà‚ñè   | 3527/5674 [06:15<00:52, 40.97it/s] 62%|‚ñà‚ñà‚ñà‚ñà‚ñà‚ñà‚ñè   | 3532/5674 [06:16<00:51, 41.74it/s] 62%|‚ñà‚ñà‚ñà‚ñà‚ñà‚ñà‚ñè   | 3537/5674 [06:16<00:50, 42.74it/s] 62%|‚ñà‚ñà‚ñà‚ñà‚ñà‚ñà‚ñè   | 3543/5674 [06:16<00:46, 45.68it/s] 63%|‚ñà‚ñà‚ñà‚ñà‚ñà‚ñà‚ñé   | 3549/5674 [06:16<00:43, 48.87it/s] 63%|‚ñà‚ñà‚ñà‚ñà‚ñà‚ñà‚ñé   | 3555/5674 [06:16<00:53, 39.49it/s] 63%|‚ñà‚ñà‚ñà‚ñà‚ñà‚ñà‚ñé   | 3565/5674 [06:16<00:41, 51.07it/s] 63%|‚ñà‚ñà‚ñà‚ñà‚ñà‚ñà‚ñé   | 3573/5674 [06:16<00:38, 54.78it/s] 63%|‚ñà‚ñà‚ñà‚ñà‚ñà‚ñà‚ñé   | 3579/5674 [06:17<00:44, 47.43it/s] 63%|‚ñà‚ñà‚ñà‚ñà‚ñà‚ñà‚ñé   | 3588/5674 [06:17<00:36, 56.85it/s] 63%|‚ñà‚ñà‚ñà‚ñà‚ñà‚ñà‚ñé   | 3595/5674 [06:17<00:39, 53.04it/s] 63%|‚ñà‚ñà‚ñà‚ñà‚ñà‚ñà‚ñé   | 3601/5674 [06:17<00:39, 52.74it/s] 64%|‚ñà‚ñà‚ñà‚ñà‚ñà‚ñà‚ñé   | 3607/5674 [06:17<00:48, 42.86it/s] 64%|‚ñà‚ñà‚ñà‚ñà‚ñà‚ñà‚ñé   | 3615/5674 [06:17<00:48, 42.43it/s] 64%|‚ñà‚ñà‚ñà‚ñà‚ñà‚ñà‚ñç   | 3624/5674 [06:18<00:53, 38.19it/s] 64%|‚ñà‚ñà‚ñà‚ñà‚ñà‚ñà‚ñç   | 3632/5674 [06:18<00:45, 44.51it/s] 64%|‚ñà‚ñà‚ñà‚ñà‚ñà‚ñà‚ñç   | 3638/5674 [06:18<00:54, 37.18it/s] 64%|‚ñà‚ñà‚ñà‚ñà‚ñà‚ñà‚ñç   | 3646/5674 [06:18<00:46, 43.97it/s] 64%|‚ñà‚ñà‚ñà‚ñà‚ñà‚ñà‚ñç   | 3652/5674 [06:18<00:44, 45.18it/s] 65%|‚ñà‚ñà‚ñà‚ñà‚ñà‚ñà‚ñç   | 3662/5674 [06:18<00:38, 51.72it/s] 65%|‚ñà‚ñà‚ñà‚ñà‚ñà‚ñà‚ñç   | 3670/5674 [06:18<00:35, 56.35it/s] 65%|‚ñà‚ñà‚ñà‚ñà‚ñà‚ñà‚ñç   | 3678/5674 [06:19<00:35, 55.71it/s] 65%|‚ñà‚ñà‚ñà‚ñà‚ñà‚ñà‚ñç   | 3684/5674 [06:19<00:48, 40.83it/s] 65%|‚ñà‚ñà‚ñà‚ñà‚ñà‚ñà‚ñå   | 3689/5674 [06:19<00:54, 36.68it/s] 65%|‚ñà‚ñà‚ñà‚ñà‚ñà‚ñà‚ñå   | 3694/5674 [06:19<00:51, 38.24it/s] 65%|‚ñà‚ñà‚ñà‚ñà‚ñà‚ñà‚ñå   | 3699/5674 [06:19<00:51, 38.02it/s] 65%|‚ñà‚ñà‚ñà‚ñà‚ñà‚ñà‚ñå   | 3709/5674 [06:19<00:38, 51.34it/s] 65%|‚ñà‚ñà‚ñà‚ñà‚ñà‚ñà‚ñå   | 3715/5674 [06:19<00:39, 50.13it/s] 66%|‚ñà‚ñà‚ñà‚ñà‚ñà‚ñà‚ñå   | 3721/5674 [06:20<00:44, 44.08it/s] 66%|‚ñà‚ñà‚ñà‚ñà‚ñà‚ñà‚ñå   | 3732/5674 [06:20<00:33, 58.81it/s] 66%|‚ñà‚ñà‚ñà‚ñà‚ñà‚ñà‚ñå   | 3739/5674 [06:20<00:34, 55.35it/s] 66%|‚ñà‚ñà‚ñà‚ñà‚ñà‚ñà‚ñå   | 3746/5674 [06:20<00:37, 51.55it/s] 66%|‚ñà‚ñà‚ñà‚ñà‚ñà‚ñà‚ñå   | 3752/5674 [06:20<00:37, 50.65it/s] 66%|‚ñà‚ñà‚ñà‚ñà‚ñà‚ñà‚ñã   | 3763/5674 [06:20<00:29, 64.28it/s] 66%|‚ñà‚ñà‚ñà‚ñà‚ñà‚ñà‚ñã   | 3770/5674 [06:20<00:34, 55.11it/s] 67%|‚ñà‚ñà‚ñà‚ñà‚ñà‚ñà‚ñã   | 3779/5674 [06:21<00:30, 61.99it/s] 67%|‚ñà‚ñà‚ñà‚ñà‚ñà‚ñà‚ñã   | 3786/5674 [06:21<00:35, 53.86it/s] 67%|‚ñà‚ñà‚ñà‚ñà‚ñà‚ñà‚ñã   | 3792/5674 [06:21<00:34, 54.44it/s] 67%|‚ñà‚ñà‚ñà‚ñà‚ñà‚ñà‚ñã   | 3798/5674 [06:21<00:38, 48.68it/s] 67%|‚ñà‚ñà‚ñà‚ñà‚ñà‚ñà‚ñã   | 3807/5674 [06:21<00:32, 58.06it/s] 67%|‚ñà‚ñà‚ñà‚ñà‚ñà‚ñà‚ñã   | 3821/5674 [06:21<00:23, 78.36it/s] 68%|‚ñà‚ñà‚ñà‚ñà‚ñà‚ñà‚ñä   | 3834/5674 [06:21<00:20, 90.52it/s] 68%|‚ñà‚ñà‚ñà‚ñà‚ñà‚ñà‚ñä   | 3834/5674 [07:25<00:20, 90.52it/s] 68%|‚ñà‚ñà‚ñà‚ñà‚ñà‚ñà‚ñä   | 3836/5674 [07:25<1:14:08,  2.42s/it] 68%|‚ñà‚ñà‚ñà‚ñà‚ñà‚ñà‚ñä   | 3849/5674 [07:25<43:26,  1.43s/it]   68%|‚ñà‚ñà‚ñà‚ñà‚ñà‚ñà‚ñä   | 3861/5674 [07:26<28:04,  1.08it/s] 68%|‚ñà‚ñà‚ñà‚ñà‚ñà‚ñà‚ñä   | 3872/5674 [07:26<19:14,  1.56it/s] 68%|‚ñà‚ñà‚ñà‚ñà‚ñà‚ñà‚ñä   | 3882/5674 [07:26<13:41,  2.18it/s] 69%|‚ñà‚ñà‚ñà‚ñà‚ñà‚ñà‚ñä   | 3891/5674 [07:26<10:02,  2.96it/s] 69%|‚ñà‚ñà‚ñà‚ñà‚ñà‚ñà‚ñä   | 3900/5674 [07:26<07:18,  4.05it/s] 69%|‚ñà‚ñà‚ñà‚ñà‚ñà‚ñà‚ñâ   | 3908/5674 [07:26<05:31,  5.32it/s] 69%|‚ñà‚ñà‚ñà‚ñà‚ñà‚ñà‚ñâ   | 3916/5674 [07:26<04:06,  7.13it/s] 69%|‚ñà‚ñà‚ñà‚ñà‚ñà‚ñà‚ñâ   | 3924/5674 [07:27<03:05,  9.43it/s] 69%|‚ñà‚ñà‚ñà‚ñà‚ñà‚ñà‚ñâ   | 3931/5674 [07:27<02:24, 12.09it/s] 69%|‚ñà‚ñà‚ñà‚ñà‚ñà‚ñà‚ñâ   | 3938/5674 [07:27<01:53, 15.28it/s] 70%|‚ñà‚ñà‚ñà‚ñà‚ñà‚ñà‚ñâ   | 3945/5674 [07:27<01:34, 18.36it/s] 70%|‚ñà‚ñà‚ñà‚ñà‚ñà‚ñà‚ñâ   | 3953/5674 [07:27<01:12, 23.89it/s] 70%|‚ñà‚ñà‚ñà‚ñà‚ñà‚ñà‚ñâ   | 3960/5674 [07:27<00:58, 29.27it/s] 70%|‚ñà‚ñà‚ñà‚ñà‚ñà‚ñà‚ñâ   | 3967/5674 [07:27<00:52, 32.23it/s] 70%|‚ñà‚ñà‚ñà‚ñà‚ñà‚ñà‚ñà   | 3973/5674 [07:28<00:48, 35.06it/s] 70%|‚ñà‚ñà‚ñà‚ñà‚ñà‚ñà‚ñà   | 3979/5674 [07:28<00:43, 39.34it/s] 70%|‚ñà‚ñà‚ñà‚ñà‚ñà‚ñà‚ñà   | 3985/5674 [07:28<00:40, 42.16it/s] 70%|‚ñà‚ñà‚ñà‚ñà‚ñà‚ñà‚ñà   | 3991/5674 [07:28<00:38, 44.15it/s] 70%|‚ñà‚ñà‚ñà‚ñà‚ñà‚ñà‚ñà   | 3997/5674 [07:28<00:41, 40.81it/s] 71%|‚ñà‚ñà‚ñà‚ñà‚ñà‚ñà‚ñà   | 4003/5674 [07:28<00:38, 43.46it/s] 71%|‚ñà‚ñà‚ñà‚ñà‚ñà‚ñà‚ñà   | 4008/5674 [07:28<00:37, 44.25it/s] 71%|‚ñà‚ñà‚ñà‚ñà‚ñà‚ñà‚ñà   | 4018/5674 [07:28<00:28, 57.82it/s] 71%|‚ñà‚ñà‚ñà‚ñà‚ñà‚ñà‚ñà   | 4028/5674 [07:28<00:23, 68.64it/s] 71%|‚ñà‚ñà‚ñà‚ñà‚ñà‚ñà‚ñà   | 4036/5674 [07:29<00:32, 50.37it/s] 71%|‚ñà‚ñà‚ñà‚ñà‚ñà‚ñà‚ñà‚ñè  | 4045/5674 [07:29<00:29, 55.78it/s] 72%|‚ñà‚ñà‚ñà‚ñà‚ñà‚ñà‚ñà‚ñè  | 4057/5674 [07:29<00:24, 66.82it/s] 72%|‚ñà‚ñà‚ñà‚ñà‚ñà‚ñà‚ñà‚ñè  | 4065/5674 [07:29<00:25, 63.10it/s] 72%|‚ñà‚ñà‚ñà‚ñà‚ñà‚ñà‚ñà‚ñè  | 4076/5674 [07:29<00:21, 73.67it/s] 72%|‚ñà‚ñà‚ñà‚ñà‚ñà‚ñà‚ñà‚ñè  | 4085/5674 [07:29<00:25, 61.59it/s] 72%|‚ñà‚ñà‚ñà‚ñà‚ñà‚ñà‚ñà‚ñè  | 4092/5674 [07:30<00:26, 59.32it/s] 72%|‚ñà‚ñà‚ñà‚ñà‚ñà‚ñà‚ñà‚ñè  | 4099/5674 [07:30<00:26, 59.06it/s] 72%|‚ñà‚ñà‚ñà‚ñà‚ñà‚ñà‚ñà‚ñè  | 4106/5674 [07:30<00:29, 53.11it/s] 72%|‚ñà‚ñà‚ñà‚ñà‚ñà‚ñà‚ñà‚ñè  | 4112/5674 [07:30<00:34, 44.70it/s] 73%|‚ñà‚ñà‚ñà‚ñà‚ñà‚ñà‚ñà‚ñé  | 4118/5674 [07:30<00:33, 46.89it/s] 73%|‚ñà‚ñà‚ñà‚ñà‚ñà‚ñà‚ñà‚ñé  | 4126/5674 [07:30<00:29, 52.79it/s] 73%|‚ñà‚ñà‚ñà‚ñà‚ñà‚ñà‚ñà‚ñé  | 4136/5674 [07:30<00:24, 63.80it/s] 73%|‚ñà‚ñà‚ñà‚ñà‚ñà‚ñà‚ñà‚ñé  | 4143/5674 [07:30<00:26, 58.45it/s] 73%|‚ñà‚ñà‚ñà‚ñà‚ñà‚ñà‚ñà‚ñé  | 4150/5674 [07:31<00:27, 56.30it/s] 73%|‚ñà‚ñà‚ñà‚ñà‚ñà‚ñà‚ñà‚ñé  | 4160/5674 [07:31<00:32, 45.93it/s] 73%|‚ñà‚ñà‚ñà‚ñà‚ñà‚ñà‚ñà‚ñé  | 4168/5674 [07:31<00:29, 51.84it/s] 74%|‚ñà‚ñà‚ñà‚ñà‚ñà‚ñà‚ñà‚ñé  | 4174/5674 [07:31<00:29, 50.68it/s] 74%|‚ñà‚ñà‚ñà‚ñà‚ñà‚ñà‚ñà‚ñé  | 4180/5674 [07:31<00:32, 46.22it/s] 74%|‚ñà‚ñà‚ñà‚ñà‚ñà‚ñà‚ñà‚ñç  | 4188/5674 [07:31<00:28, 51.56it/s] 74%|‚ñà‚ñà‚ñà‚ñà‚ñà‚ñà‚ñà‚ñç  | 4196/5674 [07:32<00:25, 57.53it/s] 74%|‚ñà‚ñà‚ñà‚ñà‚ñà‚ñà‚ñà‚ñç  | 4204/5674 [07:32<00:24, 59.02it/s] 74%|‚ñà‚ñà‚ñà‚ñà‚ñà‚ñà‚ñà‚ñç  | 4211/5674 [07:32<00:24, 58.54it/s] 74%|‚ñà‚ñà‚ñà‚ñà‚ñà‚ñà‚ñà‚ñç  | 4218/5674 [07:32<00:25, 56.28it/s] 74%|‚ñà‚ñà‚ñà‚ñà‚ñà‚ñà‚ñà‚ñç  | 4225/5674 [07:32<00:25, 57.33it/s] 75%|‚ñà‚ñà‚ñà‚ñà‚ñà‚ñà‚ñà‚ñç  | 4231/5674 [07:32<00:26, 53.67it/s] 75%|‚ñà‚ñà‚ñà‚ñà‚ñà‚ñà‚ñà‚ñç  | 4237/5674 [07:32<00:26, 54.33it/s] 75%|‚ñà‚ñà‚ñà‚ñà‚ñà‚ñà‚ñà‚ñç  | 4244/5674 [07:32<00:25, 56.82it/s] 75%|‚ñà‚ñà‚ñà‚ñà‚ñà‚ñà‚ñà‚ñç  | 4250/5674 [07:33<00:26, 53.46it/s] 75%|‚ñà‚ñà‚ñà‚ñà‚ñà‚ñà‚ñà‚ñå  | 4257/5674 [07:33<00:24, 56.76it/s] 75%|‚ñà‚ñà‚ñà‚ñà‚ñà‚ñà‚ñà‚ñå  | 4263/5674 [07:33<00:29, 47.26it/s] 75%|‚ñà‚ñà‚ñà‚ñà‚ñà‚ñà‚ñà‚ñå  | 4269/5674 [07:33<00:33, 41.63it/s] 75%|‚ñà‚ñà‚ñà‚ñà‚ñà‚ñà‚ñà‚ñå  | 4274/5674 [07:33<00:32, 43.01it/s] 75%|‚ñà‚ñà‚ñà‚ñà‚ñà‚ñà‚ñà‚ñå  | 4280/5674 [07:33<00:30, 45.48it/s] 76%|‚ñà‚ñà‚ñà‚ñà‚ñà‚ñà‚ñà‚ñå  | 4285/5674 [07:33<00:32, 42.12it/s] 76%|‚ñà‚ñà‚ñà‚ñà‚ñà‚ñà‚ñà‚ñå  | 4290/5674 [07:33<00:34, 40.67it/s] 76%|‚ñà‚ñà‚ñà‚ñà‚ñà‚ñà‚ñà‚ñå  | 4297/5674 [07:34<00:30, 45.64it/s] 76%|‚ñà‚ñà‚ñà‚ñà‚ñà‚ñà‚ñà‚ñå  | 4303/5674 [07:34<00:27, 49.11it/s] 76%|‚ñà‚ñà‚ñà‚ñà‚ñà‚ñà‚ñà‚ñå  | 4311/5674 [07:34<00:24, 55.82it/s] 76%|‚ñà‚ñà‚ñà‚ñà‚ñà‚ñà‚ñà‚ñå  | 4318/5674 [07:34<00:23, 57.66it/s] 76%|‚ñà‚ñà‚ñà‚ñà‚ñà‚ñà‚ñà‚ñå  | 4324/5674 [07:34<00:24, 56.19it/s] 76%|‚ñà‚ñà‚ñà‚ñà‚ñà‚ñà‚ñà‚ñã  | 4331/5674 [07:34<00:22, 59.43it/s] 76%|‚ñà‚ñà‚ñà‚ñà‚ñà‚ñà‚ñà‚ñã  | 4338/5674 [07:34<00:22, 59.16it/s] 77%|‚ñà‚ñà‚ñà‚ñà‚ñà‚ñà‚ñà‚ñã  | 4348/5674 [07:34<00:19, 68.33it/s] 77%|‚ñà‚ñà‚ñà‚ñà‚ñà‚ñà‚ñà‚ñã  | 4358/5674 [07:35<00:18, 70.94it/s] 77%|‚ñà‚ñà‚ñà‚ñà‚ñà‚ñà‚ñà‚ñã  | 4377/5674 [07:35<00:16, 78.98it/s] 77%|‚ñà‚ñà‚ñà‚ñà‚ñà‚ñà‚ñà‚ñã  | 4385/5674 [07:35<00:16, 77.11it/s] 77%|‚ñà‚ñà‚ñà‚ñà‚ñà‚ñà‚ñà‚ñã  | 4393/5674 [07:35<00:19, 66.92it/s] 78%|‚ñà‚ñà‚ñà‚ñà‚ñà‚ñà‚ñà‚ñä  | 4400/5674 [07:35<00:22, 56.99it/s] 78%|‚ñà‚ñà‚ñà‚ñà‚ñà‚ñà‚ñà‚ñä  | 4406/5674 [07:35<00:22, 56.62it/s] 78%|‚ñà‚ñà‚ñà‚ñà‚ñà‚ñà‚ñà‚ñä  | 4412/5674 [07:35<00:23, 52.96it/s] 78%|‚ñà‚ñà‚ñà‚ñà‚ñà‚ñà‚ñà‚ñä  | 4424/5674 [07:36<00:19, 62.96it/s] 78%|‚ñà‚ñà‚ñà‚ñà‚ñà‚ñà‚ñà‚ñä  | 4431/5674 [07:36<00:24, 51.10it/s] 78%|‚ñà‚ñà‚ñà‚ñà‚ñà‚ñà‚ñà‚ñä  | 4443/5674 [07:36<00:19, 61.98it/s] 79%|‚ñà‚ñà‚ñà‚ñà‚ñà‚ñà‚ñà‚ñä  | 4459/5674 [07:36<00:16, 72.29it/s] 79%|‚ñà‚ñà‚ñà‚ñà‚ñà‚ñà‚ñà‚ñâ  | 4480/5674 [07:36<00:11, 100.58it/s] 79%|‚ñà‚ñà‚ñà‚ñà‚ñà‚ñà‚ñà‚ñâ  | 4492/5674 [07:36<00:16, 73.69it/s]  79%|‚ñà‚ñà‚ñà‚ñà‚ñà‚ñà‚ñà‚ñâ  | 4508/5674 [07:37<00:12, 89.79it/s] 80%|‚ñà‚ñà‚ñà‚ñà‚ñà‚ñà‚ñà‚ñâ  | 4520/5674 [07:37<00:14, 81.31it/s] 80%|‚ñà‚ñà‚ñà‚ñà‚ñà‚ñà‚ñà‚ñâ  | 4537/5674 [07:37<00:11, 99.25it/s] 80%|‚ñà‚ñà‚ñà‚ñà‚ñà‚ñà‚ñà‚ñà  | 4554/5674 [07:37<00:10, 103.84it/s] 81%|‚ñà‚ñà‚ñà‚ñà‚ñà‚ñà‚ñà‚ñà  | 4578/5674 [07:37<00:08, 128.72it/s] 81%|‚ñà‚ñà‚ñà‚ñà‚ñà‚ñà‚ñà‚ñà  | 4595/5674 [07:37<00:07, 137.43it/s] 81%|‚ñà‚ñà‚ñà‚ñà‚ñà‚ñà‚ñà‚ñà  | 4610/5674 [07:37<00:08, 130.93it/s] 82%|‚ñà‚ñà‚ñà‚ñà‚ñà‚ñà‚ñà‚ñà‚ñè | 4629/5674 [07:37<00:07, 145.20it/s] 82%|‚ñà‚ñà‚ñà‚ñà‚ñà‚ñà‚ñà‚ñà‚ñè | 4646/5674 [07:38<00:07, 141.66it/s] 82%|‚ñà‚ñà‚ñà‚ñà‚ñà‚ñà‚ñà‚ñà‚ñè | 4663/5674 [07:38<00:06, 148.50it/s] 82%|‚ñà‚ñà‚ñà‚ñà‚ñà‚ñà‚ñà‚ñà‚ñè | 4679/5674 [07:38<00:07, 128.65it/s] 83%|‚ñà‚ñà‚ñà‚ñà‚ñà‚ñà‚ñà‚ñà‚ñé | 4693/5674 [07:38<00:08, 112.80it/s] 83%|‚ñà‚ñà‚ñà‚ñà‚ñà‚ñà‚ñà‚ñà‚ñé | 4706/5674 [07:38<00:09, 97.18it/s]  83%|‚ñà‚ñà‚ñà‚ñà‚ñà‚ñà‚ñà‚ñà‚ñé | 4717/5674 [07:38<00:10, 87.78it/s] 83%|‚ñà‚ñà‚ñà‚ñà‚ñà‚ñà‚ñà‚ñà‚ñé | 4727/5674 [07:39<00:12, 75.24it/s] 83%|‚ñà‚ñà‚ñà‚ñà‚ñà‚ñà‚ñà‚ñà‚ñé | 4736/5674 [07:39<00:12, 73.47it/s] 84%|‚ñà‚ñà‚ñà‚ñà‚ñà‚ñà‚ñà‚ñà‚ñé | 4746/5674 [07:39<00:12, 74.58it/s] 84%|‚ñà‚ñà‚ñà‚ñà‚ñà‚ñà‚ñà‚ñà‚ñç | 4760/5674 [07:39<00:11, 76.72it/s] 84%|‚ñà‚ñà‚ñà‚ñà‚ñà‚ñà‚ñà‚ñà‚ñç | 4768/5674 [07:39<00:13, 65.77it/s] 84%|‚ñà‚ñà‚ñà‚ñà‚ñà‚ñà‚ñà‚ñà‚ñç | 4783/5674 [07:39<00:10, 82.24it/s] 84%|‚ñà‚ñà‚ñà‚ñà‚ñà‚ñà‚ñà‚ñà‚ñç | 4793/5674 [07:39<00:10, 80.68it/s] 85%|‚ñà‚ñà‚ñà‚ñà‚ñà‚ñà‚ñà‚ñà‚ñç | 4802/5674 [07:40<00:11, 77.85it/s] 85%|‚ñà‚ñà‚ñà‚ñà‚ñà‚ñà‚ñà‚ñà‚ñç | 4811/5674 [07:40<00:11, 77.53it/s] 85%|‚ñà‚ñà‚ñà‚ñà‚ñà‚ñà‚ñà‚ñà‚ñç | 4820/5674 [07:40<00:10, 79.09it/s] 85%|‚ñà‚ñà‚ñà‚ñà‚ñà‚ñà‚ñà‚ñà‚ñå | 4832/5674 [07:40<00:09, 89.39it/s] 85%|‚ñà‚ñà‚ñà‚ñà‚ñà‚ñà‚ñà‚ñà‚ñå | 4842/5674 [07:40<00:18, 45.97it/s] 85%|‚ñà‚ñà‚ñà‚ñà‚ñà‚ñà‚ñà‚ñà‚ñå | 4851/5674 [07:40<00:15, 52.51it/s] 86%|‚ñà‚ñà‚ñà‚ñà‚ñà‚ñà‚ñà‚ñà‚ñå | 4859/5674 [07:41<00:18, 44.94it/s] 86%|‚ñà‚ñà‚ñà‚ñà‚ñà‚ñà‚ñà‚ñà‚ñå | 4876/5674 [07:41<00:12, 66.18it/s] 86%|‚ñà‚ñà‚ñà‚ñà‚ñà‚ñà‚ñà‚ñà‚ñå | 4886/5674 [07:41<00:11, 70.45it/s] 86%|‚ñà‚ñà‚ñà‚ñà‚ñà‚ñà‚ñà‚ñà‚ñã | 4898/5674 [07:41<00:10, 71.58it/s] 87%|‚ñà‚ñà‚ñà‚ñà‚ñà‚ñà‚ñà‚ñà‚ñã | 4913/5674 [07:41<00:08, 87.72it/s] 87%|‚ñà‚ñà‚ñà‚ñà‚ñà‚ñà‚ñà‚ñà‚ñã | 4928/5674 [07:41<00:07, 100.67it/s] 87%|‚ñà‚ñà‚ñà‚ñà‚ñà‚ñà‚ñà‚ñà‚ñã | 4940/5674 [07:41<00:07, 104.18it/s] 87%|‚ñà‚ñà‚ñà‚ñà‚ñà‚ñà‚ñà‚ñà‚ñã | 4955/5674 [07:42<00:06, 108.11it/s] 88%|‚ñà‚ñà‚ñà‚ñà‚ñà‚ñà‚ñà‚ñà‚ñä | 4971/5674 [07:42<00:05, 120.40it/s] 88%|‚ñà‚ñà‚ñà‚ñà‚ñà‚ñà‚ñà‚ñà‚ñä | 4984/5674 [07:42<00:05, 120.10it/s] 88%|‚ñà‚ñà‚ñà‚ñà‚ñà‚ñà‚ñà‚ñà‚ñä | 4997/5674 [07:42<00:07, 86.75it/s]  88%|‚ñà‚ñà‚ñà‚ñà‚ñà‚ñà‚ñà‚ñà‚ñä | 5008/5674 [07:42<00:07, 86.82it/s] 88%|‚ñà‚ñà‚ñà‚ñà‚ñà‚ñà‚ñà‚ñà‚ñä | 5018/5674 [07:42<00:07, 88.81it/s] 89%|‚ñà‚ñà‚ñà‚ñà‚ñà‚ñà‚ñà‚ñà‚ñä | 5028/5674 [07:42<00:07, 87.46it/s] 89%|‚ñà‚ñà‚ñà‚ñà‚ñà‚ñà‚ñà‚ñà‚ñâ | 5038/5674 [07:42<00:07, 90.21it/s] 89%|‚ñà‚ñà‚ñà‚ñà‚ñà‚ñà‚ñà‚ñà‚ñâ | 5051/5674 [07:43<00:06, 99.18it/s] 89%|‚ñà‚ñà‚ñà‚ñà‚ñà‚ñà‚ñà‚ñà‚ñâ | 5064/5674 [07:43<00:05, 107.19it/s] 89%|‚ñà‚ñà‚ñà‚ñà‚ñà‚ñà‚ñà‚ñà‚ñâ | 5076/5674 [07:43<00:06, 98.20it/s]  90%|‚ñà‚ñà‚ñà‚ñà‚ñà‚ñà‚ñà‚ñà‚ñâ | 5089/5674 [07:43<00:05, 103.12it/s] 90%|‚ñà‚ñà‚ñà‚ñà‚ñà‚ñà‚ñà‚ñà‚ñâ | 5103/5674 [07:43<00:05, 112.49it/s] 90%|‚ñà‚ñà‚ñà‚ñà‚ñà‚ñà‚ñà‚ñà‚ñâ | 5103/5674 [09:03<00:05, 112.49it/s] 90%|‚ñà‚ñà‚ñà‚ñà‚ñà‚ñà‚ñà‚ñà‚ñà | 5112/5674 [09:03<19:25,  2.07s/it]  90%|‚ñà‚ñà‚ñà‚ñà‚ñà‚ñà‚ñà‚ñà‚ñà | 5123/5674 [09:04<13:35,  1.48s/it] 91%|‚ñà‚ñà‚ñà‚ñà‚ñà‚ñà‚ñà‚ñà‚ñà | 5137/5674 [09:04<08:43,  1.03it/s] 91%|‚ñà‚ñà‚ñà‚ñà‚ñà‚ñà‚ñà‚ñà‚ñà | 5149/5674 [09:04<06:02,  1.45it/s] 91%|‚ñà‚ñà‚ñà‚ñà‚ñà‚ñà‚ñà‚ñà‚ñà | 5160/5674 [09:04<04:17,  1.99it/s] 91%|‚ñà‚ñà‚ñà‚ñà‚ñà‚ñà‚ñà‚ñà‚ñà | 5170/5674 [09:04<03:07,  2.69it/s] 91%|‚ñà‚ñà‚ñà‚ñà‚ñà‚ñà‚ñà‚ñà‚ñà‚ñè| 5185/5674 [09:04<01:57,  4.17it/s] 92%|‚ñà‚ñà‚ñà‚ñà‚ñà‚ñà‚ñà‚ñà‚ñà‚ñè| 5196/5674 [09:04<01:24,  5.66it/s] 92%|‚ñà‚ñà‚ñà‚ñà‚ñà‚ñà‚ñà‚ñà‚ñà‚ñè| 5206/5674 [09:05<01:02,  7.47it/s] 92%|‚ñà‚ñà‚ñà‚ñà‚ñà‚ñà‚ñà‚ñà‚ñà‚ñè| 5218/5674 [09:05<00:43, 10.53it/s] 92%|‚ñà‚ñà‚ñà‚ñà‚ñà‚ñà‚ñà‚ñà‚ñà‚ñè| 5228/5674 [09:05<00:32, 13.68it/s] 92%|‚ñà‚ñà‚ñà‚ñà‚ñà‚ñà‚ñà‚ñà‚ñà‚ñè| 5237/5674 [09:05<00:25, 17.21it/s] 92%|‚ñà‚ñà‚ñà‚ñà‚ñà‚ñà‚ñà‚ñà‚ñà‚ñè| 5246/5674 [09:05<00:19, 21.73it/s] 93%|‚ñà‚ñà‚ñà‚ñà‚ñà‚ñà‚ñà‚ñà‚ñà‚ñé| 5255/5674 [09:05<00:16, 26.00it/s] 93%|‚ñà‚ñà‚ñà‚ñà‚ñà‚ñà‚ñà‚ñà‚ñà‚ñé| 5265/5674 [09:05<00:12, 33.60it/s] 93%|‚ñà‚ñà‚ñà‚ñà‚ñà‚ñà‚ñà‚ñà‚ñà‚ñé| 5274/5674 [09:06<00:11, 34.03it/s] 93%|‚ñà‚ñà‚ñà‚ñà‚ñà‚ñà‚ñà‚ñà‚ñà‚ñé| 5290/5674 [09:06<00:07, 50.57it/s] 93%|‚ñà‚ñà‚ñà‚ñà‚ñà‚ñà‚ñà‚ñà‚ñà‚ñé| 5302/5674 [09:06<00:06, 60.94it/s] 94%|‚ñà‚ñà‚ñà‚ñà‚ñà‚ñà‚ñà‚ñà‚ñà‚ñé| 5312/5674 [09:06<00:05, 64.29it/s] 94%|‚ñà‚ñà‚ñà‚ñà‚ñà‚ñà‚ñà‚ñà‚ñà‚ñç| 5326/5674 [09:06<00:04, 76.88it/s] 94%|‚ñà‚ñà‚ñà‚ñà‚ñà‚ñà‚ñà‚ñà‚ñà‚ñç| 5337/5674 [09:06<00:04, 82.51it/s] 94%|‚ñà‚ñà‚ñà‚ñà‚ñà‚ñà‚ñà‚ñà‚ñà‚ñç| 5348/5674 [09:06<00:04, 77.43it/s] 94%|‚ñà‚ñà‚ñà‚ñà‚ñà‚ñà‚ñà‚ñà‚ñà‚ñç| 5358/5674 [09:06<00:03, 80.18it/s] 95%|‚ñà‚ñà‚ñà‚ñà‚ñà‚ñà‚ñà‚ñà‚ñà‚ñç| 5369/5674 [09:07<00:03, 80.36it/s] 95%|‚ñà‚ñà‚ñà‚ñà‚ñà‚ñà‚ñà‚ñà‚ñà‚ñç| 5381/5674 [09:07<00:03, 88.86it/s] 95%|‚ñà‚ñà‚ñà‚ñà‚ñà‚ñà‚ñà‚ñà‚ñà‚ñå| 5395/5674 [09:07<00:02, 97.27it/s] 95%|‚ñà‚ñà‚ñà‚ñà‚ñà‚ñà‚ñà‚ñà‚ñà‚ñå| 5408/5674 [09:07<00:02, 104.68it/s] 96%|‚ñà‚ñà‚ñà‚ñà‚ñà‚ñà‚ñà‚ñà‚ñà‚ñå| 5428/5674 [09:07<00:02, 120.59it/s] 96%|‚ñà‚ñà‚ñà‚ñà‚ñà‚ñà‚ñà‚ñà‚ñà‚ñå| 5441/5674 [09:07<00:01, 120.34it/s] 96%|‚ñà‚ñà‚ñà‚ñà‚ñà‚ñà‚ñà‚ñà‚ñà‚ñå| 5454/5674 [09:07<00:01, 122.84it/s] 96%|‚ñà‚ñà‚ñà‚ñà‚ñà‚ñà‚ñà‚ñà‚ñà‚ñã| 5467/5674 [09:07<00:02, 100.33it/s] 97%|‚ñà‚ñà‚ñà‚ñà‚ñà‚ñà‚ñà‚ñà‚ñà‚ñã| 5484/5674 [09:07<00:01, 113.73it/s] 97%|‚ñà‚ñà‚ñà‚ñà‚ñà‚ñà‚ñà‚ñà‚ñà‚ñã| 5497/5674 [09:08<00:01, 107.66it/s] 97%|‚ñà‚ñà‚ñà‚ñà‚ñà‚ñà‚ñà‚ñà‚ñà‚ñã| 5509/5674 [09:08<00:01, 103.02it/s] 97%|‚ñà‚ñà‚ñà‚ñà‚ñà‚ñà‚ñà‚ñà‚ñà‚ñã| 5529/5674 [09:08<00:01, 118.49it/s] 98%|‚ñà‚ñà‚ñà‚ñà‚ñà‚ñà‚ñà‚ñà‚ñà‚ñä| 5554/5674 [09:08<00:00, 149.53it/s] 98%|‚ñà‚ñà‚ñà‚ñà‚ñà‚ñà‚ñà‚ñà‚ñà‚ñä| 5575/5674 [09:08<00:00, 165.01it/s] 99%|‚ñà‚ñà‚ñà‚ñà‚ñà‚ñà‚ñà‚ñà‚ñà‚ñä| 5593/5674 [09:08<00:00, 147.93it/s] 99%|‚ñà‚ñà‚ñà‚ñà‚ñà‚ñà‚ñà‚ñà‚ñà‚ñâ| 5609/5674 [09:08<00:00, 119.42it/s] 99%|‚ñà‚ñà‚ñà‚ñà‚ñà‚ñà‚ñà‚ñà‚ñà‚ñâ| 5623/5674 [09:09<00:00, 115.18it/s] 99%|‚ñà‚ñà‚ñà‚ñà‚ñà‚ñà‚ñà‚ñà‚ñà‚ñâ| 5644/5674 [09:09<00:00, 135.91it/s]100%|‚ñà‚ñà‚ñà‚ñà‚ñà‚ñà‚ñà‚ñà‚ñà‚ñâ| 5659/5674 [09:09<00:00, 100.12it/s]100%|‚ñà‚ñà‚ñà‚ñà‚ñà‚ñà‚ñà‚ñà‚ñà‚ñâ| 5672/5674 [09:09<00:00, 61.64it/s] 100%|‚ñà‚ñà‚ñà‚ñà‚ñà‚ñà‚ñà‚ñà‚ñà‚ñà| 5674/5674 [09:10<00:00, 10.32it/s]
2025-11-11 13:58:34.718 | INFO     | __main__:main:296 - Starting Epoch 1/10
2025-11-11 13:58:52.857 | INFO     | src.agent.runner:run:80 - Starting proof search for: Aesop.BuiltinRules.not_intro
2025-11-11 13:58:52.858 | INFO     | src.agent.runner:run:105 - Step 1: Running MCTS search for 50 iterations...
2025-11-11 14:01:52.727 | INFO     | src.agent.runner:run:168 - Step 1: Applying best tactic: simpa using h
2025-11-11 14:01:52.800 | SUCCESS  | src.agent.runner:run:193 - Proof finished in 1 steps and 179.94s.
2025-11-11 14:01:53.227 | INFO     | src.utilities.gym:close:77 - ‚úì Environment closed.
2025-11-11 14:01:53.229 | INFO     | src.utilities.gym:close:77 - ‚úì Environment closed.
2025-11-11 14:02:16.195 | INFO     | src.agent.runner:run:80 - Starting proof search for: Aesop.BuiltinRules.empty_false
2025-11-11 14:02:16.196 | INFO     | src.agent.runner:run:105 - Step 1: Running MCTS search for 50 iterations...
2025-11-11 14:02:21.904 | INFO     | src.agent.runner:run:168 - Step 1: Applying best tactic: contradiction
2025-11-11 14:02:21.965 | SUCCESS  | src.agent.runner:run:193 - Proof finished in 1 steps and 5.77s.
2025-11-11 14:02:22.096 | INFO     | src.utilities.gym:close:77 - ‚úì Environment closed.
2025-11-11 14:02:22.097 | INFO     | src.utilities.gym:close:77 - ‚úì Environment closed.
2025-11-11 14:02:42.154 | INFO     | src.agent.runner:run:80 - Starting proof search for: Aesop.BuiltinRules.pEmpty_false
2025-11-11 14:02:42.155 | INFO     | src.agent.runner:run:105 - Step 1: Running MCTS search for 50 iterations...
2025-11-11 14:02:47.838 | INFO     | src.agent.runner:run:168 - Step 1: Applying best tactic: obtain ‚ü®x, hx‚ü© := h
2025-11-11 14:02:47.899 | SUCCESS  | src.agent.runner:run:193 - Proof finished in 1 steps and 5.75s.
2025-11-11 14:02:48.030 | INFO     | src.utilities.gym:close:77 - ‚úì Environment closed.
2025-11-11 14:02:48.030 | INFO     | src.utilities.gym:close:77 - ‚úì Environment closed.
2025-11-11 14:03:07.957 | INFO     | src.agent.runner:run:80 - Starting proof search for: Aesop.BuiltinRules.heq_iff_eq
2025-11-11 14:03:07.958 | INFO     | src.agent.runner:run:105 - Step 1: Running MCTS search for 50 iterations...
2025-11-11 14:03:13.575 | INFO     | src.agent.runner:run:168 - Step 1: Applying best tactic: simp [heq_iff_eq]
2025-11-11 14:03:13.639 | SUCCESS  | src.agent.runner:run:193 - Proof finished in 1 steps and 5.68s.
2025-11-11 14:03:13.769 | INFO     | src.utilities.gym:close:77 - ‚úì Environment closed.
2025-11-11 14:03:13.769 | INFO     | src.utilities.gym:close:77 - ‚úì Environment closed.
2025-11-11 14:03:32.663 | INFO     | src.agent.runner:run:80 - Starting proof search for: Set.ext
2025-11-11 14:03:32.664 | INFO     | src.agent.runner:run:105 - Step 1: Running MCTS search for 50 iterations...
2025-11-11 14:03:38.109 | INFO     | src.agent.runner:run:168 - Step 1: Applying best tactic: exact eq_of_subset_of_mem (h _) (h _)
2025-11-11 14:03:38.175 | ERROR    | src.agent.runner:run:197 - Proof failed after 1 steps and 5.51s.
2025-11-11 14:03:38.175 | WARNING  | src.agent.runner:run:201 - Final state: LeanError(error="unknown identifier 'eq_of_subset_of_mem'")
2025-11-11 14:03:38.306 | INFO     | src.utilities.gym:close:77 - ‚úì Environment closed.
2025-11-11 14:03:38.306 | INFO     | src.utilities.gym:close:77 - ‚úì Environment closed.
2025-11-11 14:03:56.268 | INFO     | src.agent.runner:run:80 - Starting proof search for: Function.id_def
2025-11-11 14:03:56.270 | INFO     | src.agent.runner:run:105 - Step 1: Running MCTS search for 50 iterations...
2025-11-11 14:04:03.379 | INFO     | src.agent.runner:run:168 - Step 1: Applying best tactic: rfl
2025-11-11 14:04:03.441 | SUCCESS  | src.agent.runner:run:193 - Proof finished in 1 steps and 7.17s.
2025-11-11 14:04:03.572 | INFO     | src.utilities.gym:close:77 - ‚úì Environment closed.
2025-11-11 14:04:03.572 | INFO     | src.utilities.gym:close:77 - ‚úì Environment closed.
2025-11-11 14:04:21.255 | INFO     | src.agent.runner:run:80 - Starting proof search for: heq_iff_eq
2025-11-11 14:04:21.256 | INFO     | src.agent.runner:run:105 - Step 1: Running MCTS search for 50 iterations...
2025-11-11 14:04:26.479 | INFO     | src.agent.runner:run:168 - Step 1: Applying best tactic: simp [eq_comm]
2025-11-11 14:04:26.543 | SUCCESS  | src.agent.runner:run:193 - Proof finished in 1 steps and 5.29s.
2025-11-11 14:04:26.674 | INFO     | src.utilities.gym:close:77 - ‚úì Environment closed.
2025-11-11 14:04:26.674 | INFO     | src.utilities.gym:close:77 - ‚úì Environment closed.
2025-11-11 14:04:44.645 | INFO     | src.agent.runner:run:80 - Starting proof search for: eq_rec_constant
2025-11-11 14:04:44.646 | INFO     | src.agent.runner:run:105 - Step 1: Running MCTS search for 50 iterations...
2025-11-11 14:04:51.575 | INFO     | src.agent.runner:run:168 - Step 1: Applying best tactic: cases h
2025-11-11 14:04:51.646 | INFO     | src.agent.runner:run:105 - Step 2: Running MCTS search for 50 iterations...
2025-11-11 14:04:57.086 | INFO     | src.agent.runner:run:168 - Step 2: Applying best tactic: rfl
2025-11-11 14:04:57.149 | SUCCESS  | src.agent.runner:run:193 - Proof finished in 2 steps and 12.50s.
2025-11-11 14:04:57.280 | INFO     | src.utilities.gym:close:77 - ‚úì Environment closed.
2025-11-11 14:04:57.281 | INFO     | src.utilities.gym:close:77 - ‚úì Environment closed.
2025-11-11 14:05:16.135 | INFO     | src.agent.runner:run:80 - Starting proof search for: congrArg‚ÇÇ
2025-11-11 14:05:16.136 | INFO     | src.agent.runner:run:105 - Step 1: Running MCTS search for 50 iterations...
2025-11-11 14:05:21.408 | INFO     | src.agent.runner:run:168 - Step 1: Applying best tactic: simp [hx.symm, hy.symm]
2025-11-11 14:05:21.471 | SUCCESS  | src.agent.runner:run:193 - Proof finished in 1 steps and 5.34s.
2025-11-11 14:05:21.602 | INFO     | src.utilities.gym:close:77 - ‚úì Environment closed.
2025-11-11 14:05:21.602 | INFO     | src.utilities.gym:close:77 - ‚úì Environment closed.
2025-11-11 14:05:39.238 | INFO     | src.agent.runner:run:80 - Starting proof search for: congrFun‚ÇÇ
2025-11-11 14:05:39.239 | INFO     | src.agent.runner:run:105 - Step 1: Running MCTS search for 50 iterations...
2025-11-11 14:05:44.653 | INFO     | src.agent.runner:run:168 - Step 1: Applying best tactic: rw [h]
2025-11-11 14:05:44.716 | SUCCESS  | src.agent.runner:run:193 - Proof finished in 1 steps and 5.48s.
2025-11-11 14:05:44.846 | INFO     | src.utilities.gym:close:77 - ‚úì Environment closed.
2025-11-11 14:05:44.847 | INFO     | src.utilities.gym:close:77 - ‚úì Environment closed.
2025-11-11 14:06:02.846 | INFO     | src.agent.runner:run:80 - Starting proof search for: congrFun‚ÇÉ
2025-11-11 14:06:02.847 | INFO     | src.agent.runner:run:105 - Step 1: Running MCTS search for 50 iterations...
2025-11-11 14:06:08.315 | INFO     | src.agent.runner:run:168 - Step 1: Applying best tactic: simp [h.symm, h.symm]
2025-11-11 14:06:08.378 | SUCCESS  | src.agent.runner:run:193 - Proof finished in 1 steps and 5.53s.
2025-11-11 14:06:08.509 | INFO     | src.utilities.gym:close:77 - ‚úì Environment closed.
2025-11-11 14:06:08.509 | INFO     | src.utilities.gym:close:77 - ‚úì Environment closed.
2025-11-11 14:06:26.157 | INFO     | src.agent.runner:run:80 - Starting proof search for: funext‚ÇÇ
2025-11-11 14:06:26.159 | INFO     | src.agent.runner:run:105 - Step 1: Running MCTS search for 50 iterations...
2025-11-11 14:06:31.992 | INFO     | src.agent.runner:run:168 - Step 1: Applying best tactic: funext a b
2025-11-11 14:06:32.083 | INFO     | src.agent.runner:run:105 - Step 2: Running MCTS search for 50 iterations...
2025-11-11 14:06:37.008 | INFO     | src.agent.runner:run:168 - Step 2: Applying best tactic: apply h
2025-11-11 14:06:37.070 | SUCCESS  | src.agent.runner:run:193 - Proof finished in 2 steps and 10.91s.
2025-11-11 14:06:37.201 | INFO     | src.utilities.gym:close:77 - ‚úì Environment closed.
2025-11-11 14:06:37.201 | INFO     | src.utilities.gym:close:77 - ‚úì Environment closed.
2025-11-11 14:06:55.242 | INFO     | src.agent.runner:run:80 - Starting proof search for: funext‚ÇÉ
2025-11-11 14:06:55.243 | INFO     | src.agent.runner:run:105 - Step 1: Running MCTS search for 50 iterations...
2025-11-11 14:07:01.647 | INFO     | src.agent.runner:run:168 - Step 1: Applying best tactic: funext a b c
2025-11-11 14:07:01.755 | INFO     | src.agent.runner:run:105 - Step 2: Running MCTS search for 50 iterations...
2025-11-11 14:07:06.871 | INFO     | src.agent.runner:run:168 - Step 2: Applying best tactic: exact h _ _ c
2025-11-11 14:07:06.934 | SUCCESS  | src.agent.runner:run:193 - Proof finished in 2 steps and 11.69s.
2025-11-11 14:07:07.065 | INFO     | src.utilities.gym:close:77 - ‚úì Environment closed.
2025-11-11 14:07:07.065 | INFO     | src.utilities.gym:close:77 - ‚úì Environment closed.
2025-11-11 14:07:24.977 | INFO     | src.agent.runner:run:80 - Starting proof search for: Function.funext_iff
2025-11-11 14:07:24.978 | INFO     | src.agent.runner:run:105 - Step 1: Running MCTS search for 50 iterations...
2025-11-11 14:07:30.582 | INFO     | src.agent.runner:run:168 - Step 1: Applying best tactic: refine ‚ü®fun h =>?_, fun h => by rw [h]‚ü©
2025-11-11 14:07:30.675 | ERROR    | src.agent.runner:run:197 - Proof failed after 1 steps and 5.70s.
2025-11-11 14:07:30.675 | WARNING  | src.agent.runner:run:201 - Final state: LeanError(error="tactic 'rewrite' failed, did not find instance of the pattern in the target expression\n  f‚ÇÅ ?a\nŒ± : Sort u_1\nŒ≤ : Œ± ‚Üí Sort u\nf‚ÇÅ f‚ÇÇ : (x : Œ±) ‚Üí Œ≤ x\nh : ‚àÄ (a : Œ±), f‚ÇÅ a = f‚ÇÇ a\n‚ä¢ f‚ÇÅ = f‚ÇÇ")
2025-11-11 14:07:30.806 | INFO     | src.utilities.gym:close:77 - ‚úì Environment closed.
2025-11-11 14:07:30.806 | INFO     | src.utilities.gym:close:77 - ‚úì Environment closed.
2025-11-11 14:07:48.374 | INFO     | src.agent.runner:run:80 - Starting proof search for: ne_of_apply_ne
2025-11-11 14:07:48.375 | INFO     | src.agent.runner:run:105 - Step 1: Running MCTS search for 50 iterations...
2025-11-11 14:07:54.372 | INFO     | src.agent.runner:run:168 - Step 1: Applying best tactic: exact fun h => h.symm ‚ñ∏ h.symm
2025-11-11 14:07:54.447 | ERROR    | src.agent.runner:run:197 - Proof failed after 1 steps and 6.07s.
2025-11-11 14:07:54.447 | WARNING  | src.agent.runner:run:201 - Final state: LeanError(error='invalid `‚ñ∏` notation, argument\n  Ne.symm h\nhas type\n  f y ‚â† f x\nequality expected')
2025-11-11 14:07:54.578 | INFO     | src.utilities.gym:close:77 - ‚úì Environment closed.
2025-11-11 14:07:54.578 | INFO     | src.utilities.gym:close:77 - ‚úì Environment closed.
2025-11-11 14:08:12.437 | INFO     | src.agent.runner:run:80 - Starting proof search for: Eq.congr
2025-11-11 14:08:12.438 | INFO     | src.agent.runner:run:105 - Step 1: Running MCTS search for 50 iterations...
2025-11-11 14:08:18.037 | INFO     | src.agent.runner:run:168 - Step 1: Applying best tactic: simp [h‚ÇÅ.symm, h‚ÇÇ.symm]
2025-11-11 14:08:18.100 | SUCCESS  | src.agent.runner:run:193 - Proof finished in 1 steps and 5.66s.
2025-11-11 14:08:18.231 | INFO     | src.utilities.gym:close:77 - ‚úì Environment closed.
2025-11-11 14:08:18.231 | INFO     | src.utilities.gym:close:77 - ‚úì Environment closed.
2025-11-11 14:08:35.852 | INFO     | src.agent.runner:run:80 - Starting proof search for: Eq.congr_left
2025-11-11 14:08:35.853 | INFO     | src.agent.runner:run:105 - Step 1: Running MCTS search for 50 iterations...
2025-11-11 14:08:40.981 | INFO     | src.agent.runner:run:168 - Step 1: Applying best tactic: simp [h, eq_comm]
2025-11-11 14:08:41.044 | SUCCESS  | src.agent.runner:run:193 - Proof finished in 1 steps and 5.19s.
2025-11-11 14:08:41.175 | INFO     | src.utilities.gym:close:77 - ‚úì Environment closed.
2025-11-11 14:08:41.176 | INFO     | src.utilities.gym:close:77 - ‚úì Environment closed.
2025-11-11 14:08:59.163 | INFO     | src.agent.runner:run:80 - Starting proof search for: Eq.congr_right
2025-11-11 14:08:59.164 | INFO     | src.agent.runner:run:105 - Step 1: Running MCTS search for 50 iterations...
2025-11-11 14:09:04.326 | INFO     | src.agent.runner:run:168 - Step 1: Applying best tactic: simp [h, eq_comm]
2025-11-11 14:09:04.390 | SUCCESS  | src.agent.runner:run:193 - Proof finished in 1 steps and 5.23s.
2025-11-11 14:09:04.521 | INFO     | src.utilities.gym:close:77 - ‚úì Environment closed.
2025-11-11 14:09:04.521 | INFO     | src.utilities.gym:close:77 - ‚úì Environment closed.
2025-11-11 14:09:22.536 | INFO     | src.agent.runner:run:80 - Starting proof search for: heq_of_cast_eq
2025-11-11 14:09:22.537 | INFO     | src.agent.runner:run:105 - Step 1: Running MCTS search for 50 iterations...
2025-11-11 14:09:31.692 | INFO     | src.agent.runner:run:168 - Step 1: Applying best tactic: rintro e rfl
2025-11-11 14:09:31.760 | INFO     | src.agent.runner:run:105 - Step 2: Running MCTS search for 50 iterations...
2025-11-11 14:09:37.710 | INFO     | src.agent.runner:run:168 - Step 2: Applying best tactic: subst e
2025-11-11 14:09:37.776 | INFO     | src.agent.runner:run:105 - Step 3: Running MCTS search for 50 iterations...
2025-11-11 14:09:42.856 | INFO     | src.agent.runner:run:168 - Step 3: Applying best tactic: simp
2025-11-11 14:09:42.920 | SUCCESS  | src.agent.runner:run:193 - Proof finished in 3 steps and 20.38s.
2025-11-11 14:09:43.051 | INFO     | src.utilities.gym:close:77 - ‚úì Environment closed.
2025-11-11 14:09:43.051 | INFO     | src.utilities.gym:close:77 - ‚úì Environment closed.
2025-11-11 14:10:00.797 | INFO     | src.agent.runner:run:80 - Starting proof search for: cast_eq_iff_heq
2025-11-11 14:10:00.798 | INFO     | src.agent.runner:run:105 - Step 1: Running MCTS search for 50 iterations...
2025-11-11 14:10:07.238 | INFO     | src.agent.runner:run:168 - Step 1: Applying best tactic: subst_vars
2025-11-11 14:10:07.306 | INFO     | src.agent.runner:run:105 - Step 2: Running MCTS search for 50 iterations...
2025-11-11 14:10:12.636 | INFO     | src.agent.runner:run:168 - Step 2: Applying best tactic: simp [cast_eq_iff_heq]
2025-11-11 14:10:12.700 | SUCCESS  | src.agent.runner:run:193 - Proof finished in 2 steps and 11.90s.
2025-11-11 14:10:12.831 | INFO     | src.utilities.gym:close:77 - ‚úì Environment closed.
2025-11-11 14:10:12.831 | INFO     | src.utilities.gym:close:77 - ‚úì Environment closed.
2025-11-11 14:10:30.833 | INFO     | src.agent.runner:run:80 - Starting proof search for: eqRec_eq_cast
2025-11-11 14:10:30.834 | INFO     | src.agent.runner:run:105 - Step 1: Running MCTS search for 50 iterations...
2025-11-11 14:10:45.206 | INFO     | src.agent.runner:run:168 - Step 1: Applying best tactic: cases e
2025-11-11 14:10:45.285 | INFO     | src.agent.runner:run:105 - Step 2: Running MCTS search for 50 iterations...
2025-11-11 14:10:53.597 | INFO     | src.agent.runner:run:168 - Step 2: Applying best tactic: rfl
2025-11-11 14:10:53.661 | SUCCESS  | src.agent.runner:run:193 - Proof finished in 2 steps and 22.83s.
2025-11-11 14:10:53.792 | INFO     | src.utilities.gym:close:77 - ‚úì Environment closed.
2025-11-11 14:10:53.792 | INFO     | src.utilities.gym:close:77 - ‚úì Environment closed.
2025-11-11 14:11:12.819 | INFO     | src.agent.runner:run:80 - Starting proof search for: eqRec_heq_self
2025-11-11 14:11:12.820 | INFO     | src.agent.runner:run:105 - Step 1: Running MCTS search for 50 iterations...
2025-11-11 14:11:20.862 | INFO     | src.agent.runner:run:168 - Step 1: Applying best tactic: subst a'
2025-11-11 14:11:20.938 | INFO     | src.agent.runner:run:105 - Step 2: Running MCTS search for 50 iterations...
2025-11-11 14:11:26.857 | INFO     | src.agent.runner:run:168 - Step 2: Applying best tactic: simp only [heq_eq_eq, eq_self_iff_true, true_and]
2025-11-11 14:11:26.922 | SUCCESS  | src.agent.runner:run:193 - Proof finished in 2 steps and 14.10s.
2025-11-11 14:11:27.053 | INFO     | src.utilities.gym:close:77 - ‚úì Environment closed.
2025-11-11 14:11:27.053 | INFO     | src.utilities.gym:close:77 - ‚úì Environment closed.
2025-11-11 14:11:46.328 | INFO     | src.agent.runner:run:80 - Starting proof search for: eqRec_heq_iff_heq
2025-11-11 14:11:46.329 | INFO     | src.agent.runner:run:105 - Step 1: Running MCTS search for 50 iterations...
2025-11-11 14:11:54.651 | INFO     | src.agent.runner:run:168 - Step 1: Applying best tactic: cases e <;> rfl
2025-11-11 14:11:54.716 | SUCCESS  | src.agent.runner:run:193 - Proof finished in 1 steps and 8.39s.
2025-11-11 14:11:54.848 | INFO     | src.utilities.gym:close:77 - ‚úì Environment closed.
2025-11-11 14:11:54.848 | INFO     | src.utilities.gym:close:77 - ‚úì Environment closed.
2025-11-11 14:12:13.776 | INFO     | src.agent.runner:run:80 - Starting proof search for: heq_eqRec_iff_heq
2025-11-11 14:12:13.777 | INFO     | src.agent.runner:run:105 - Step 1: Running MCTS search for 50 iterations...
2025-11-11 14:12:21.344 | INFO     | src.agent.runner:run:168 - Step 1: Applying best tactic: subst e
2025-11-11 14:12:21.425 | INFO     | src.agent.runner:run:105 - Step 2: Running MCTS search for 50 iterations...
2025-11-11 14:12:27.398 | INFO     | src.agent.runner:run:168 - Step 2: Applying best tactic: exact ‚ü®fun h => h.symm ‚ñ∏ h.symm, fun h => ‚ü®h.symm, h.symm‚ü©‚ü©
2025-11-11 14:12:27.496 | ERROR    | src.agent.runner:run:197 - Proof failed after 2 steps and 13.72s.
2025-11-11 14:12:27.496 | WARNING  | src.agent.runner:run:201 - Final state: LeanError(error="invalid `‚ñ∏` notation, argument\n  HEq.symm h\nhas type\n  HEq (‚ãØ ‚ñ∏ x) y\nequality expected\ninvalid constructor ‚ü®...‚ü©, insufficient number of arguments, constructs 'HEq.refl' does not have explicit fields, but #2 provided")
2025-11-11 14:12:27.627 | INFO     | src.utilities.gym:close:77 - ‚úì Environment closed.
2025-11-11 14:12:27.628 | INFO     | src.utilities.gym:close:77 - ‚úì Environment closed.
2025-11-11 14:12:46.646 | INFO     | src.agent.runner:run:80 - Starting proof search for: ne_of_mem_of_not_mem
2025-11-11 14:12:46.647 | INFO     | src.agent.runner:run:105 - Step 1: Running MCTS search for 50 iterations...
2025-11-11 14:12:52.426 | INFO     | src.agent.runner:run:168 - Step 1: Applying best tactic: simpa only [not_exists, not_and] using h
2025-11-11 14:12:52.504 | ERROR    | src.agent.runner:run:197 - Proof failed after 1 steps and 5.86s.
2025-11-11 14:12:52.505 | WARNING  | src.agent.runner:run:201 - Final state: LeanError(error='type mismatch\n  h‚úù\nhas type\n  a ‚àà s : Prop\nbut is expected to have type\n  ¬¨b ‚àà s ‚Üí a ‚â† b : Prop')
2025-11-11 14:12:52.637 | INFO     | src.utilities.gym:close:77 - ‚úì Environment closed.
2025-11-11 14:12:52.637 | INFO     | src.utilities.gym:close:77 - ‚úì Environment closed.
2025-11-11 14:13:11.235 | INFO     | src.agent.runner:run:80 - Starting proof search for: ne_of_mem_of_not_mem'
2025-11-11 14:13:11.236 | INFO     | src.agent.runner:run:105 - Step 1: Running MCTS search for 50 iterations...
2025-11-11 14:13:17.273 | INFO     | src.agent.runner:run:168 - Step 1: Applying best tactic: simpa only [imp_self] using ne_of_mem_of_not_mem' h
2025-11-11 14:13:17.349 | ERROR    | src.agent.runner:run:197 - Proof failed after 1 steps and 6.11s.
2025-11-11 14:13:17.349 | WARNING  | src.agent.runner:run:201 - Final state: LeanError(error="kernel type check failed: (kernel) declaration has free variables '[anonymous]'")
2025-11-11 14:13:17.480 | INFO     | src.utilities.gym:close:77 - ‚úì Environment closed.
2025-11-11 14:13:17.481 | INFO     | src.utilities.gym:close:77 - ‚úì Environment closed.
2025-11-11 14:13:36.412 | INFO     | src.agent.runner:run:80 - Starting proof search for: not_nonempty_empty
2025-11-11 14:13:36.413 | INFO     | src.agent.runner:run:105 - Step 1: Running MCTS search for 50 iterations...
2025-11-11 14:13:42.332 | INFO     | src.agent.runner:run:168 - Step 1: Applying best tactic: simp [nonempty_eq_empty]
2025-11-11 14:13:42.396 | ERROR    | src.agent.runner:run:197 - Proof failed after 1 steps and 5.98s.
2025-11-11 14:13:42.396 | WARNING  | src.agent.runner:run:201 - Final state: LeanError(error='simp made no progress')
2025-11-11 14:13:42.527 | INFO     | src.utilities.gym:close:77 - ‚úì Environment closed.
2025-11-11 14:13:42.528 | INFO     | src.utilities.gym:close:77 - ‚úì Environment closed.
2025-11-11 14:14:01.251 | INFO     | src.agent.runner:run:80 - Starting proof search for: not_nonempty_pempty
2025-11-11 14:14:01.252 | INFO     | src.agent.runner:run:105 - Step 1: Running MCTS search for 50 iterations...
2025-11-11 14:14:06.818 | INFO     | src.agent.runner:run:168 - Step 1: Applying best tactic: simp [nonempty_pempty_iff]
2025-11-11 14:14:06.882 | ERROR    | src.agent.runner:run:197 - Proof failed after 1 steps and 5.63s.
2025-11-11 14:14:06.882 | WARNING  | src.agent.runner:run:201 - Final state: LeanError(error='simp made no progress')
2025-11-11 14:14:07.014 | INFO     | src.utilities.gym:close:77 - ‚úì Environment closed.
2025-11-11 14:14:07.014 | INFO     | src.utilities.gym:close:77 - ‚úì Environment closed.
2025-11-11 14:14:25.843 | INFO     | src.agent.runner:run:80 - Starting proof search for: eq_iff_true_of_subsingleton
2025-11-11 14:14:25.844 | INFO     | src.agent.runner:run:105 - Step 1: Running MCTS search for 50 iterations...
2025-11-11 14:14:33.587 | INFO     | src.agent.runner:run:168 - Step 1: Applying best tactic: simp [Subsingleton.elim x y]
2025-11-11 14:14:33.650 | SUCCESS  | src.agent.runner:run:193 - Proof finished in 1 steps and 7.81s.
2025-11-11 14:14:33.782 | INFO     | src.utilities.gym:close:77 - ‚úì Environment closed.
2025-11-11 14:14:33.782 | INFO     | src.utilities.gym:close:77 - ‚úì Environment closed.
2025-11-11 14:14:52.801 | INFO     | src.agent.runner:run:80 - Starting proof search for: subsingleton_of_forall_eq
2025-11-11 14:14:52.802 | INFO     | src.agent.runner:run:105 - Step 1: Running MCTS search for 50 iterations...
2025-11-11 14:15:00.222 | INFO     | src.agent.runner:run:168 - Step 1: Applying best tactic: rw [subsingleton_iff_singleton]
2025-11-11 14:15:00.303 | ERROR    | src.agent.runner:run:197 - Proof failed after 1 steps and 7.50s.
2025-11-11 14:15:00.304 | WARNING  | src.agent.runner:run:201 - Final state: LeanError(error="tactic 'rewrite' failed, equality or iff proof expected\n  ?m.3414\nŒ± : Sort u_1\nx : Œ±\nh : ‚àÄ (y : Œ±), y = x\n‚ä¢ Subsingleton Œ±")
2025-11-11 14:15:00.435 | INFO     | src.utilities.gym:close:77 - ‚úì Environment closed.
2025-11-11 14:15:00.435 | INFO     | src.utilities.gym:close:77 - ‚úì Environment closed.
2025-11-11 14:15:19.070 | INFO     | src.agent.runner:run:80 - Starting proof search for: subsingleton_iff_forall_eq
2025-11-11 14:15:19.071 | INFO     | src.agent.runner:run:105 - Step 1: Running MCTS search for 50 iterations...
2025-11-11 14:15:26.688 | INFO     | src.agent.runner:run:168 - Step 1: Applying best tactic: simp [Subsingleton]
2025-11-11 14:15:26.753 | ERROR    | src.agent.runner:run:197 - Proof failed after 1 steps and 7.68s.
2025-11-11 14:15:26.754 | WARNING  | src.agent.runner:run:201 - Final state: LeanError(error='simp made no progress')
2025-11-11 14:15:26.885 | INFO     | src.utilities.gym:close:77 - ‚úì Environment closed.
2025-11-11 14:15:26.885 | INFO     | src.utilities.gym:close:77 - ‚úì Environment closed.
2025-11-11 14:15:45.856 | INFO     | src.agent.runner:run:80 - Starting proof search for: congr_eqRec
2025-11-11 14:15:45.857 | INFO     | src.agent.runner:run:105 - Step 1: Running MCTS search for 50 iterations...
2025-11-11 14:15:53.636 | INFO     | src.agent.runner:run:168 - Step 1: Applying best tactic: subst x'
2025-11-11 14:15:53.714 | INFO     | src.agent.runner:run:105 - Step 2: Running MCTS search for 50 iterations...
2025-11-11 14:15:59.224 | INFO     | src.agent.runner:run:168 - Step 2: Applying best tactic: simp only [eq_iff_true_of_subsingleton, eq_self_iff_true, eq_self_iff_true]
2025-11-11 14:15:59.288 | SUCCESS  | src.agent.runner:run:193 - Proof finished in 2 steps and 13.43s.
2025-11-11 14:15:59.420 | INFO     | src.utilities.gym:close:77 - ‚úì Environment closed.
2025-11-11 14:15:59.420 | INFO     | src.utilities.gym:close:77 - ‚úì Environment closed.
Traceback (most recent call last):
  File "/home/gkoopman/.conda/envs/lean-reinforcement/lib/python3.10/site-packages/lean_dojo/interaction/dojo.py", line 502, in _read_next_line
    index = self.proc.expect(["\n", f"{_REPL_PROMPT}.*?\n"])
  File "/home/gkoopman/.conda/envs/lean-reinforcement/lib/python3.10/site-packages/pexpect/spawnbase.py", line 354, in expect
    return self.expect_list(compiled_pattern_list,
  File "/home/gkoopman/.conda/envs/lean-reinforcement/lib/python3.10/site-packages/pexpect/spawnbase.py", line 383, in expect_list
    return exp.expect_loop(timeout)
  File "/home/gkoopman/.conda/envs/lean-reinforcement/lib/python3.10/site-packages/pexpect/expect.py", line 179, in expect_loop
    return self.eof(e)
  File "/home/gkoopman/.conda/envs/lean-reinforcement/lib/python3.10/site-packages/pexpect/expect.py", line 122, in eof
    raise exc
pexpect.exceptions.EOF: End Of File (EOF). Exception style platform.
<pexpect.pty_spawn.spawn object at 0x151193f2ff40>
command: /home/gkoopman/.elan/bin/lake
args: [b'/home/gkoopman/.elan/bin/lake', b'env', b'lean', b'--threads=1', b'--memory=32768', b'.lake/packages/batteries/Batteries/Util/ProofWanteddil54qdj.lean']
buffer (last 100 chars): ''
before (last 100 chars): ''
after: <class 'pexpect.exceptions.EOF'>
match: None
match_index: None
exitstatus: 1
flag_eof: True
pid: 569743
child_fd: 77
closed: False
timeout: 600
delimiter: <class 'pexpect.exceptions.EOF'>
logfile: None
logfile_read: None
logfile_send: None
maxread: 1
ignorecase: False
searchwindowsize: None
delaybeforesend: 0.05
delayafterclose: 0.1
delayafterterminate: 0.1
searcher: searcher_re:
    0: re.compile('\n')
    1: re.compile('REPL>.*?\n')

During handling of the above exception, another exception occurred:

Traceback (most recent call last):
  File "/home/gkoopman/.conda/envs/lean-reinforcement/lib/python3.10/site-packages/lean_dojo/interaction/dojo.py", line 272, in __enter__
    res = json.loads(self._read_next_line()[0])
  File "/home/gkoopman/.conda/envs/lean-reinforcement/lib/python3.10/site-packages/lean_dojo/interaction/dojo.py", line 513, in _read_next_line
    raise EOFError
EOFError

During handling of the above exception, another exception occurred:

Traceback (most recent call last):
  File "/home/gkoopman/.conda/envs/lean-reinforcement/lib/python3.10/runpy.py", line 196, in _run_module_as_main
    return _run_code(code, main_globals, None,
  File "/home/gkoopman/.conda/envs/lean-reinforcement/lib/python3.10/runpy.py", line 86, in _run_code
    exec(code, run_globals)
  File "/gpfs/home1/gkoopman/lean_reinforcement/src/training/train.py", line 490, in <module>
    main(args)
  File "/gpfs/home1/gkoopman/lean_reinforcement/src/training/train.py", line 311, in main
    env = LeanDojoEnv(corpus, theorem, theorem_pos)
  File "/gpfs/home1/gkoopman/lean_reinforcement/src/utilities/gym.py", line 29, in __init__
    self.reset()
  File "/gpfs/home1/gkoopman/lean_reinforcement/src/utilities/gym.py", line 38, in reset
    self.dojo, self.initial_state = self.dojo.__enter__()
  File "/home/gkoopman/.conda/envs/lean-reinforcement/lib/python3.10/site-packages/lean_dojo/interaction/dojo.py", line 279, in __enter__
    raise DojoInitError("Unexpected EOF")
lean_dojo.interaction.dojo.DojoInitError: Unexpected EOF
Traceback (most recent call last):
  File "/home/gkoopman/.conda/envs/lean-reinforcement/lib/python3.10/site-packages/lean_dojo/interaction/dojo.py", line 502, in _read_next_line
    index = self.proc.expect(["\n", f"{_REPL_PROMPT}.*?\n"])
  File "/home/gkoopman/.conda/envs/lean-reinforcement/lib/python3.10/site-packages/pexpect/spawnbase.py", line 354, in expect
    return self.expect_list(compiled_pattern_list,
  File "/home/gkoopman/.conda/envs/lean-reinforcement/lib/python3.10/site-packages/pexpect/spawnbase.py", line 383, in expect_list
    return exp.expect_loop(timeout)
  File "/home/gkoopman/.conda/envs/lean-reinforcement/lib/python3.10/site-packages/pexpect/expect.py", line 179, in expect_loop
    return self.eof(e)
  File "/home/gkoopman/.conda/envs/lean-reinforcement/lib/python3.10/site-packages/pexpect/expect.py", line 122, in eof
    raise exc
pexpect.exceptions.EOF: End Of File (EOF). Exception style platform.
<pexpect.pty_spawn.spawn object at 0x151193f2ff40>
command: /home/gkoopman/.elan/bin/lake
args: [b'/home/gkoopman/.elan/bin/lake', b'env', b'lean', b'--threads=1', b'--memory=32768', b'.lake/packages/batteries/Batteries/Util/ProofWanteddil54qdj.lean']
buffer (last 100 chars): ''
before (last 100 chars): ''
after: <class 'pexpect.exceptions.EOF'>
match: None
match_index: None
exitstatus: 1
flag_eof: True
pid: 569743
child_fd: 77
closed: False
timeout: 600
delimiter: <class 'pexpect.exceptions.EOF'>
logfile: None
logfile_read: None
logfile_send: None
maxread: 1
ignorecase: False
searchwindowsize: None
delaybeforesend: 0.05
delayafterclose: 0.1
delayafterterminate: 0.1
searcher: searcher_re:
    0: re.compile('\n')
    1: re.compile('REPL>.*?\n')

During handling of the above exception, another exception occurred:

Traceback (most recent call last):
  File "/home/gkoopman/.conda/envs/lean-reinforcement/lib/python3.10/site-packages/lean_dojo/interaction/dojo.py", line 272, in __enter__
    res = json.loads(self._read_next_line()[0])
  File "/home/gkoopman/.conda/envs/lean-reinforcement/lib/python3.10/site-packages/lean_dojo/interaction/dojo.py", line 513, in _read_next_line
    raise EOFError
EOFError

During handling of the above exception, another exception occurred:

Traceback (most recent call last):
  File "/home/gkoopman/.conda/envs/lean-reinforcement/lib/python3.10/runpy.py", line 196, in _run_module_as_main
    return _run_code(code, main_globals, None,
  File "/home/gkoopman/.conda/envs/lean-reinforcement/lib/python3.10/runpy.py", line 86, in _run_code
    exec(code, run_globals)
  File "/gpfs/home1/gkoopman/lean_reinforcement/src/training/train.py", line 490, in <module>
    main(args)
  File "/gpfs/home1/gkoopman/lean_reinforcement/src/training/train.py", line 311, in main
    env = LeanDojoEnv(corpus, theorem, theorem_pos)
  File "/gpfs/home1/gkoopman/lean_reinforcement/src/utilities/gym.py", line 29, in __init__
    self.reset()
  File "/gpfs/home1/gkoopman/lean_reinforcement/src/utilities/gym.py", line 38, in reset
    self.dojo, self.initial_state = self.dojo.__enter__()
  File "/home/gkoopman/.conda/envs/lean-reinforcement/lib/python3.10/site-packages/lean_dojo/interaction/dojo.py", line 279, in __enter__
    raise DojoInitError("Unexpected EOF")
lean_dojo.interaction.dojo.DojoInitError: Unexpected EOF
[1;34mwandb[0m: 
[1;34mwandb[0m: üöÄ View run [33mmisunderstood-grass-7[0m at: [34mhttps://wandb.ai/gerbennkoopman-university-of-amsterdam/lean-reinforcement/runs/gklkow1h[0m
[1;34mwandb[0m: Find logs at: [1;35m../../../gpfs/home1/gkoopman/lean_reinforcement/wandb/run-20251111_134638-gklkow1h/logs[0m
srun: error: gcn8: task 0: Exited with exit code 1
srun: Terminating StepId=15913980.0
